{"/app/src/hooks/useIndexedDB.ts": {"path":"/app/src/hooks/useIndexedDB.ts","statementMap":{"0":{"start":{"line":9,"column":16},"end":{"line":9,"column":null}},"1":{"start":{"line":10,"column":19},"end":{"line":10,"column":null}},"2":{"start":{"line":11,"column":19},"end":{"line":11,"column":null}},"3":{"start":{"line":12,"column":31},"end":{"line":12,"column":null}},"4":{"start":{"line":18,"column":46},"end":{"line":18,"column":null}},"5":{"start":{"line":24,"column":48},"end":{"line":24,"column":null}},"6":{"start":{"line":30,"column":28},"end":{"line":40,"column":null}},"7":{"start":{"line":31,"column":4},"end":{"line":33,"column":null}},"8":{"start":{"line":32,"column":8},"end":{"line":32,"column":null}},"9":{"start":{"line":35,"column":4},"end":{"line":37,"column":null}},"10":{"start":{"line":36,"column":8},"end":{"line":36,"column":null}},"11":{"start":{"line":39,"column":4},"end":{"line":39,"column":null}},"12":{"start":{"line":46,"column":14},"end":{"line":64,"column":null}},"13":{"start":{"line":48,"column":4},"end":{"line":61,"column":null}},"14":{"start":{"line":50,"column":8},"end":{"line":60,"column":null}},"15":{"start":{"line":55,"column":16},"end":{"line":58,"column":null}},"16":{"start":{"line":57,"column":20},"end":{"line":57,"column":null}},"17":{"start":{"line":63,"column":4},"end":{"line":63,"column":null}},"18":{"start":{"line":74,"column":28},"end":{"line":207,"column":null}},"19":{"start":{"line":79,"column":26},"end":{"line":79,"column":null}},"20":{"start":{"line":80,"column":30},"end":{"line":80,"column":null}},"21":{"start":{"line":81,"column":26},"end":{"line":81,"column":null}},"22":{"start":{"line":84,"column":10},"end":{"line":84,"column":null}},"23":{"start":{"line":87,"column":10},"end":{"line":87,"column":null}},"24":{"start":{"line":88,"column":4},"end":{"line":88,"column":null}},"25":{"start":{"line":91,"column":10},"end":{"line":91,"column":null}},"26":{"start":{"line":96,"column":4},"end":{"line":123,"column":null}},"27":{"start":{"line":98,"column":26},"end":{"line":120,"column":null}},"28":{"start":{"line":100,"column":12},"end":{"line":119,"column":null}},"29":{"start":{"line":102,"column":27},"end":{"line":102,"column":null}},"30":{"start":{"line":103,"column":36},"end":{"line":103,"column":null}},"31":{"start":{"line":105,"column":16},"end":{"line":108,"column":null}},"32":{"start":{"line":107,"column":20},"end":{"line":107,"column":null}},"33":{"start":{"line":110,"column":16},"end":{"line":110,"column":null}},"34":{"start":{"line":111,"column":16},"end":{"line":111,"column":null}},"35":{"start":{"line":115,"column":16},"end":{"line":115,"column":null}},"36":{"start":{"line":116,"column":16},"end":{"line":116,"column":null}},"37":{"start":{"line":117,"column":16},"end":{"line":117,"column":null}},"38":{"start":{"line":118,"column":16},"end":{"line":118,"column":null}},"39":{"start":{"line":122,"column":8},"end":{"line":122,"column":null}},"40":{"start":{"line":128,"column":4},"end":{"line":151,"column":null}},"41":{"start":{"line":129,"column":24},"end":{"line":129,"column":null}},"42":{"start":{"line":130,"column":8},"end":{"line":130,"column":null}},"43":{"start":{"line":130,"column":22},"end":{"line":130,"column":null}},"44":{"start":{"line":132,"column":30},"end":{"line":144,"column":null}},"45":{"start":{"line":134,"column":12},"end":{"line":134,"column":null}},"46":{"start":{"line":134,"column":41},"end":{"line":134,"column":null}},"47":{"start":{"line":137,"column":12},"end":{"line":137,"column":null}},"48":{"start":{"line":138,"column":12},"end":{"line":138,"column":null}},"49":{"start":{"line":141,"column":12},"end":{"line":143,"column":null}},"50":{"start":{"line":142,"column":16},"end":{"line":142,"column":null}},"51":{"start":{"line":146,"column":8},"end":{"line":146,"column":null}},"52":{"start":{"line":148,"column":8},"end":{"line":150,"column":null}},"53":{"start":{"line":149,"column":12},"end":{"line":149,"column":null}},"54":{"start":{"line":156,"column":4},"end":{"line":187,"column":null}},"55":{"start":{"line":159,"column":8},"end":{"line":162,"column":null}},"56":{"start":{"line":161,"column":12},"end":{"line":161,"column":null}},"57":{"start":{"line":164,"column":26},"end":{"line":184,"column":null}},"58":{"start":{"line":166,"column":12},"end":{"line":183,"column":null}},"59":{"start":{"line":168,"column":27},"end":{"line":168,"column":null}},"60":{"start":{"line":169,"column":16},"end":{"line":169,"column":null}},"61":{"start":{"line":172,"column":16},"end":{"line":177,"column":null}},"62":{"start":{"line":173,"column":36},"end":{"line":173,"column":null}},"63":{"start":{"line":174,"column":20},"end":{"line":176,"column":null}},"64":{"start":{"line":175,"column":24},"end":{"line":175,"column":null}},"65":{"start":{"line":181,"column":16},"end":{"line":181,"column":null}},"66":{"start":{"line":182,"column":16},"end":{"line":182,"column":null}},"67":{"start":{"line":186,"column":8},"end":{"line":186,"column":null}},"68":{"start":{"line":193,"column":10},"end":{"line":204,"column":null}},"69":{"start":{"line":195,"column":8},"end":{"line":203,"column":null}},"70":{"start":{"line":198,"column":34},"end":{"line":200,"column":null}},"71":{"start":{"line":202,"column":12},"end":{"line":202,"column":null}},"72":{"start":{"line":206,"column":4},"end":{"line":206,"column":null}},"73":{"start":{"line":216,"column":35},"end":{"line":219,"column":null}},"74":{"start":{"line":218,"column":4},"end":{"line":218,"column":null}},"75":{"start":{"line":218,"column":32},"end":{"line":218,"column":45}},"76":{"start":{"line":224,"column":28},"end":{"line":230,"column":null}},"77":{"start":{"line":226,"column":15},"end":{"line":226,"column":null}},"78":{"start":{"line":227,"column":15},"end":{"line":227,"column":null}},"79":{"start":{"line":228,"column":4},"end":{"line":228,"column":null}},"80":{"start":{"line":229,"column":4},"end":{"line":229,"column":null}},"81":{"start":{"line":235,"column":26},"end":{"line":239,"column":null}},"82":{"start":{"line":237,"column":15},"end":{"line":237,"column":null}},"83":{"start":{"line":238,"column":4},"end":{"line":238,"column":null}}},"fnMap":{"0":{"name":"(anonymous_0)","decl":{"start":{"line":30,"column":28},"end":{"line":30,"column":59}},"loc":{"start":{"line":30,"column":59},"end":{"line":40,"column":null}},"line":30},"1":{"name":"(anonymous_1)","decl":{"start":{"line":46,"column":14},"end":{"line":46,"column":20}},"loc":{"start":{"line":46,"column":20},"end":{"line":64,"column":null}},"line":46},"2":{"name":"(anonymous_2)","decl":{"start":{"line":52,"column":12},"end":{"line":52,"column":20}},"loc":{"start":{"line":52,"column":24},"end":{"line":59,"column":null}},"line":52},"3":{"name":"(anonymous_3)","decl":{"start":{"line":74,"column":28},"end":{"line":74,"column":null}},"loc":{"start":{"line":77,"column":77},"end":{"line":207,"column":null}},"line":77},"4":{"name":"(anonymous_4)","decl":{"start":{"line":96,"column":14},"end":{"line":96,"column":20}},"loc":{"start":{"line":96,"column":20},"end":{"line":123,"column":7}},"line":96},"5":{"name":"(anonymous_5)","decl":{"start":{"line":98,"column":26},"end":{"line":98,"column":38}},"loc":{"start":{"line":98,"column":38},"end":{"line":120,"column":null}},"line":98},"6":{"name":"(anonymous_6)","decl":{"start":{"line":128,"column":14},"end":{"line":128,"column":20}},"loc":{"start":{"line":128,"column":20},"end":{"line":151,"column":7}},"line":128},"7":{"name":"(anonymous_7)","decl":{"start":{"line":132,"column":30},"end":{"line":132,"column":31}},"loc":{"start":{"line":132,"column":82},"end":{"line":144,"column":null}},"line":132},"8":{"name":"(anonymous_8)","decl":{"start":{"line":141,"column":35},"end":{"line":141,"column":41}},"loc":{"start":{"line":141,"column":41},"end":{"line":143,"column":13}},"line":141},"9":{"name":"(anonymous_9)","decl":{"start":{"line":148,"column":15},"end":{"line":148,"column":21}},"loc":{"start":{"line":148,"column":21},"end":{"line":150,"column":null}},"line":148},"10":{"name":"(anonymous_10)","decl":{"start":{"line":156,"column":14},"end":{"line":156,"column":20}},"loc":{"start":{"line":156,"column":20},"end":{"line":187,"column":7}},"line":156},"11":{"name":"(anonymous_11)","decl":{"start":{"line":164,"column":26},"end":{"line":164,"column":38}},"loc":{"start":{"line":164,"column":38},"end":{"line":184,"column":null}},"line":164},"12":{"name":"(anonymous_12)","decl":{"start":{"line":193,"column":39},"end":{"line":193,"column":40}},"loc":{"start":{"line":193,"column":72},"end":{"line":204,"column":7}},"line":193},"13":{"name":"(anonymous_13)","decl":{"start":{"line":195,"column":17},"end":{"line":195,"column":30}},"loc":{"start":{"line":195,"column":30},"end":{"line":203,"column":9}},"line":195},"14":{"name":"(anonymous_14)","decl":{"start":{"line":216,"column":35},"end":{"line":216,"column":36}},"loc":{"start":{"line":216,"column":85},"end":{"line":219,"column":null}},"line":216},"15":{"name":"(anonymous_15)","decl":{"start":{"line":218,"column":23},"end":{"line":218,"column":32}},"loc":{"start":{"line":218,"column":32},"end":{"line":218,"column":45}},"line":218},"16":{"name":"(anonymous_16)","decl":{"start":{"line":224,"column":28},"end":{"line":224,"column":55}},"loc":{"start":{"line":224,"column":55},"end":{"line":230,"column":null}},"line":224},"17":{"name":"(anonymous_17)","decl":{"start":{"line":235,"column":26},"end":{"line":235,"column":62}},"loc":{"start":{"line":235,"column":62},"end":{"line":239,"column":null}},"line":235}},"branchMap":{"0":{"loc":{"start":{"line":31,"column":4},"end":{"line":33,"column":null}},"type":"if","locations":[{"start":{"line":31,"column":4},"end":{"line":33,"column":null}},{"start":{},"end":{}}],"line":31},"1":{"loc":{"start":{"line":35,"column":4},"end":{"line":37,"column":null}},"type":"if","locations":[{"start":{"line":35,"column":4},"end":{"line":37,"column":null}},{"start":{},"end":{}}],"line":35},"2":{"loc":{"start":{"line":48,"column":4},"end":{"line":61,"column":null}},"type":"if","locations":[{"start":{"line":48,"column":4},"end":{"line":61,"column":null}},{"start":{},"end":{}}],"line":48},"3":{"loc":{"start":{"line":55,"column":16},"end":{"line":58,"column":null}},"type":"if","locations":[{"start":{"line":55,"column":16},"end":{"line":58,"column":null}},{"start":{},"end":{}}],"line":55},"4":{"loc":{"start":{"line":105,"column":16},"end":{"line":108,"column":null}},"type":"if","locations":[{"start":{"line":105,"column":16},"end":{"line":108,"column":null}},{"start":{},"end":{}}],"line":105},"5":{"loc":{"start":{"line":130,"column":8},"end":{"line":130,"column":null}},"type":"if","locations":[{"start":{"line":130,"column":8},"end":{"line":130,"column":null}},{"start":{},"end":{}}],"line":130},"6":{"loc":{"start":{"line":134,"column":12},"end":{"line":134,"column":null}},"type":"if","locations":[{"start":{"line":134,"column":12},"end":{"line":134,"column":null}},{"start":{},"end":{}}],"line":134},"7":{"loc":{"start":{"line":159,"column":8},"end":{"line":162,"column":null}},"type":"if","locations":[{"start":{"line":159,"column":8},"end":{"line":162,"column":null}},{"start":{},"end":{}}],"line":159},"8":{"loc":{"start":{"line":172,"column":16},"end":{"line":177,"column":null}},"type":"if","locations":[{"start":{"line":172,"column":16},"end":{"line":177,"column":null}},{"start":{},"end":{}}],"line":172},"9":{"loc":{"start":{"line":174,"column":20},"end":{"line":176,"column":null}},"type":"if","locations":[{"start":{"line":174,"column":20},"end":{"line":176,"column":null}},{"start":{},"end":{}}],"line":174},"10":{"loc":{"start":{"line":198,"column":34},"end":{"line":200,"column":null}},"type":"cond-expr","locations":[{"start":{"line":199,"column":19},"end":{"line":199,"column":null}},{"start":{"line":200,"column":18},"end":{"line":200,"column":null}}],"line":198}},"s":{"0":1,"1":1,"2":1,"3":1,"4":1,"5":1,"6":1,"7":13,"8":0,"9":13,"10":1,"11":13,"12":1,"13":16,"14":1,"15":1,"16":1,"17":16,"18":1,"19":25,"20":25,"21":25,"22":25,"23":25,"24":25,"25":25,"26":25,"27":6,"28":6,"29":6,"30":6,"31":6,"32":3,"33":6,"34":6,"35":0,"36":0,"37":0,"38":0,"39":6,"40":25,"41":6,"42":6,"43":0,"44":6,"45":9,"46":0,"47":9,"48":9,"49":9,"50":9,"51":6,"52":6,"53":6,"54":25,"55":14,"56":6,"57":8,"58":8,"59":8,"60":8,"61":7,"62":7,"63":7,"64":7,"65":1,"66":1,"67":8,"68":25,"69":3,"70":3,"71":3,"72":25,"73":1,"74":2,"75":2,"76":1,"77":1,"78":1,"79":1,"80":1,"81":1,"82":1,"83":1},"f":{"0":13,"1":16,"2":1,"3":25,"4":6,"5":6,"6":6,"7":9,"8":9,"9":6,"10":14,"11":8,"12":3,"13":3,"14":2,"15":2,"16":1,"17":1},"b":{"0":[0,13],"1":[1,12],"2":[1,15],"3":[1,0],"4":[3,3],"5":[0,6],"6":[0,9],"7":[6,8],"8":[7,0],"9":[7,0],"10":[1,2]},"meta":{"lastBranch":11,"lastFunction":18,"lastStatement":84,"seen":{"s:9:16:9:Infinity":0,"s:10:19:10:Infinity":1,"s:11:19:11:Infinity":2,"s:12:31:12:Infinity":3,"s:18:46:18:Infinity":4,"s:24:48:24:Infinity":5,"s:30:28:40:Infinity":6,"f:30:28:30:59":0,"b:31:4:33:Infinity:undefined:undefined:undefined:undefined":0,"s:31:4:33:Infinity":7,"s:32:8:32:Infinity":8,"b:35:4:37:Infinity:undefined:undefined:undefined:undefined":1,"s:35:4:37:Infinity":9,"s:36:8:36:Infinity":10,"s:39:4:39:Infinity":11,"s:46:14:64:Infinity":12,"f:46:14:46:20":1,"b:48:4:61:Infinity:undefined:undefined:undefined:undefined":2,"s:48:4:61:Infinity":13,"s:50:8:60:Infinity":14,"f:52:12:52:20":2,"b:55:16:58:Infinity:undefined:undefined:undefined:undefined":3,"s:55:16:58:Infinity":15,"s:57:20:57:Infinity":16,"s:63:4:63:Infinity":17,"s:74:28:207:Infinity":18,"f:74:28:74:Infinity":3,"s:79:26:79:Infinity":19,"s:80:30:80:Infinity":20,"s:81:26:81:Infinity":21,"s:84:10:84:Infinity":22,"s:87:10:87:Infinity":23,"s:88:4:88:Infinity":24,"s:91:10:91:Infinity":25,"s:96:4:123:Infinity":26,"f:96:14:96:20":4,"s:98:26:120:Infinity":27,"f:98:26:98:38":5,"s:100:12:119:Infinity":28,"s:102:27:102:Infinity":29,"s:103:36:103:Infinity":30,"b:105:16:108:Infinity:undefined:undefined:undefined:undefined":4,"s:105:16:108:Infinity":31,"s:107:20:107:Infinity":32,"s:110:16:110:Infinity":33,"s:111:16:111:Infinity":34,"s:115:16:115:Infinity":35,"s:116:16:116:Infinity":36,"s:117:16:117:Infinity":37,"s:118:16:118:Infinity":38,"s:122:8:122:Infinity":39,"s:128:4:151:Infinity":40,"f:128:14:128:20":6,"s:129:24:129:Infinity":41,"b:130:8:130:Infinity:undefined:undefined:undefined:undefined":5,"s:130:8:130:Infinity":42,"s:130:22:130:Infinity":43,"s:132:30:144:Infinity":44,"f:132:30:132:31":7,"b:134:12:134:Infinity:undefined:undefined:undefined:undefined":6,"s:134:12:134:Infinity":45,"s:134:41:134:Infinity":46,"s:137:12:137:Infinity":47,"s:138:12:138:Infinity":48,"s:141:12:143:Infinity":49,"f:141:35:141:41":8,"s:142:16:142:Infinity":50,"s:146:8:146:Infinity":51,"s:148:8:150:Infinity":52,"f:148:15:148:21":9,"s:149:12:149:Infinity":53,"s:156:4:187:Infinity":54,"f:156:14:156:20":10,"b:159:8:162:Infinity:undefined:undefined:undefined:undefined":7,"s:159:8:162:Infinity":55,"s:161:12:161:Infinity":56,"s:164:26:184:Infinity":57,"f:164:26:164:38":11,"s:166:12:183:Infinity":58,"s:168:27:168:Infinity":59,"s:169:16:169:Infinity":60,"b:172:16:177:Infinity:undefined:undefined:undefined:undefined":8,"s:172:16:177:Infinity":61,"s:173:36:173:Infinity":62,"b:174:20:176:Infinity:undefined:undefined:undefined:undefined":9,"s:174:20:176:Infinity":63,"s:175:24:175:Infinity":64,"s:181:16:181:Infinity":65,"s:182:16:182:Infinity":66,"s:186:8:186:Infinity":67,"s:193:10:204:Infinity":68,"f:193:39:193:40":12,"s:195:8:203:Infinity":69,"f:195:17:195:30":13,"s:198:34:200:Infinity":70,"b:199:19:199:Infinity:200:18:200:Infinity":10,"s:202:12:202:Infinity":71,"s:206:4:206:Infinity":72,"s:216:35:219:Infinity":73,"f:216:35:216:36":14,"s:218:4:218:Infinity":74,"f:218:23:218:32":15,"s:218:32:218:45":75,"s:224:28:230:Infinity":76,"f:224:28:224:55":16,"s:226:15:226:Infinity":77,"s:227:15:227:Infinity":78,"s:228:4:228:Infinity":79,"s:229:4:229:Infinity":80,"s:235:26:239:Infinity":81,"f:235:26:235:62":17,"s:237:15:237:Infinity":82,"s:238:4:238:Infinity":83}}}
,"/app/src/hooks/useToast.ts": {"path":"/app/src/hooks/useToast.ts","statementMap":{"0":{"start":{"line":7,"column":24},"end":{"line":13,"column":null}},"1":{"start":{"line":8,"column":10},"end":{"line":8,"column":null}},"2":{"start":{"line":9,"column":4},"end":{"line":11,"column":null}},"3":{"start":{"line":10,"column":8},"end":{"line":10,"column":null}},"4":{"start":{"line":12,"column":4},"end":{"line":12,"column":null}}},"fnMap":{"0":{"name":"(anonymous_0)","decl":{"start":{"line":7,"column":24},"end":{"line":7,"column":30}},"loc":{"start":{"line":7,"column":30},"end":{"line":13,"column":null}},"line":7}},"branchMap":{"0":{"loc":{"start":{"line":9,"column":4},"end":{"line":11,"column":null}},"type":"if","locations":[{"start":{"line":9,"column":4},"end":{"line":11,"column":null}},{"start":{},"end":{}}],"line":9}},"s":{"0":6,"1":36,"2":36,"3":2,"4":34},"f":{"0":36},"b":{"0":[2,34]},"meta":{"lastBranch":1,"lastFunction":1,"lastStatement":5,"seen":{"s:7:24:13:Infinity":0,"f:7:24:7:30":0,"s:8:10:8:Infinity":1,"b:9:4:11:Infinity:undefined:undefined:undefined:undefined":0,"s:9:4:11:Infinity":2,"s:10:8:10:Infinity":3,"s:12:4:12:Infinity":4}}}
,"/app/src/hooks/useUrlState.ts": {"path":"/app/src/hooks/useUrlState.ts","statementMap":{"0":{"start":{"line":30,"column":21},"end":{"line":30,"column":null}},"1":{"start":{"line":31,"column":19},"end":{"line":31,"column":null}},"2":{"start":{"line":34,"column":22},"end":{"line":34,"column":null}},"3":{"start":{"line":36,"column":25},"end":{"line":36,"column":null}},"4":{"start":{"line":37,"column":35},"end":{"line":37,"column":null}},"5":{"start":{"line":38,"column":34},"end":{"line":38,"column":null}},"6":{"start":{"line":40,"column":4},"end":{"line":67,"column":null}},"7":{"start":{"line":41,"column":8},"end":{"line":41,"column":null}},"8":{"start":{"line":43,"column":26},"end":{"line":43,"column":null}},"9":{"start":{"line":45,"column":8},"end":{"line":66,"column":null}},"10":{"start":{"line":47,"column":16},"end":{"line":47,"column":null}},"11":{"start":{"line":48,"column":16},"end":{"line":50,"column":null}},"12":{"start":{"line":49,"column":20},"end":{"line":49,"column":null}},"13":{"start":{"line":51,"column":16},"end":{"line":51,"column":null}},"14":{"start":{"line":53,"column":16},"end":{"line":53,"column":null}},"15":{"start":{"line":54,"column":16},"end":{"line":56,"column":null}},"16":{"start":{"line":55,"column":20},"end":{"line":55,"column":null}},"17":{"start":{"line":57,"column":16},"end":{"line":57,"column":null}},"18":{"start":{"line":59,"column":16},"end":{"line":59,"column":null}},"19":{"start":{"line":60,"column":16},"end":{"line":60,"column":null}},"20":{"start":{"line":62,"column":16},"end":{"line":62,"column":null}},"21":{"start":{"line":63,"column":16},"end":{"line":63,"column":null}},"22":{"start":{"line":65,"column":16},"end":{"line":65,"column":null}},"23":{"start":{"line":69,"column":4},"end":{"line":77,"column":null}},"24":{"start":{"line":78,"column":0},"end":{"line":98,"column":null}},"25":{"start":{"line":82,"column":4},"end":{"line":82,"column":null}},"26":{"start":{"line":82,"column":39},"end":{"line":82,"column":null}},"27":{"start":{"line":83,"column":26},"end":{"line":83,"column":null}},"28":{"start":{"line":84,"column":29},"end":{"line":84,"column":null}},"29":{"start":{"line":85,"column":4},"end":{"line":89,"column":null}},"30":{"start":{"line":86,"column":20},"end":{"line":86,"column":null}},"31":{"start":{"line":87,"column":8},"end":{"line":87,"column":null}},"32":{"start":{"line":88,"column":8},"end":{"line":88,"column":null}},"33":{"start":{"line":90,"column":4},"end":{"line":94,"column":null}},"34":{"start":{"line":91,"column":20},"end":{"line":91,"column":null}},"35":{"start":{"line":92,"column":8},"end":{"line":92,"column":null}},"36":{"start":{"line":93,"column":8},"end":{"line":93,"column":null}},"37":{"start":{"line":95,"column":4},"end":{"line":97,"column":null}},"38":{"start":{"line":96,"column":8},"end":{"line":96,"column":null}},"39":{"start":{"line":100,"column":27},"end":{"line":266,"column":null}},"40":{"start":{"line":101,"column":34},"end":{"line":101,"column":null}},"41":{"start":{"line":104,"column":4},"end":{"line":108,"column":null}},"42":{"start":{"line":105,"column":24},"end":{"line":105,"column":null}},"43":{"start":{"line":105,"column":30},"end":{"line":105,"column":null}},"44":{"start":{"line":106,"column":8},"end":{"line":106,"column":null}},"45":{"start":{"line":107,"column":8},"end":{"line":107,"column":null}},"46":{"start":{"line":107,"column":21},"end":{"line":107,"column":null}},"47":{"start":{"line":113,"column":10},"end":{"line":124,"column":null}},"48":{"start":{"line":114,"column":29},"end":{"line":114,"column":null}},"49":{"start":{"line":116,"column":8},"end":{"line":120,"column":null}},"50":{"start":{"line":117,"column":12},"end":{"line":119,"column":null}},"51":{"start":{"line":118,"column":16},"end":{"line":118,"column":null}},"52":{"start":{"line":122,"column":28},"end":{"line":122,"column":null}},"53":{"start":{"line":123,"column":8},"end":{"line":123,"column":null}},"54":{"start":{"line":130,"column":10},"end":{"line":193,"column":null}},"55":{"start":{"line":132,"column":29},"end":{"line":132,"column":null}},"56":{"start":{"line":136,"column":29},"end":{"line":145,"column":null}},"57":{"start":{"line":148,"column":19},"end":{"line":148,"column":null}},"58":{"start":{"line":149,"column":52},"end":{"line":149,"column":null}},"59":{"start":{"line":151,"column":21},"end":{"line":151,"column":null}},"60":{"start":{"line":153,"column":8},"end":{"line":176,"column":null}},"61":{"start":{"line":155,"column":16},"end":{"line":159,"column":null}},"62":{"start":{"line":156,"column":20},"end":{"line":156,"column":null}},"63":{"start":{"line":158,"column":20},"end":{"line":158,"column":null}},"64":{"start":{"line":160,"column":16},"end":{"line":160,"column":null}},"65":{"start":{"line":162,"column":16},"end":{"line":166,"column":null}},"66":{"start":{"line":163,"column":20},"end":{"line":163,"column":null}},"67":{"start":{"line":165,"column":20},"end":{"line":165,"column":null}},"68":{"start":{"line":167,"column":16},"end":{"line":167,"column":null}},"69":{"start":{"line":169,"column":16},"end":{"line":169,"column":null}},"70":{"start":{"line":170,"column":16},"end":{"line":170,"column":null}},"71":{"start":{"line":172,"column":16},"end":{"line":172,"column":null}},"72":{"start":{"line":173,"column":16},"end":{"line":173,"column":null}},"73":{"start":{"line":175,"column":16},"end":{"line":175,"column":null}},"74":{"start":{"line":180,"column":8},"end":{"line":180,"column":null}},"75":{"start":{"line":180,"column":34},"end":{"line":180,"column":null}},"76":{"start":{"line":181,"column":8},"end":{"line":181,"column":null}},"77":{"start":{"line":181,"column":33},"end":{"line":181,"column":null}},"78":{"start":{"line":182,"column":8},"end":{"line":182,"column":null}},"79":{"start":{"line":182,"column":30},"end":{"line":182,"column":null}},"80":{"start":{"line":183,"column":8},"end":{"line":183,"column":null}},"81":{"start":{"line":183,"column":46},"end":{"line":183,"column":null}},"82":{"start":{"line":185,"column":23},"end":{"line":185,"column":null}},"83":{"start":{"line":188,"column":8},"end":{"line":188,"column":null}},"84":{"start":{"line":191,"column":25},"end":{"line":191,"column":null}},"85":{"start":{"line":192,"column":8},"end":{"line":192,"column":null}},"86":{"start":{"line":199,"column":10},"end":{"line":201,"column":null}},"87":{"start":{"line":200,"column":8},"end":{"line":200,"column":null}},"88":{"start":{"line":206,"column":10},"end":{"line":208,"column":null}},"89":{"start":{"line":207,"column":8},"end":{"line":207,"column":null}},"90":{"start":{"line":213,"column":10},"end":{"line":225,"column":null}},"91":{"start":{"line":215,"column":45},"end":{"line":215,"column":null}},"92":{"start":{"line":217,"column":8},"end":{"line":219,"column":null}},"93":{"start":{"line":218,"column":12},"end":{"line":218,"column":null}},"94":{"start":{"line":221,"column":8},"end":{"line":223,"column":null}},"95":{"start":{"line":222,"column":12},"end":{"line":222,"column":null}},"96":{"start":{"line":224,"column":8},"end":{"line":224,"column":null}},"97":{"start":{"line":230,"column":10},"end":{"line":232,"column":null}},"98":{"start":{"line":231,"column":8},"end":{"line":231,"column":null}},"99":{"start":{"line":237,"column":10},"end":{"line":239,"column":null}},"100":{"start":{"line":238,"column":8},"end":{"line":238,"column":null}},"101":{"start":{"line":244,"column":10},"end":{"line":246,"column":null}},"102":{"start":{"line":245,"column":8},"end":{"line":245,"column":null}},"103":{"start":{"line":251,"column":10},"end":{"line":253,"column":null}},"104":{"start":{"line":252,"column":8},"end":{"line":252,"column":null}},"105":{"start":{"line":255,"column":4},"end":{"line":265,"column":null}}},"fnMap":{"0":{"name":"getParamsFromUrl","decl":{"start":{"line":29,"column":9},"end":{"line":29,"column":39}},"loc":{"start":{"line":29,"column":39},"end":{"line":78,"column":null}},"line":29},"1":{"name":"(anonymous_1)","decl":{"start":{"line":81,"column":1},"end":{"line":81,"column":13}},"loc":{"start":{"line":81,"column":13},"end":{"line":98,"column":3}},"line":81},"2":{"name":"(anonymous_2)","decl":{"start":{"line":85,"column":31},"end":{"line":85,"column":44}},"loc":{"start":{"line":85,"column":50},"end":{"line":89,"column":null}},"line":85},"3":{"name":"(anonymous_3)","decl":{"start":{"line":90,"column":34},"end":{"line":90,"column":47}},"loc":{"start":{"line":90,"column":53},"end":{"line":94,"column":null}},"line":90},"4":{"name":"(anonymous_4)","decl":{"start":{"line":95,"column":40},"end":{"line":95,"column":46}},"loc":{"start":{"line":95,"column":46},"end":{"line":97,"column":5}},"line":95},"5":{"name":"(anonymous_5)","decl":{"start":{"line":100,"column":27},"end":{"line":100,"column":33}},"loc":{"start":{"line":100,"column":33},"end":{"line":266,"column":null}},"line":100},"6":{"name":"(anonymous_6)","decl":{"start":{"line":104,"column":14},"end":{"line":104,"column":20}},"loc":{"start":{"line":104,"column":20},"end":{"line":108,"column":7}},"line":104},"7":{"name":"(anonymous_7)","decl":{"start":{"line":105,"column":24},"end":{"line":105,"column":30}},"loc":{"start":{"line":105,"column":30},"end":{"line":105,"column":null}},"line":105},"8":{"name":"(anonymous_8)","decl":{"start":{"line":107,"column":15},"end":{"line":107,"column":21}},"loc":{"start":{"line":107,"column":21},"end":{"line":107,"column":null}},"line":107},"9":{"name":"(anonymous_9)","decl":{"start":{"line":113,"column":33},"end":{"line":113,"column":34}},"loc":{"start":{"line":113,"column":112},"end":{"line":124,"column":7}},"line":113},"10":{"name":"(anonymous_10)","decl":{"start":{"line":116,"column":44},"end":{"line":116,"column":45}},"loc":{"start":{"line":116,"column":62},"end":{"line":120,"column":9}},"line":116},"11":{"name":"(anonymous_11)","decl":{"start":{"line":130,"column":34},"end":{"line":130,"column":35}},"loc":{"start":{"line":130,"column":66},"end":{"line":193,"column":7}},"line":130},"12":{"name":"(anonymous_12)","decl":{"start":{"line":199,"column":43},"end":{"line":199,"column":44}},"loc":{"start":{"line":199,"column":77},"end":{"line":201,"column":7}},"line":199},"13":{"name":"(anonymous_13)","decl":{"start":{"line":206,"column":42},"end":{"line":206,"column":43}},"loc":{"start":{"line":206,"column":65},"end":{"line":208,"column":7}},"line":206},"14":{"name":"(anonymous_14)","decl":{"start":{"line":213,"column":43},"end":{"line":213,"column":44}},"loc":{"start":{"line":213,"column":77},"end":{"line":225,"column":7}},"line":213},"15":{"name":"(anonymous_15)","decl":{"start":{"line":230,"column":42},"end":{"line":230,"column":43}},"loc":{"start":{"line":230,"column":76},"end":{"line":232,"column":7}},"line":230},"16":{"name":"(anonymous_16)","decl":{"start":{"line":237,"column":44},"end":{"line":237,"column":45}},"loc":{"start":{"line":237,"column":78},"end":{"line":239,"column":7}},"line":237},"17":{"name":"(anonymous_17)","decl":{"start":{"line":244,"column":42},"end":{"line":244,"column":43}},"loc":{"start":{"line":244,"column":76},"end":{"line":246,"column":7}},"line":244},"18":{"name":"(anonymous_18)","decl":{"start":{"line":251,"column":41},"end":{"line":251,"column":42}},"loc":{"start":{"line":251,"column":63},"end":{"line":253,"column":7}},"line":251}},"branchMap":{"0":{"loc":{"start":{"line":40,"column":4},"end":{"line":67,"column":null}},"type":"if","locations":[{"start":{"line":40,"column":4},"end":{"line":67,"column":null}},{"start":{"line":42,"column":11},"end":{"line":67,"column":null}}],"line":40},"1":{"loc":{"start":{"line":40,"column":8},"end":{"line":40,"column":52}},"type":"binary-expr","locations":[{"start":{"line":40,"column":8},"end":{"line":40,"column":34}},{"start":{"line":40,"column":34},"end":{"line":40,"column":52}}],"line":40},"2":{"loc":{"start":{"line":45,"column":8},"end":{"line":66,"column":null}},"type":"switch","locations":[{"start":{"line":46,"column":12},"end":{"line":51,"column":null}},{"start":{"line":52,"column":12},"end":{"line":57,"column":null}},{"start":{"line":58,"column":12},"end":{"line":60,"column":null}},{"start":{"line":61,"column":12},"end":{"line":63,"column":null}},{"start":{"line":64,"column":12},"end":{"line":65,"column":null}}],"line":45},"3":{"loc":{"start":{"line":48,"column":16},"end":{"line":50,"column":null}},"type":"if","locations":[{"start":{"line":48,"column":16},"end":{"line":50,"column":null}},{"start":{},"end":{}}],"line":48},"4":{"loc":{"start":{"line":54,"column":16},"end":{"line":56,"column":null}},"type":"if","locations":[{"start":{"line":54,"column":16},"end":{"line":56,"column":null}},{"start":{},"end":{}}],"line":54},"5":{"loc":{"start":{"line":73,"column":17},"end":{"line":73,"column":null}},"type":"binary-expr","locations":[{"start":{"line":73,"column":17},"end":{"line":73,"column":42}},{"start":{"line":73,"column":42},"end":{"line":73,"column":null}}],"line":73},"6":{"loc":{"start":{"line":74,"column":16},"end":{"line":74,"column":null}},"type":"binary-expr","locations":[{"start":{"line":74,"column":16},"end":{"line":74,"column":40}},{"start":{"line":74,"column":40},"end":{"line":74,"column":null}}],"line":74},"7":{"loc":{"start":{"line":75,"column":13},"end":{"line":75,"column":null}},"type":"binary-expr","locations":[{"start":{"line":75,"column":13},"end":{"line":75,"column":34}},{"start":{"line":75,"column":34},"end":{"line":75,"column":null}}],"line":75},"8":{"loc":{"start":{"line":76,"column":29},"end":{"line":76,"column":null}},"type":"binary-expr","locations":[{"start":{"line":76,"column":29},"end":{"line":76,"column":66}},{"start":{"line":76,"column":66},"end":{"line":76,"column":null}}],"line":76},"9":{"loc":{"start":{"line":82,"column":4},"end":{"line":82,"column":null}},"type":"if","locations":[{"start":{"line":82,"column":4},"end":{"line":82,"column":null}},{"start":{},"end":{}}],"line":82},"10":{"loc":{"start":{"line":113,"column":48},"end":{"line":113,"column":112}},"type":"default-arg","locations":[{"start":{"line":113,"column":105},"end":{"line":113,"column":112}}],"line":113},"11":{"loc":{"start":{"line":117,"column":12},"end":{"line":119,"column":null}},"type":"if","locations":[{"start":{"line":117,"column":12},"end":{"line":119,"column":null}},{"start":{},"end":{}}],"line":117},"12":{"loc":{"start":{"line":117,"column":16},"end":{"line":117,"column":71}},"type":"binary-expr","locations":[{"start":{"line":117,"column":16},"end":{"line":117,"column":34}},{"start":{"line":117,"column":34},"end":{"line":117,"column":57}},{"start":{"line":117,"column":57},"end":{"line":117,"column":71}}],"line":117},"13":{"loc":{"start":{"line":123,"column":15},"end":{"line":123,"column":null}},"type":"cond-expr","locations":[{"start":{"line":123,"column":29},"end":{"line":123,"column":56}},{"start":{"line":123,"column":56},"end":{"line":123,"column":null}}],"line":123},"14":{"loc":{"start":{"line":151,"column":21},"end":{"line":151,"column":null}},"type":"binary-expr","locations":[{"start":{"line":151,"column":21},"end":{"line":151,"column":42}},{"start":{"line":151,"column":42},"end":{"line":151,"column":null}}],"line":151},"15":{"loc":{"start":{"line":153,"column":8},"end":{"line":176,"column":null}},"type":"switch","locations":[{"start":{"line":154,"column":12},"end":{"line":160,"column":null}},{"start":{"line":161,"column":12},"end":{"line":167,"column":null}},{"start":{"line":168,"column":12},"end":{"line":170,"column":null}},{"start":{"line":171,"column":12},"end":{"line":173,"column":null}},{"start":{"line":174,"column":12},"end":{"line":175,"column":null}}],"line":153},"16":{"loc":{"start":{"line":155,"column":16},"end":{"line":159,"column":null}},"type":"if","locations":[{"start":{"line":155,"column":16},"end":{"line":159,"column":null}},{"start":{"line":157,"column":23},"end":{"line":159,"column":null}}],"line":155},"17":{"loc":{"start":{"line":162,"column":16},"end":{"line":166,"column":null}},"type":"if","locations":[{"start":{"line":162,"column":16},"end":{"line":166,"column":null}},{"start":{"line":164,"column":23},"end":{"line":166,"column":null}}],"line":162},"18":{"loc":{"start":{"line":180,"column":8},"end":{"line":180,"column":null}},"type":"if","locations":[{"start":{"line":180,"column":8},"end":{"line":180,"column":null}},{"start":{},"end":{}}],"line":180},"19":{"loc":{"start":{"line":181,"column":8},"end":{"line":181,"column":null}},"type":"if","locations":[{"start":{"line":181,"column":8},"end":{"line":181,"column":null}},{"start":{},"end":{}}],"line":181},"20":{"loc":{"start":{"line":182,"column":8},"end":{"line":182,"column":null}},"type":"if","locations":[{"start":{"line":182,"column":8},"end":{"line":182,"column":null}},{"start":{},"end":{}}],"line":182},"21":{"loc":{"start":{"line":183,"column":8},"end":{"line":183,"column":null}},"type":"if","locations":[{"start":{"line":183,"column":8},"end":{"line":183,"column":null}},{"start":{},"end":{}}],"line":183},"22":{"loc":{"start":{"line":199,"column":44},"end":{"line":199,"column":77}},"type":"default-arg","locations":[{"start":{"line":199,"column":70},"end":{"line":199,"column":77}}],"line":199},"23":{"loc":{"start":{"line":213,"column":44},"end":{"line":213,"column":77}},"type":"default-arg","locations":[{"start":{"line":213,"column":70},"end":{"line":213,"column":77}}],"line":213},"24":{"loc":{"start":{"line":217,"column":8},"end":{"line":219,"column":null}},"type":"if","locations":[{"start":{"line":217,"column":8},"end":{"line":219,"column":null}},{"start":{},"end":{}}],"line":217},"25":{"loc":{"start":{"line":221,"column":8},"end":{"line":223,"column":null}},"type":"if","locations":[{"start":{"line":221,"column":8},"end":{"line":223,"column":null}},{"start":{},"end":{}}],"line":221},"26":{"loc":{"start":{"line":230,"column":43},"end":{"line":230,"column":76}},"type":"default-arg","locations":[{"start":{"line":230,"column":69},"end":{"line":230,"column":76}}],"line":230},"27":{"loc":{"start":{"line":237,"column":45},"end":{"line":237,"column":78}},"type":"default-arg","locations":[{"start":{"line":237,"column":71},"end":{"line":237,"column":78}}],"line":237},"28":{"loc":{"start":{"line":244,"column":43},"end":{"line":244,"column":76}},"type":"default-arg","locations":[{"start":{"line":244,"column":69},"end":{"line":244,"column":76}}],"line":244}},"s":{"0":20,"1":20,"2":20,"3":20,"4":20,"5":20,"6":20,"7":9,"8":11,"9":11,"10":2,"11":2,"12":1,"13":2,"14":3,"15":3,"16":1,"17":3,"18":4,"19":4,"20":2,"21":2,"22":0,"23":20,"24":1,"25":1,"26":0,"27":1,"28":1,"29":1,"30":15,"31":15,"32":15,"33":1,"34":0,"35":0,"36":0,"37":1,"38":0,"39":1,"40":12,"41":12,"42":8,"43":4,"44":8,"45":8,"46":8,"47":12,"48":4,"49":4,"50":4,"51":4,"52":4,"53":4,"54":12,"55":4,"56":4,"57":4,"58":4,"59":4,"60":4,"61":0,"62":0,"63":0,"64":0,"65":1,"66":0,"67":1,"68":1,"69":2,"70":2,"71":1,"72":1,"73":0,"74":4,"75":3,"76":4,"77":0,"78":4,"79":1,"80":4,"81":0,"82":4,"83":4,"84":4,"85":4,"86":12,"87":0,"88":12,"89":0,"90":12,"91":1,"92":1,"93":1,"94":1,"95":1,"96":1,"97":12,"98":1,"99":12,"100":0,"101":12,"102":0,"103":12,"104":0,"105":12},"f":{"0":20,"1":1,"2":15,"3":0,"4":0,"5":12,"6":8,"7":4,"8":8,"9":4,"10":4,"11":4,"12":0,"13":0,"14":1,"15":1,"16":0,"17":0,"18":0},"b":{"0":[9,11],"1":[20,11],"2":[2,3,4,2,0],"3":[1,1],"4":[1,2],"5":[20,14],"6":[20,20],"7":[20,18],"8":[20,20],"9":[0,1],"10":[4],"11":[4,0],"12":[4,4,4],"13":[3,1],"14":[4,0],"15":[0,1,2,1,0],"16":[0,0],"17":[0,1],"18":[3,1],"19":[0,4],"20":[1,3],"21":[0,4],"22":[0],"23":[1],"24":[1,0],"25":[1,0],"26":[1],"27":[0],"28":[0]},"meta":{"lastBranch":29,"lastFunction":19,"lastStatement":106,"seen":{"f:29:9:29:39":0,"s:30:21:30:Infinity":0,"s:31:19:31:Infinity":1,"s:34:22:34:Infinity":2,"s:36:25:36:Infinity":3,"s:37:35:37:Infinity":4,"s:38:34:38:Infinity":5,"b:40:4:67:Infinity:42:11:67:Infinity":0,"s:40:4:67:Infinity":6,"b:40:8:40:34:40:34:40:52":1,"s:41:8:41:Infinity":7,"s:43:26:43:Infinity":8,"b:46:12:51:Infinity:52:12:57:Infinity:58:12:60:Infinity:61:12:63:Infinity:64:12:65:Infinity":2,"s:45:8:66:Infinity":9,"s:47:16:47:Infinity":10,"b:48:16:50:Infinity:undefined:undefined:undefined:undefined":3,"s:48:16:50:Infinity":11,"s:49:20:49:Infinity":12,"s:51:16:51:Infinity":13,"s:53:16:53:Infinity":14,"b:54:16:56:Infinity:undefined:undefined:undefined:undefined":4,"s:54:16:56:Infinity":15,"s:55:20:55:Infinity":16,"s:57:16:57:Infinity":17,"s:59:16:59:Infinity":18,"s:60:16:60:Infinity":19,"s:62:16:62:Infinity":20,"s:63:16:63:Infinity":21,"s:65:16:65:Infinity":22,"s:69:4:77:Infinity":23,"b:73:17:73:42:73:42:73:Infinity":5,"b:74:16:74:40:74:40:74:Infinity":6,"b:75:13:75:34:75:34:75:Infinity":7,"b:76:29:76:66:76:66:76:Infinity":8,"s:78:0:98:Infinity":24,"f:81:1:81:13":1,"b:82:4:82:Infinity:undefined:undefined:undefined:undefined":9,"s:82:4:82:Infinity":25,"s:82:39:82:Infinity":26,"s:83:26:83:Infinity":27,"s:84:29:84:Infinity":28,"s:85:4:89:Infinity":29,"f:85:31:85:44":2,"s:86:20:86:Infinity":30,"s:87:8:87:Infinity":31,"s:88:8:88:Infinity":32,"s:90:4:94:Infinity":33,"f:90:34:90:47":3,"s:91:20:91:Infinity":34,"s:92:8:92:Infinity":35,"s:93:8:93:Infinity":36,"s:95:4:97:Infinity":37,"f:95:40:95:46":4,"s:96:8:96:Infinity":38,"s:100:27:266:Infinity":39,"f:100:27:100:33":5,"s:101:34:101:Infinity":40,"s:104:4:108:Infinity":41,"f:104:14:104:20":6,"s:105:24:105:Infinity":42,"f:105:24:105:30":7,"s:105:30:105:Infinity":43,"s:106:8:106:Infinity":44,"s:107:8:107:Infinity":45,"f:107:15:107:21":8,"s:107:21:107:Infinity":46,"s:113:10:124:Infinity":47,"f:113:33:113:34":9,"b:113:105:113:112":10,"s:114:29:114:Infinity":48,"s:116:8:120:Infinity":49,"f:116:44:116:45":10,"b:117:12:119:Infinity:undefined:undefined:undefined:undefined":11,"s:117:12:119:Infinity":50,"b:117:16:117:34:117:34:117:57:117:57:117:71":12,"s:118:16:118:Infinity":51,"s:122:28:122:Infinity":52,"s:123:8:123:Infinity":53,"b:123:29:123:56:123:56:123:Infinity":13,"s:130:10:193:Infinity":54,"f:130:34:130:35":11,"s:132:29:132:Infinity":55,"s:136:29:145:Infinity":56,"s:148:19:148:Infinity":57,"s:149:52:149:Infinity":58,"s:151:21:151:Infinity":59,"b:151:21:151:42:151:42:151:Infinity":14,"b:154:12:160:Infinity:161:12:167:Infinity:168:12:170:Infinity:171:12:173:Infinity:174:12:175:Infinity":15,"s:153:8:176:Infinity":60,"b:155:16:159:Infinity:157:23:159:Infinity":16,"s:155:16:159:Infinity":61,"s:156:20:156:Infinity":62,"s:158:20:158:Infinity":63,"s:160:16:160:Infinity":64,"b:162:16:166:Infinity:164:23:166:Infinity":17,"s:162:16:166:Infinity":65,"s:163:20:163:Infinity":66,"s:165:20:165:Infinity":67,"s:167:16:167:Infinity":68,"s:169:16:169:Infinity":69,"s:170:16:170:Infinity":70,"s:172:16:172:Infinity":71,"s:173:16:173:Infinity":72,"s:175:16:175:Infinity":73,"b:180:8:180:Infinity:undefined:undefined:undefined:undefined":18,"s:180:8:180:Infinity":74,"s:180:34:180:Infinity":75,"b:181:8:181:Infinity:undefined:undefined:undefined:undefined":19,"s:181:8:181:Infinity":76,"s:181:33:181:Infinity":77,"b:182:8:182:Infinity:undefined:undefined:undefined:undefined":20,"s:182:8:182:Infinity":78,"s:182:30:182:Infinity":79,"b:183:8:183:Infinity:undefined:undefined:undefined:undefined":21,"s:183:8:183:Infinity":80,"s:183:46:183:Infinity":81,"s:185:23:185:Infinity":82,"s:188:8:188:Infinity":83,"s:191:25:191:Infinity":84,"s:192:8:192:Infinity":85,"s:199:10:201:Infinity":86,"f:199:43:199:44":12,"b:199:70:199:77":22,"s:200:8:200:Infinity":87,"s:206:10:208:Infinity":88,"f:206:42:206:43":13,"s:207:8:207:Infinity":89,"s:213:10:225:Infinity":90,"f:213:43:213:44":14,"b:213:70:213:77":23,"s:215:45:215:Infinity":91,"b:217:8:219:Infinity:undefined:undefined:undefined:undefined":24,"s:217:8:219:Infinity":92,"s:218:12:218:Infinity":93,"b:221:8:223:Infinity:undefined:undefined:undefined:undefined":25,"s:221:8:223:Infinity":94,"s:222:12:222:Infinity":95,"s:224:8:224:Infinity":96,"s:230:10:232:Infinity":97,"f:230:42:230:43":15,"b:230:69:230:76":26,"s:231:8:231:Infinity":98,"s:237:10:239:Infinity":99,"f:237:44:237:45":16,"b:237:71:237:78":27,"s:238:8:238:Infinity":100,"s:244:10:246:Infinity":101,"f:244:42:244:43":17,"b:244:69:244:76":28,"s:245:8:245:Infinity":102,"s:251:10:253:Infinity":103,"f:251:41:251:42":18,"s:252:8:252:Infinity":104,"s:255:4:265:Infinity":105}}}
,"/app/src/utils/currencyUtils.ts": {"path":"/app/src/utils/currencyUtils.ts","statementMap":{"0":{"start":{"line":6,"column":56},"end":{"line":17,"column":null}},"1":{"start":{"line":22,"column":54},"end":{"line":33,"column":null}},"2":{"start":{"line":38,"column":32},"end":{"line":38,"column":null}},"3":{"start":{"line":54,"column":37},"end":{"line":57,"column":null}},"4":{"start":{"line":55,"column":4},"end":{"line":55,"column":null}},"5":{"start":{"line":55,"column":23},"end":{"line":55,"column":null}},"6":{"start":{"line":56,"column":4},"end":{"line":56,"column":null}},"7":{"start":{"line":64,"column":33},"end":{"line":67,"column":null}},"8":{"start":{"line":65,"column":23},"end":{"line":65,"column":null}},"9":{"start":{"line":66,"column":4},"end":{"line":66,"column":null}},"10":{"start":{"line":76,"column":30},"end":{"line":79,"column":null}},"11":{"start":{"line":77,"column":19},"end":{"line":77,"column":null}},"12":{"start":{"line":78,"column":4},"end":{"line":78,"column":null}},"13":{"start":{"line":85,"column":36},"end":{"line":94,"column":null}},"14":{"start":{"line":86,"column":4},"end":{"line":93,"column":null}},"15":{"start":{"line":87,"column":28},"end":{"line":87,"column":null}},"16":{"start":{"line":88,"column":22},"end":{"line":88,"column":null}},"17":{"start":{"line":89,"column":8},"end":{"line":89,"column":null}},"18":{"start":{"line":91,"column":8},"end":{"line":91,"column":null}},"19":{"start":{"line":92,"column":8},"end":{"line":92,"column":null}},"20":{"start":{"line":103,"column":34},"end":{"line":115,"column":null}},"21":{"start":{"line":107,"column":4},"end":{"line":113,"column":null}},"22":{"start":{"line":108,"column":23},"end":{"line":108,"column":null}},"23":{"start":{"line":108,"column":41},"end":{"line":108,"column":75}},"24":{"start":{"line":109,"column":31},"end":{"line":109,"column":null}},"25":{"start":{"line":110,"column":8},"end":{"line":112,"column":null}},"26":{"start":{"line":114,"column":4},"end":{"line":114,"column":null}},"27":{"start":{"line":121,"column":36},"end":{"line":129,"column":null}},"28":{"start":{"line":122,"column":4},"end":{"line":128,"column":null}},"29":{"start":{"line":123,"column":28},"end":{"line":123,"column":null}},"30":{"start":{"line":124,"column":8},"end":{"line":124,"column":null}},"31":{"start":{"line":125,"column":8},"end":{"line":125,"column":null}},"32":{"start":{"line":127,"column":8},"end":{"line":127,"column":null}},"33":{"start":{"line":135,"column":27},"end":{"line":145,"column":null}},"34":{"start":{"line":136,"column":4},"end":{"line":144,"column":null}},"35":{"start":{"line":137,"column":45},"end":{"line":140,"column":null}},"36":{"start":{"line":141,"column":8},"end":{"line":141,"column":null}},"37":{"start":{"line":143,"column":8},"end":{"line":143,"column":null}},"38":{"start":{"line":151,"column":31},"end":{"line":168,"column":null}},"39":{"start":{"line":152,"column":4},"end":{"line":167,"column":null}},"40":{"start":{"line":153,"column":26},"end":{"line":153,"column":null}},"41":{"start":{"line":154,"column":8},"end":{"line":156,"column":null}},"42":{"start":{"line":155,"column":12},"end":{"line":155,"column":null}},"43":{"start":{"line":158,"column":32},"end":{"line":158,"column":null}},"44":{"start":{"line":159,"column":8},"end":{"line":161,"column":null}},"45":{"start":{"line":160,"column":12},"end":{"line":160,"column":null}},"46":{"start":{"line":163,"column":8},"end":{"line":163,"column":null}},"47":{"start":{"line":165,"column":8},"end":{"line":165,"column":null}},"48":{"start":{"line":166,"column":8},"end":{"line":166,"column":null}},"49":{"start":{"line":174,"column":34},"end":{"line":210,"column":null}},"50":{"start":{"line":176,"column":24},"end":{"line":176,"column":null}},"51":{"start":{"line":177,"column":4},"end":{"line":179,"column":null}},"52":{"start":{"line":178,"column":8},"end":{"line":178,"column":null}},"53":{"start":{"line":182,"column":20},"end":{"line":182,"column":null}},"54":{"start":{"line":183,"column":4},"end":{"line":209,"column":null}},"55":{"start":{"line":184,"column":25},"end":{"line":184,"column":null}},"56":{"start":{"line":185,"column":8},"end":{"line":187,"column":null}},"57":{"start":{"line":186,"column":12},"end":{"line":186,"column":null}},"58":{"start":{"line":188,"column":21},"end":{"line":188,"column":null}},"59":{"start":{"line":191,"column":8},"end":{"line":191,"column":null}},"60":{"start":{"line":193,"column":8},"end":{"line":193,"column":null}},"61":{"start":{"line":195,"column":8},"end":{"line":195,"column":null}},"62":{"start":{"line":198,"column":8},"end":{"line":206,"column":null}},"63":{"start":{"line":199,"column":34},"end":{"line":199,"column":null}},"64":{"start":{"line":200,"column":12},"end":{"line":203,"column":null}},"65":{"start":{"line":201,"column":16},"end":{"line":201,"column":null}},"66":{"start":{"line":202,"column":16},"end":{"line":202,"column":null}},"67":{"start":{"line":205,"column":12},"end":{"line":205,"column":null}},"68":{"start":{"line":208,"column":8},"end":{"line":208,"column":null}},"69":{"start":{"line":220,"column":31},"end":{"line":288,"column":null}},"70":{"start":{"line":227,"column":4},"end":{"line":229,"column":null}},"71":{"start":{"line":228,"column":8},"end":{"line":228,"column":null}},"72":{"start":{"line":232,"column":4},"end":{"line":234,"column":null}},"73":{"start":{"line":233,"column":8},"end":{"line":233,"column":null}},"74":{"start":{"line":237,"column":28},"end":{"line":237,"column":null}},"75":{"start":{"line":238,"column":26},"end":{"line":238,"column":null}},"76":{"start":{"line":241,"column":4},"end":{"line":247,"column":null}},"77":{"start":{"line":242,"column":8},"end":{"line":246,"column":null}},"78":{"start":{"line":250,"column":4},"end":{"line":260,"column":null}},"79":{"start":{"line":251,"column":23},"end":{"line":251,"column":null}},"80":{"start":{"line":252,"column":8},"end":{"line":258,"column":null}},"81":{"start":{"line":253,"column":12},"end":{"line":257,"column":null}},"82":{"start":{"line":259,"column":8},"end":{"line":259,"column":null}},"83":{"start":{"line":262,"column":4},"end":{"line":272,"column":null}},"84":{"start":{"line":263,"column":25},"end":{"line":263,"column":null}},"85":{"start":{"line":264,"column":8},"end":{"line":270,"column":null}},"86":{"start":{"line":265,"column":12},"end":{"line":269,"column":null}},"87":{"start":{"line":271,"column":8},"end":{"line":271,"column":null}},"88":{"start":{"line":275,"column":21},"end":{"line":275,"column":null}},"89":{"start":{"line":276,"column":19},"end":{"line":276,"column":null}},"90":{"start":{"line":278,"column":4},"end":{"line":284,"column":null}},"91":{"start":{"line":279,"column":8},"end":{"line":283,"column":null}},"92":{"start":{"line":286,"column":24},"end":{"line":286,"column":null}},"93":{"start":{"line":287,"column":4},"end":{"line":287,"column":null}},"94":{"start":{"line":296,"column":35},"end":{"line":306,"column":null}},"95":{"start":{"line":300,"column":4},"end":{"line":300,"column":null}},"96":{"start":{"line":300,"column":50},"end":{"line":300,"column":null}},"97":{"start":{"line":302,"column":4},"end":{"line":305,"column":null}},"98":{"start":{"line":303,"column":8},"end":{"line":303,"column":null}},"99":{"start":{"line":303,"column":32},"end":{"line":303,"column":null}},"100":{"start":{"line":304,"column":8},"end":{"line":304,"column":null}},"101":{"start":{"line":313,"column":34},"end":{"line":318,"column":null}},"102":{"start":{"line":314,"column":4},"end":{"line":317,"column":null}},"103":{"start":{"line":314,"column":62},"end":{"line":317,"column":6}}},"fnMap":{"0":{"name":"(anonymous_0)","decl":{"start":{"line":54,"column":37},"end":{"line":54,"column":38}},"loc":{"start":{"line":54,"column":90},"end":{"line":57,"column":null}},"line":54},"1":{"name":"(anonymous_1)","decl":{"start":{"line":64,"column":33},"end":{"line":64,"column":34}},"loc":{"start":{"line":64,"column":86},"end":{"line":67,"column":null}},"line":64},"2":{"name":"(anonymous_2)","decl":{"start":{"line":76,"column":30},"end":{"line":76,"column":31}},"loc":{"start":{"line":76,"column":113},"end":{"line":79,"column":null}},"line":76},"3":{"name":"(anonymous_3)","decl":{"start":{"line":85,"column":36},"end":{"line":85,"column":50}},"loc":{"start":{"line":85,"column":50},"end":{"line":94,"column":null}},"line":85},"4":{"name":"(anonymous_4)","decl":{"start":{"line":103,"column":34},"end":{"line":103,"column":null}},"loc":{"start":{"line":106,"column":13},"end":{"line":115,"column":null}},"line":106},"5":{"name":"(anonymous_5)","decl":{"start":{"line":108,"column":36},"end":{"line":108,"column":41}},"loc":{"start":{"line":108,"column":41},"end":{"line":108,"column":75}},"line":108},"6":{"name":"(anonymous_6)","decl":{"start":{"line":121,"column":36},"end":{"line":121,"column":37}},"loc":{"start":{"line":121,"column":68},"end":{"line":129,"column":null}},"line":121},"7":{"name":"(anonymous_7)","decl":{"start":{"line":135,"column":27},"end":{"line":135,"column":28}},"loc":{"start":{"line":135,"column":68},"end":{"line":145,"column":null}},"line":135},"8":{"name":"(anonymous_8)","decl":{"start":{"line":151,"column":31},"end":{"line":151,"column":68}},"loc":{"start":{"line":151,"column":68},"end":{"line":168,"column":null}},"line":151},"9":{"name":"(anonymous_9)","decl":{"start":{"line":174,"column":34},"end":{"line":174,"column":119}},"loc":{"start":{"line":174,"column":119},"end":{"line":210,"column":null}},"line":174},"10":{"name":"(anonymous_10)","decl":{"start":{"line":220,"column":31},"end":{"line":220,"column":null}},"loc":{"start":{"line":225,"column":59},"end":{"line":288,"column":null}},"line":225},"11":{"name":"(anonymous_11)","decl":{"start":{"line":296,"column":35},"end":{"line":296,"column":null}},"loc":{"start":{"line":299,"column":14},"end":{"line":306,"column":null}},"line":299},"12":{"name":"(anonymous_12)","decl":{"start":{"line":302,"column":28},"end":{"line":302,"column":40}},"loc":{"start":{"line":302,"column":40},"end":{"line":305,"column":5}},"line":302},"13":{"name":"(anonymous_13)","decl":{"start":{"line":313,"column":34},"end":{"line":313,"column":35}},"loc":{"start":{"line":313,"column":104},"end":{"line":318,"column":null}},"line":313},"14":{"name":"(anonymous_14)","decl":{"start":{"line":314,"column":45},"end":{"line":314,"column":62}},"loc":{"start":{"line":314,"column":62},"end":{"line":317,"column":6}},"line":314}},"branchMap":{"0":{"loc":{"start":{"line":55,"column":4},"end":{"line":55,"column":null}},"type":"if","locations":[{"start":{"line":55,"column":4},"end":{"line":55,"column":null}},{"start":{},"end":{}}],"line":55},"1":{"loc":{"start":{"line":66,"column":11},"end":{"line":66,"column":null}},"type":"binary-expr","locations":[{"start":{"line":66,"column":11},"end":{"line":66,"column":43}},{"start":{"line":66,"column":43},"end":{"line":66,"column":null}}],"line":66},"2":{"loc":{"start":{"line":76,"column":88},"end":{"line":76,"column":113}},"type":"default-arg","locations":[{"start":{"line":76,"column":99},"end":{"line":76,"column":113}}],"line":76},"3":{"loc":{"start":{"line":87,"column":39},"end":{"line":87,"column":82}},"type":"binary-expr","locations":[{"start":{"line":87,"column":39},"end":{"line":87,"column":78}},{"start":{"line":87,"column":78},"end":{"line":87,"column":82}}],"line":87},"4":{"loc":{"start":{"line":89,"column":15},"end":{"line":89,"column":null}},"type":"cond-expr","locations":[{"start":{"line":89,"column":50},"end":{"line":89,"column":58}},{"start":{"line":89,"column":58},"end":{"line":89,"column":null}}],"line":89},"5":{"loc":{"start":{"line":89,"column":15},"end":{"line":89,"column":50}},"type":"binary-expr","locations":[{"start":{"line":89,"column":15},"end":{"line":89,"column":24}},{"start":{"line":89,"column":24},"end":{"line":89,"column":50}}],"line":89},"6":{"loc":{"start":{"line":107,"column":4},"end":{"line":113,"column":null}},"type":"if","locations":[{"start":{"line":107,"column":4},"end":{"line":113,"column":null}},{"start":{},"end":{}}],"line":107},"7":{"loc":{"start":{"line":107,"column":8},"end":{"line":107,"column":68}},"type":"binary-expr","locations":[{"start":{"line":107,"column":8},"end":{"line":107,"column":37}},{"start":{"line":107,"column":37},"end":{"line":107,"column":48}},{"start":{"line":107,"column":48},"end":{"line":107,"column":68}}],"line":107},"8":{"loc":{"start":{"line":110,"column":15},"end":{"line":112,"column":null}},"type":"cond-expr","locations":[{"start":{"line":111,"column":14},"end":{"line":111,"column":null}},{"start":{"line":112,"column":14},"end":{"line":112,"column":null}}],"line":110},"9":{"loc":{"start":{"line":110,"column":15},"end":{"line":110,"column":null}},"type":"binary-expr","locations":[{"start":{"line":110,"column":15},"end":{"line":110,"column":33}},{"start":{"line":110,"column":33},"end":{"line":110,"column":null}}],"line":110},"10":{"loc":{"start":{"line":123,"column":39},"end":{"line":123,"column":82}},"type":"binary-expr","locations":[{"start":{"line":123,"column":39},"end":{"line":123,"column":78}},{"start":{"line":123,"column":78},"end":{"line":123,"column":82}}],"line":123},"11":{"loc":{"start":{"line":153,"column":37},"end":{"line":153,"column":89}},"type":"binary-expr","locations":[{"start":{"line":153,"column":37},"end":{"line":153,"column":83}},{"start":{"line":153,"column":83},"end":{"line":153,"column":89}}],"line":153},"12":{"loc":{"start":{"line":154,"column":8},"end":{"line":156,"column":null}},"type":"if","locations":[{"start":{"line":154,"column":8},"end":{"line":156,"column":null}},{"start":{},"end":{}}],"line":154},"13":{"loc":{"start":{"line":154,"column":12},"end":{"line":154,"column":44}},"type":"binary-expr","locations":[{"start":{"line":154,"column":12},"end":{"line":154,"column":26}},{"start":{"line":154,"column":26},"end":{"line":154,"column":44}}],"line":154},"14":{"loc":{"start":{"line":159,"column":8},"end":{"line":161,"column":null}},"type":"if","locations":[{"start":{"line":159,"column":8},"end":{"line":161,"column":null}},{"start":{},"end":{}}],"line":159},"15":{"loc":{"start":{"line":159,"column":12},"end":{"line":159,"column":74}},"type":"binary-expr","locations":[{"start":{"line":159,"column":12},"end":{"line":159,"column":35}},{"start":{"line":159,"column":35},"end":{"line":159,"column":74}}],"line":159},"16":{"loc":{"start":{"line":177,"column":4},"end":{"line":179,"column":null}},"type":"if","locations":[{"start":{"line":177,"column":4},"end":{"line":179,"column":null}},{"start":{},"end":{}}],"line":177},"17":{"loc":{"start":{"line":185,"column":8},"end":{"line":187,"column":null}},"type":"if","locations":[{"start":{"line":185,"column":8},"end":{"line":187,"column":null}},{"start":{},"end":{}}],"line":185},"18":{"loc":{"start":{"line":199,"column":45},"end":{"line":199,"column":97}},"type":"binary-expr","locations":[{"start":{"line":199,"column":45},"end":{"line":199,"column":91}},{"start":{"line":199,"column":91},"end":{"line":199,"column":97}}],"line":199},"19":{"loc":{"start":{"line":200,"column":12},"end":{"line":203,"column":null}},"type":"if","locations":[{"start":{"line":200,"column":12},"end":{"line":203,"column":null}},{"start":{},"end":{}}],"line":200},"20":{"loc":{"start":{"line":200,"column":16},"end":{"line":200,"column":54}},"type":"binary-expr","locations":[{"start":{"line":200,"column":16},"end":{"line":200,"column":33}},{"start":{"line":200,"column":33},"end":{"line":200,"column":54}}],"line":200},"21":{"loc":{"start":{"line":227,"column":4},"end":{"line":229,"column":null}},"type":"if","locations":[{"start":{"line":227,"column":4},"end":{"line":229,"column":null}},{"start":{},"end":{}}],"line":227},"22":{"loc":{"start":{"line":227,"column":8},"end":{"line":227,"column":66}},"type":"binary-expr","locations":[{"start":{"line":227,"column":8},"end":{"line":227,"column":32}},{"start":{"line":227,"column":32},"end":{"line":227,"column":51}},{"start":{"line":227,"column":51},"end":{"line":227,"column":66}}],"line":227},"23":{"loc":{"start":{"line":232,"column":4},"end":{"line":234,"column":null}},"type":"if","locations":[{"start":{"line":232,"column":4},"end":{"line":234,"column":null}},{"start":{},"end":{}}],"line":232},"24":{"loc":{"start":{"line":241,"column":4},"end":{"line":247,"column":null}},"type":"if","locations":[{"start":{"line":241,"column":4},"end":{"line":247,"column":null}},{"start":{},"end":{}}],"line":241},"25":{"loc":{"start":{"line":241,"column":8},"end":{"line":241,"column":67}},"type":"binary-expr","locations":[{"start":{"line":241,"column":8},"end":{"line":241,"column":26}},{"start":{"line":241,"column":26},"end":{"line":241,"column":67}}],"line":241},"26":{"loc":{"start":{"line":250,"column":4},"end":{"line":260,"column":null}},"type":"if","locations":[{"start":{"line":250,"column":4},"end":{"line":260,"column":null}},{"start":{},"end":{}}],"line":250},"27":{"loc":{"start":{"line":252,"column":8},"end":{"line":258,"column":null}},"type":"if","locations":[{"start":{"line":252,"column":8},"end":{"line":258,"column":null}},{"start":{},"end":{}}],"line":252},"28":{"loc":{"start":{"line":262,"column":4},"end":{"line":272,"column":null}},"type":"if","locations":[{"start":{"line":262,"column":4},"end":{"line":272,"column":null}},{"start":{},"end":{}}],"line":262},"29":{"loc":{"start":{"line":264,"column":8},"end":{"line":270,"column":null}},"type":"if","locations":[{"start":{"line":264,"column":8},"end":{"line":270,"column":null}},{"start":{},"end":{}}],"line":264},"30":{"loc":{"start":{"line":278,"column":4},"end":{"line":284,"column":null}},"type":"if","locations":[{"start":{"line":278,"column":4},"end":{"line":284,"column":null}},{"start":{},"end":{}}],"line":278},"31":{"loc":{"start":{"line":278,"column":8},"end":{"line":278,"column":30}},"type":"binary-expr","locations":[{"start":{"line":278,"column":8},"end":{"line":278,"column":21}},{"start":{"line":278,"column":21},"end":{"line":278,"column":30}}],"line":278},"32":{"loc":{"start":{"line":300,"column":4},"end":{"line":300,"column":null}},"type":"if","locations":[{"start":{"line":300,"column":4},"end":{"line":300,"column":null}},{"start":{},"end":{}}],"line":300},"33":{"loc":{"start":{"line":300,"column":8},"end":{"line":300,"column":50}},"type":"binary-expr","locations":[{"start":{"line":300,"column":8},"end":{"line":300,"column":26}},{"start":{"line":300,"column":26},"end":{"line":300,"column":50}}],"line":300},"34":{"loc":{"start":{"line":303,"column":8},"end":{"line":303,"column":null}},"type":"if","locations":[{"start":{"line":303,"column":8},"end":{"line":303,"column":null}},{"start":{},"end":{}}],"line":303},"35":{"loc":{"start":{"line":313,"column":35},"end":{"line":313,"column":104}},"type":"default-arg","locations":[{"start":{"line":313,"column":53},"end":{"line":313,"column":104}}],"line":313},"36":{"loc":{"start":{"line":316,"column":15},"end":{"line":316,"column":null}},"type":"cond-expr","locations":[{"start":{"line":316,"column":33},"end":{"line":316,"column":87}},{"start":{"line":316,"column":87},"end":{"line":316,"column":null}}],"line":316}},"s":{"0":5,"1":5,"2":5,"3":5,"4":110,"5":12,"6":98,"7":5,"8":93,"9":93,"10":5,"11":9,"12":9,"13":5,"14":10,"15":10,"16":10,"17":10,"18":1,"19":1,"20":5,"21":11,"22":2,"23":2,"24":2,"25":2,"26":9,"27":5,"28":1,"29":1,"30":1,"31":1,"32":0,"33":5,"34":1,"35":1,"36":1,"37":0,"38":5,"39":3,"40":3,"41":3,"42":1,"43":2,"44":2,"45":1,"46":1,"47":0,"48":0,"49":5,"50":3,"51":3,"52":1,"53":2,"54":2,"55":2,"56":1,"57":0,"58":1,"59":1,"60":1,"61":1,"62":1,"63":1,"64":1,"65":1,"66":1,"67":0,"68":0,"69":5,"70":5,"71":3,"72":2,"73":1,"74":1,"75":1,"76":1,"77":0,"78":1,"79":1,"80":1,"81":0,"82":1,"83":0,"84":0,"85":0,"86":0,"87":0,"88":0,"89":0,"90":0,"91":0,"92":0,"93":0,"94":5,"95":2,"96":0,"97":2,"98":4,"99":2,"100":2,"101":5,"102":1,"103":10},"f":{"0":110,"1":93,"2":9,"3":10,"4":11,"5":2,"6":1,"7":1,"8":3,"9":3,"10":5,"11":2,"12":4,"13":1,"14":10},"b":{"0":[12,98],"1":[93,1],"2":[9],"3":[10,8],"4":[8,1],"5":[10,9],"6":[2,9],"7":[11,2,2],"8":[2,0],"9":[2,2],"10":[1,0],"11":[3,1],"12":[1,2],"13":[3,2],"14":[1,1],"15":[2,2],"16":[1,2],"17":[0,1],"18":[1,0],"19":[1,0],"20":[1,1],"21":[3,2],"22":[5,4,3],"23":[1,1],"24":[0,1],"25":[1,1],"26":[1,0],"27":[0,1],"28":[0,0],"29":[0,0],"30":[0,0],"31":[0,0],"32":[0,2],"33":[2,2],"34":[2,2],"35":[1],"36":[10,0]},"meta":{"lastBranch":37,"lastFunction":15,"lastStatement":104,"seen":{"s:6:56:17:Infinity":0,"s:22:54:33:Infinity":1,"s:38:32:38:Infinity":2,"s:54:37:57:Infinity":3,"f:54:37:54:38":0,"b:55:4:55:Infinity:undefined:undefined:undefined:undefined":0,"s:55:4:55:Infinity":4,"s:55:23:55:Infinity":5,"s:56:4:56:Infinity":6,"s:64:33:67:Infinity":7,"f:64:33:64:34":1,"s:65:23:65:Infinity":8,"s:66:4:66:Infinity":9,"b:66:11:66:43:66:43:66:Infinity":1,"s:76:30:79:Infinity":10,"f:76:30:76:31":2,"b:76:99:76:113":2,"s:77:19:77:Infinity":11,"s:78:4:78:Infinity":12,"s:85:36:94:Infinity":13,"f:85:36:85:50":3,"s:86:4:93:Infinity":14,"s:87:28:87:Infinity":15,"b:87:39:87:78:87:78:87:82":3,"s:88:22:88:Infinity":16,"s:89:8:89:Infinity":17,"b:89:50:89:58:89:58:89:Infinity":4,"b:89:15:89:24:89:24:89:50":5,"s:91:8:91:Infinity":18,"s:92:8:92:Infinity":19,"s:103:34:115:Infinity":20,"f:103:34:103:Infinity":4,"b:107:4:113:Infinity:undefined:undefined:undefined:undefined":6,"s:107:4:113:Infinity":21,"b:107:8:107:37:107:37:107:48:107:48:107:68":7,"s:108:23:108:Infinity":22,"f:108:36:108:41":5,"s:108:41:108:75":23,"s:109:31:109:Infinity":24,"s:110:8:112:Infinity":25,"b:111:14:111:Infinity:112:14:112:Infinity":8,"b:110:15:110:33:110:33:110:Infinity":9,"s:114:4:114:Infinity":26,"s:121:36:129:Infinity":27,"f:121:36:121:37":6,"s:122:4:128:Infinity":28,"s:123:28:123:Infinity":29,"b:123:39:123:78:123:78:123:82":10,"s:124:8:124:Infinity":30,"s:125:8:125:Infinity":31,"s:127:8:127:Infinity":32,"s:135:27:145:Infinity":33,"f:135:27:135:28":7,"s:136:4:144:Infinity":34,"s:137:45:140:Infinity":35,"s:141:8:141:Infinity":36,"s:143:8:143:Infinity":37,"s:151:31:168:Infinity":38,"f:151:31:151:68":8,"s:152:4:167:Infinity":39,"s:153:26:153:Infinity":40,"b:153:37:153:83:153:83:153:89":11,"b:154:8:156:Infinity:undefined:undefined:undefined:undefined":12,"s:154:8:156:Infinity":41,"b:154:12:154:26:154:26:154:44":13,"s:155:12:155:Infinity":42,"s:158:32:158:Infinity":43,"b:159:8:161:Infinity:undefined:undefined:undefined:undefined":14,"s:159:8:161:Infinity":44,"b:159:12:159:35:159:35:159:74":15,"s:160:12:160:Infinity":45,"s:163:8:163:Infinity":46,"s:165:8:165:Infinity":47,"s:166:8:166:Infinity":48,"s:174:34:210:Infinity":49,"f:174:34:174:119":9,"s:176:24:176:Infinity":50,"b:177:4:179:Infinity:undefined:undefined:undefined:undefined":16,"s:177:4:179:Infinity":51,"s:178:8:178:Infinity":52,"s:182:20:182:Infinity":53,"s:183:4:209:Infinity":54,"s:184:25:184:Infinity":55,"b:185:8:187:Infinity:undefined:undefined:undefined:undefined":17,"s:185:8:187:Infinity":56,"s:186:12:186:Infinity":57,"s:188:21:188:Infinity":58,"s:191:8:191:Infinity":59,"s:193:8:193:Infinity":60,"s:195:8:195:Infinity":61,"s:198:8:206:Infinity":62,"s:199:34:199:Infinity":63,"b:199:45:199:91:199:91:199:97":18,"b:200:12:203:Infinity:undefined:undefined:undefined:undefined":19,"s:200:12:203:Infinity":64,"b:200:16:200:33:200:33:200:54":20,"s:201:16:201:Infinity":65,"s:202:16:202:Infinity":66,"s:205:12:205:Infinity":67,"s:208:8:208:Infinity":68,"s:220:31:288:Infinity":69,"f:220:31:220:Infinity":10,"b:227:4:229:Infinity:undefined:undefined:undefined:undefined":21,"s:227:4:229:Infinity":70,"b:227:8:227:32:227:32:227:51:227:51:227:66":22,"s:228:8:228:Infinity":71,"b:232:4:234:Infinity:undefined:undefined:undefined:undefined":23,"s:232:4:234:Infinity":72,"s:233:8:233:Infinity":73,"s:237:28:237:Infinity":74,"s:238:26:238:Infinity":75,"b:241:4:247:Infinity:undefined:undefined:undefined:undefined":24,"s:241:4:247:Infinity":76,"b:241:8:241:26:241:26:241:67":25,"s:242:8:246:Infinity":77,"b:250:4:260:Infinity:undefined:undefined:undefined:undefined":26,"s:250:4:260:Infinity":78,"s:251:23:251:Infinity":79,"b:252:8:258:Infinity:undefined:undefined:undefined:undefined":27,"s:252:8:258:Infinity":80,"s:253:12:257:Infinity":81,"s:259:8:259:Infinity":82,"b:262:4:272:Infinity:undefined:undefined:undefined:undefined":28,"s:262:4:272:Infinity":83,"s:263:25:263:Infinity":84,"b:264:8:270:Infinity:undefined:undefined:undefined:undefined":29,"s:264:8:270:Infinity":85,"s:265:12:269:Infinity":86,"s:271:8:271:Infinity":87,"s:275:21:275:Infinity":88,"s:276:19:276:Infinity":89,"b:278:4:284:Infinity:undefined:undefined:undefined:undefined":30,"s:278:4:284:Infinity":90,"b:278:8:278:21:278:21:278:30":31,"s:279:8:283:Infinity":91,"s:286:24:286:Infinity":92,"s:287:4:287:Infinity":93,"s:296:35:306:Infinity":94,"f:296:35:296:Infinity":11,"b:300:4:300:Infinity:undefined:undefined:undefined:undefined":32,"s:300:4:300:Infinity":95,"b:300:8:300:26:300:26:300:50":33,"s:300:50:300:Infinity":96,"s:302:4:305:Infinity":97,"f:302:28:302:40":12,"b:303:8:303:Infinity:undefined:undefined:undefined:undefined":34,"s:303:8:303:Infinity":98,"s:303:32:303:Infinity":99,"s:304:8:304:Infinity":100,"s:313:34:318:Infinity":101,"f:313:34:313:35":13,"b:313:53:313:104":35,"s:314:4:317:Infinity":102,"f:314:45:314:62":14,"s:314:62:317:6":103,"b:316:33:316:87:316:87:316:Infinity":36}}}
,"/app/src/utils/dateUtils.ts": {"path":"/app/src/utils/dateUtils.ts","statementMap":{"0":{"start":{"line":22,"column":29},"end":{"line":29,"column":null}},"1":{"start":{"line":23,"column":16},"end":{"line":23,"column":null}},"2":{"start":{"line":25,"column":4},"end":{"line":28,"column":null}},"3":{"start":{"line":35,"column":32},"end":{"line":42,"column":null}},"4":{"start":{"line":36,"column":16},"end":{"line":36,"column":null}},"5":{"start":{"line":38,"column":4},"end":{"line":41,"column":null}},"6":{"start":{"line":48,"column":33},"end":{"line":55,"column":null}},"7":{"start":{"line":49,"column":16},"end":{"line":49,"column":null}},"8":{"start":{"line":51,"column":4},"end":{"line":54,"column":null}},"9":{"start":{"line":61,"column":33},"end":{"line":68,"column":null}},"10":{"start":{"line":62,"column":10},"end":{"line":62,"column":null}},"11":{"start":{"line":64,"column":4},"end":{"line":67,"column":null}},"12":{"start":{"line":74,"column":32},"end":{"line":81,"column":null}},"13":{"start":{"line":75,"column":16},"end":{"line":75,"column":null}},"14":{"start":{"line":77,"column":4},"end":{"line":80,"column":null}},"15":{"start":{"line":88,"column":30},"end":{"line":106,"column":null}},"16":{"start":{"line":89,"column":18},"end":{"line":89,"column":null}},"17":{"start":{"line":91,"column":20},"end":{"line":91,"column":null}},"18":{"start":{"line":93,"column":4},"end":{"line":95,"column":null}},"19":{"start":{"line":94,"column":8},"end":{"line":94,"column":null}},"20":{"start":{"line":97,"column":4},"end":{"line":99,"column":null}},"21":{"start":{"line":98,"column":8},"end":{"line":98,"column":null}},"22":{"start":{"line":101,"column":4},"end":{"line":103,"column":null}},"23":{"start":{"line":102,"column":8},"end":{"line":102,"column":null}},"24":{"start":{"line":105,"column":4},"end":{"line":105,"column":null}},"25":{"start":{"line":113,"column":41},"end":{"line":125,"column":null}},"26":{"start":{"line":114,"column":18},"end":{"line":114,"column":null}},"27":{"start":{"line":115,"column":20},"end":{"line":115,"column":null}},"28":{"start":{"line":116,"column":20},"end":{"line":116,"column":null}},"29":{"start":{"line":118,"column":28},"end":{"line":118,"column":null}},"30":{"start":{"line":120,"column":4},"end":{"line":120,"column":null}},"31":{"start":{"line":120,"column":19},"end":{"line":120,"column":null}},"32":{"start":{"line":121,"column":4},"end":{"line":121,"column":null}},"33":{"start":{"line":121,"column":21},"end":{"line":121,"column":null}},"34":{"start":{"line":122,"column":4},"end":{"line":122,"column":null}},"35":{"start":{"line":122,"column":43},"end":{"line":122,"column":null}},"36":{"start":{"line":124,"column":4},"end":{"line":124,"column":null}},"37":{"start":{"line":132,"column":33},"end":{"line":139,"column":null}},"38":{"start":{"line":135,"column":20},"end":{"line":137,"column":null}},"39":{"start":{"line":138,"column":4},"end":{"line":138,"column":null}},"40":{"start":{"line":146,"column":35},"end":{"line":148,"column":null}},"41":{"start":{"line":147,"column":4},"end":{"line":147,"column":null}},"42":{"start":{"line":155,"column":30},"end":{"line":157,"column":null}},"43":{"start":{"line":156,"column":4},"end":{"line":156,"column":null}},"44":{"start":{"line":164,"column":30},"end":{"line":166,"column":null}},"45":{"start":{"line":165,"column":4},"end":{"line":165,"column":null}},"46":{"start":{"line":172,"column":36},"end":{"line":174,"column":null}},"47":{"start":{"line":173,"column":4},"end":{"line":173,"column":null}},"48":{"start":{"line":182,"column":37},"end":{"line":184,"column":null}},"49":{"start":{"line":183,"column":4},"end":{"line":183,"column":null}},"50":{"start":{"line":191,"column":37},"end":{"line":193,"column":null}},"51":{"start":{"line":192,"column":4},"end":{"line":192,"column":null}},"52":{"start":{"line":202,"column":29},"end":{"line":215,"column":null}},"53":{"start":{"line":203,"column":4},"end":{"line":203,"column":null}},"54":{"start":{"line":203,"column":15},"end":{"line":203,"column":null}},"55":{"start":{"line":205,"column":14},"end":{"line":205,"column":null}},"56":{"start":{"line":206,"column":4},"end":{"line":206,"column":null}},"57":{"start":{"line":206,"column":28},"end":{"line":206,"column":null}},"58":{"start":{"line":210,"column":17},"end":{"line":210,"column":null}},"59":{"start":{"line":211,"column":18},"end":{"line":211,"column":null}},"60":{"start":{"line":212,"column":16},"end":{"line":212,"column":null}},"61":{"start":{"line":214,"column":4},"end":{"line":214,"column":null}},"62":{"start":{"line":224,"column":29},"end":{"line":241,"column":null}},"63":{"start":{"line":228,"column":4},"end":{"line":228,"column":null}},"64":{"start":{"line":228,"column":15},"end":{"line":228,"column":null}},"65":{"start":{"line":231,"column":4},"end":{"line":235,"column":null}},"66":{"start":{"line":232,"column":35},"end":{"line":232,"column":null}},"67":{"start":{"line":233,"column":18},"end":{"line":233,"column":null}},"68":{"start":{"line":234,"column":8},"end":{"line":234,"column":null}},"69":{"start":{"line":237,"column":14},"end":{"line":237,"column":null}},"70":{"start":{"line":238,"column":4},"end":{"line":238,"column":null}},"71":{"start":{"line":238,"column":28},"end":{"line":238,"column":null}},"72":{"start":{"line":240,"column":4},"end":{"line":240,"column":null}},"73":{"start":{"line":251,"column":31},"end":{"line":285,"column":null}},"74":{"start":{"line":255,"column":4},"end":{"line":257,"column":null}},"75":{"start":{"line":256,"column":8},"end":{"line":256,"column":null}},"76":{"start":{"line":260,"column":4},"end":{"line":262,"column":null}},"77":{"start":{"line":261,"column":8},"end":{"line":261,"column":null}},"78":{"start":{"line":266,"column":4},"end":{"line":269,"column":null}},"79":{"start":{"line":267,"column":35},"end":{"line":267,"column":null}},"80":{"start":{"line":268,"column":8},"end":{"line":268,"column":null}},"81":{"start":{"line":272,"column":19},"end":{"line":272,"column":null}},"82":{"start":{"line":275,"column":4},"end":{"line":277,"column":null}},"83":{"start":{"line":276,"column":8},"end":{"line":276,"column":null}},"84":{"start":{"line":280,"column":4},"end":{"line":282,"column":null}},"85":{"start":{"line":281,"column":8},"end":{"line":281,"column":null}},"86":{"start":{"line":284,"column":4},"end":{"line":284,"column":null}}},"fnMap":{"0":{"name":"(anonymous_0)","decl":{"start":{"line":22,"column":29},"end":{"line":22,"column":46}},"loc":{"start":{"line":22,"column":46},"end":{"line":29,"column":null}},"line":22},"1":{"name":"(anonymous_1)","decl":{"start":{"line":35,"column":32},"end":{"line":35,"column":49}},"loc":{"start":{"line":35,"column":49},"end":{"line":42,"column":null}},"line":35},"2":{"name":"(anonymous_2)","decl":{"start":{"line":48,"column":33},"end":{"line":48,"column":50}},"loc":{"start":{"line":48,"column":50},"end":{"line":55,"column":null}},"line":48},"3":{"name":"(anonymous_3)","decl":{"start":{"line":61,"column":33},"end":{"line":61,"column":50}},"loc":{"start":{"line":61,"column":50},"end":{"line":68,"column":null}},"line":61},"4":{"name":"(anonymous_4)","decl":{"start":{"line":74,"column":32},"end":{"line":74,"column":49}},"loc":{"start":{"line":74,"column":49},"end":{"line":81,"column":null}},"line":74},"5":{"name":"(anonymous_5)","decl":{"start":{"line":88,"column":30},"end":{"line":88,"column":31}},"loc":{"start":{"line":88,"column":64},"end":{"line":106,"column":null}},"line":88},"6":{"name":"(anonymous_6)","decl":{"start":{"line":113,"column":41},"end":{"line":113,"column":42}},"loc":{"start":{"line":113,"column":75},"end":{"line":125,"column":null}},"line":113},"7":{"name":"(anonymous_7)","decl":{"start":{"line":132,"column":33},"end":{"line":132,"column":34}},"loc":{"start":{"line":132,"column":64},"end":{"line":139,"column":null}},"line":132},"8":{"name":"(anonymous_8)","decl":{"start":{"line":146,"column":35},"end":{"line":146,"column":36}},"loc":{"start":{"line":146,"column":69},"end":{"line":148,"column":null}},"line":146},"9":{"name":"(anonymous_9)","decl":{"start":{"line":155,"column":30},"end":{"line":155,"column":31}},"loc":{"start":{"line":155,"column":57},"end":{"line":157,"column":null}},"line":155},"10":{"name":"(anonymous_10)","decl":{"start":{"line":164,"column":30},"end":{"line":164,"column":51}},"loc":{"start":{"line":164,"column":51},"end":{"line":166,"column":null}},"line":164},"11":{"name":"(anonymous_11)","decl":{"start":{"line":172,"column":36},"end":{"line":172,"column":50}},"loc":{"start":{"line":172,"column":50},"end":{"line":174,"column":null}},"line":172},"12":{"name":"(anonymous_12)","decl":{"start":{"line":182,"column":37},"end":{"line":182,"column":38}},"loc":{"start":{"line":182,"column":75},"end":{"line":184,"column":null}},"line":182},"13":{"name":"(anonymous_13)","decl":{"start":{"line":191,"column":37},"end":{"line":191,"column":38}},"loc":{"start":{"line":191,"column":68},"end":{"line":193,"column":null}},"line":191},"14":{"name":"(anonymous_14)","decl":{"start":{"line":202,"column":29},"end":{"line":202,"column":30}},"loc":{"start":{"line":202,"column":97},"end":{"line":215,"column":null}},"line":202},"15":{"name":"(anonymous_15)","decl":{"start":{"line":224,"column":29},"end":{"line":224,"column":null}},"loc":{"start":{"line":227,"column":13},"end":{"line":241,"column":null}},"line":227},"16":{"name":"(anonymous_16)","decl":{"start":{"line":251,"column":31},"end":{"line":251,"column":null}},"loc":{"start":{"line":254,"column":18},"end":{"line":285,"column":null}},"line":254}},"branchMap":{"0":{"loc":{"start":{"line":93,"column":4},"end":{"line":95,"column":null}},"type":"if","locations":[{"start":{"line":93,"column":4},"end":{"line":95,"column":null}},{"start":{},"end":{}}],"line":93},"1":{"loc":{"start":{"line":93,"column":8},"end":{"line":93,"column":38}},"type":"binary-expr","locations":[{"start":{"line":93,"column":8},"end":{"line":93,"column":23}},{"start":{"line":93,"column":23},"end":{"line":93,"column":38}}],"line":93},"2":{"loc":{"start":{"line":97,"column":4},"end":{"line":99,"column":null}},"type":"if","locations":[{"start":{"line":97,"column":4},"end":{"line":99,"column":null}},{"start":{},"end":{}}],"line":97},"3":{"loc":{"start":{"line":101,"column":4},"end":{"line":103,"column":null}},"type":"if","locations":[{"start":{"line":101,"column":4},"end":{"line":103,"column":null}},{"start":{},"end":{}}],"line":101},"4":{"loc":{"start":{"line":120,"column":4},"end":{"line":120,"column":null}},"type":"if","locations":[{"start":{"line":120,"column":4},"end":{"line":120,"column":null}},{"start":{},"end":{}}],"line":120},"5":{"loc":{"start":{"line":121,"column":4},"end":{"line":121,"column":null}},"type":"if","locations":[{"start":{"line":121,"column":4},"end":{"line":121,"column":null}},{"start":{},"end":{}}],"line":121},"6":{"loc":{"start":{"line":122,"column":4},"end":{"line":122,"column":null}},"type":"if","locations":[{"start":{"line":122,"column":4},"end":{"line":122,"column":null}},{"start":{},"end":{}}],"line":122},"7":{"loc":{"start":{"line":122,"column":8},"end":{"line":122,"column":43}},"type":"binary-expr","locations":[{"start":{"line":122,"column":8},"end":{"line":122,"column":23}},{"start":{"line":122,"column":23},"end":{"line":122,"column":43}}],"line":122},"8":{"loc":{"start":{"line":135,"column":20},"end":{"line":137,"column":null}},"type":"cond-expr","locations":[{"start":{"line":136,"column":10},"end":{"line":136,"column":null}},{"start":{"line":137,"column":10},"end":{"line":137,"column":null}}],"line":135},"9":{"loc":{"start":{"line":203,"column":4},"end":{"line":203,"column":null}},"type":"if","locations":[{"start":{"line":203,"column":4},"end":{"line":203,"column":null}},{"start":{},"end":{}}],"line":203},"10":{"loc":{"start":{"line":205,"column":14},"end":{"line":205,"column":null}},"type":"cond-expr","locations":[{"start":{"line":205,"column":37},"end":{"line":205,"column":44}},{"start":{"line":205,"column":44},"end":{"line":205,"column":null}}],"line":205},"11":{"loc":{"start":{"line":206,"column":4},"end":{"line":206,"column":null}},"type":"if","locations":[{"start":{"line":206,"column":4},"end":{"line":206,"column":null}},{"start":{},"end":{}}],"line":206},"12":{"loc":{"start":{"line":226,"column":4},"end":{"line":226,"column":null}},"type":"default-arg","locations":[{"start":{"line":226,"column":42},"end":{"line":226,"column":null}}],"line":226},"13":{"loc":{"start":{"line":228,"column":4},"end":{"line":228,"column":null}},"type":"if","locations":[{"start":{"line":228,"column":4},"end":{"line":228,"column":null}},{"start":{},"end":{}}],"line":228},"14":{"loc":{"start":{"line":231,"column":4},"end":{"line":235,"column":null}},"type":"if","locations":[{"start":{"line":231,"column":4},"end":{"line":235,"column":null}},{"start":{},"end":{}}],"line":231},"15":{"loc":{"start":{"line":231,"column":8},"end":{"line":231,"column":70}},"type":"binary-expr","locations":[{"start":{"line":231,"column":8},"end":{"line":231,"column":36}},{"start":{"line":231,"column":36},"end":{"line":231,"column":70}}],"line":231},"16":{"loc":{"start":{"line":237,"column":14},"end":{"line":237,"column":null}},"type":"cond-expr","locations":[{"start":{"line":237,"column":37},"end":{"line":237,"column":44}},{"start":{"line":237,"column":44},"end":{"line":237,"column":null}}],"line":237},"17":{"loc":{"start":{"line":238,"column":4},"end":{"line":238,"column":null}},"type":"if","locations":[{"start":{"line":238,"column":4},"end":{"line":238,"column":null}},{"start":{},"end":{}}],"line":238},"18":{"loc":{"start":{"line":253,"column":4},"end":{"line":253,"column":null}},"type":"default-arg","locations":[{"start":{"line":253,"column":39},"end":{"line":
[...]
,"/app/src/utils/taskUtils.ts": {"path":"/app/src/utils/taskUtils.ts","statementMap":{"0":{"start":{"line":26,"column":34},"end":{"line":34,"column":null}},"1":{"start":{"line":28,"column":23},"end":{"line":30,"column":null}},"2":{"start":{"line":29,"column":24},"end":{"line":29,"column":52}},"3":{"start":{"line":30,"column":21},"end":{"line":30,"column":28}},"4":{"start":{"line":33,"column":4},"end":{"line":33,"column":null}},"5":{"start":{"line":51,"column":37},"end":{"line":95,"column":null}},"6":{"start":{"line":61,"column":25},"end":{"line":61,"column":null}},"7":{"start":{"line":61,"column":44},"end":{"line":61,"column":59}},"8":{"start":{"line":62,"column":22},"end":{"line":62,"column":null}},"9":{"start":{"line":65,"column":23},"end":{"line":65,"column":null}},"10":{"start":{"line":69,"column":4},"end":{"line":75,"column":null}},"11":{"start":{"line":71,"column":8},"end":{"line":71,"column":null}},"12":{"start":{"line":74,"column":8},"end":{"line":74,"column":null}},"13":{"start":{"line":78,"column":25},"end":{"line":78,"column":null}},"14":{"start":{"line":78,"column":49},"end":{"line":78,"column":83}},"15":{"start":{"line":79,"column":4},"end":{"line":79,"column":null}},"16":{"start":{"line":82,"column":31},"end":{"line":82,"column":null}},"17":{"start":{"line":82,"column":59},"end":{"line":82,"column":98}},"18":{"start":{"line":83,"column":4},"end":{"line":83,"column":null}},"19":{"start":{"line":86,"column":4},"end":{"line":88,"column":null}},"20":{"start":{"line":87,"column":8},"end":{"line":87,"column":null}},"21":{"start":{"line":90,"column":4},"end":{"line":94,"column":null}},"22":{"start":{"line":103,"column":27},"end":{"line":105,"column":null}},"23":{"start":{"line":104,"column":4},"end":{"line":104,"column":null}},"24":{"start":{"line":104,"column":33},"end":{"line":104,"column":61}},"25":{"start":{"line":113,"column":27},"end":{"line":115,"column":null}},"26":{"start":{"line":114,"column":4},"end":{"line":114,"column":null}},"27":{"start":{"line":114,"column":35},"end":{"line":114,"column":63}}},"fnMap":{"0":{"name":"(anonymous_0)","decl":{"start":{"line":26,"column":34},"end":{"line":26,"column":35}},"loc":{"start":{"line":26,"column":82},"end":{"line":34,"column":null}},"line":26},"1":{"name":"(anonymous_1)","decl":{"start":{"line":29,"column":16},"end":{"line":29,"column":24}},"loc":{"start":{"line":29,"column":24},"end":{"line":29,"column":52}},"line":29},"2":{"name":"(anonymous_2)","decl":{"start":{"line":30,"column":13},"end":{"line":30,"column":21}},"loc":{"start":{"line":30,"column":21},"end":{"line":30,"column":28}},"line":30},"3":{"name":"(anonymous_3)","decl":{"start":{"line":51,"column":37},"end":{"line":51,"column":null}},"loc":{"start":{"line":59,"column":71},"end":{"line":95,"column":null}},"line":59},"4":{"name":"(anonymous_4)","decl":{"start":{"line":61,"column":39},"end":{"line":61,"column":44}},"loc":{"start":{"line":61,"column":44},"end":{"line":61,"column":59}},"line":61},"5":{"name":"(anonymous_5)","decl":{"start":{"line":78,"column":41},"end":{"line":78,"column":49}},"loc":{"start":{"line":78,"column":49},"end":{"line":78,"column":83}},"line":78},"6":{"name":"(anonymous_6)","decl":{"start":{"line":82,"column":50},"end":{"line":82,"column":59}},"loc":{"start":{"line":82,"column":59},"end":{"line":82,"column":98}},"line":82},"7":{"name":"(anonymous_7)","decl":{"start":{"line":103,"column":27},"end":{"line":103,"column":28}},"loc":{"start":{"line":103,"column":74},"end":{"line":105,"column":null}},"line":103},"8":{"name":"(anonymous_8)","decl":{"start":{"line":104,"column":25},"end":{"line":104,"column":33}},"loc":{"start":{"line":104,"column":33},"end":{"line":104,"column":61}},"line":104},"9":{"name":"(anonymous_9)","decl":{"start":{"line":113,"column":27},"end":{"line":113,"column":28}},"loc":{"start":{"line":113,"column":73},"end":{"line":115,"column":null}},"line":113},"10":{"name":"(anonymous_10)","decl":{"start":{"line":114,"column":27},"end":{"line":114,"column":35}},"loc":{"start":{"line":114,"column":35},"end":{"line":114,"column":63}},"line":114}},"branchMap":{"0":{"loc":{"start":{"line":62,"column":22},"end":{"line":62,"column":null}},"type":"cond-expr","locations":[{"start":{"line":62,"column":37},"end":{"line":62,"column":68}},{"start":{"line":62,"column":68},"end":{"line":62,"column":null}}],"line":62},"1":{"loc":{"start":{"line":62,"column":37},"end":{"line":62,"column":68}},"type":"binary-expr","locations":[{"start":{"line":62,"column":37},"end":{"line":62,"column":59}},{"start":{"line":62,"column":59},"end":{"line":62,"column":68}}],"line":62},"2":{"loc":{"start":{"line":65,"column":26},"end":{"line":65,"column":null}},"type":"binary-expr","locations":[{"start":{"line":65,"column":26},"end":{"line":65,"column":42}},{"start":{"line":65,"column":42},"end":{"line":65,"column":null}}],"line":65},"3":{"loc":{"start":{"line":69,"column":4},"end":{"line":75,"column":null}},"type":"if","locations":[{"start":{"line":69,"column":4},"end":{"line":75,"column":null}},{"start":{"line":72,"column":11},"end":{"line":75,"column":null}}],"line":69},"4":{"loc":{"start":{"line":86,"column":4},"end":{"line":88,"column":null}},"type":"if","locations":[{"start":{"line":86,"column":4},"end":{"line":88,"column":null}},{"start":{},"end":{}}],"line":86},"5":{"loc":{"start":{"line":86,"column":8},"end":{"line":86,"column":71}},"type":"binary-expr","locations":[{"start":{"line":86,"column":8},"end":{"line":86,"column":24}},{"start":{"line":86,"column":24},"end":{"line":86,"column":71}}],"line":86}},"s":{"0":1,"1":4,"2":20,"3":6,"4":4,"5":1,"6":2,"7":3,"8":2,"9":2,"10":2,"11":1,"12":1,"13":2,"14":10,"15":2,"16":2,"17":5,"18":2,"19":2,"20":1,"21":2,"22":1,"23":2,"24":7,"25":1,"26":2,"27":10},"f":{"0":4,"1":20,"2":6,"3":2,"4":3,"5":10,"6":5,"7":2,"8":7,"9":2,"10":10},"b":{"0":[2,0],"1":[2,2],"2":[2,2],"3":[1,1],"4":[1,1],"5":[2,1]},"meta":{"lastBranch":6,"lastFunction":11,"lastStatement":28,"seen":{"s:26:34:34:Infinity":0,"f:26:34:26:35":0,"s:28:23:30:Infinity":1,"f:29:16:29:24":1,"s:29:24:29:52":2,"f:30:13:30:21":2,"s:30:21:30:28":3,"s:33:4:33:Infinity":4,"s:51:37:95:Infinity":5,"f:51:37:51:Infinity":3,"s:61:25:61:Infinity":6,"f:61:39:61:44":4,"s:61:44:61:59":7,"s:62:22:62:Infinity":8,"b:62:37:62:68:62:68:62:Infinity":0,"b:62:37:62:59:62:59:62:68":1,"s:65:23:65:Infinity":9,"b:65:26:65:42:65:42:65:Infinity":2,"b:69:4:75:Infinity:72:11:75:Infinity":3,"s:69:4:75:Infinity":10,"s:71:8:71:Infinity":11,"s:74:8:74:Infinity":12,"s:78:25:78:Infinity":13,"f:78:41:78:49":5,"s:78:49:78:83":14,"s:79:4:79:Infinity":15,"s:82:31:82:Infinity":16,"f:82:50:82:59":6,"s:82:59:82:98":17,"s:83:4:83:Infinity":18,"b:86:4:88:Infinity:undefined:undefined:undefined:undefined":4,"s:86:4:88:Infinity":19,"b:86:8:86:24:86:24:86:71":5,"s:87:8:87:Infinity":20,"s:90:4:94:Infinity":21,"s:103:27:105:Infinity":22,"f:103:27:103:28":7,"s:104:4:104:Infinity":23,"f:104:25:104:33":8,"s:104:33:104:61":24,"s:113:27:115:Infinity":25,"f:113:27:113:28":9,"s:114:4:114:Infinity":26,"f:114:27:114:35":10,"s:114:35:114:63":27}}}
,"/app/src/utils/timeValidationUtils.ts": {"path":"/app/src/utils/timeValidationUtils.ts","statementMap":{"0":{"start":{"line":33,"column":32},"end":{"line":74,"column":null}},"1":{"start":{"line":42,"column":25},"end":{"line":42,"column":null}},"2":{"start":{"line":42,"column":49},"end":{"line":42,"column":77}},"3":{"start":{"line":43,"column":27},"end":{"line":43,"column":null}},"4":{"start":{"line":43,"column":52},"end":{"line":43,"column":59}},"5":{"start":{"line":46,"column":31},"end":{"line":53,"column":null}},"6":{"start":{"line":47,"column":8},"end":{"line":52,"column":null}},"7":{"start":{"line":56,"column":4},"end":{"line":71,"column":null}},"8":{"start":{"line":57,"column":27},"end":{"line":57,"column":null}},"9":{"start":{"line":58,"column":25},"end":{"line":58,"column":null}},"10":{"start":{"line":62,"column":8},"end":{"line":70,"column":null}},"11":{"start":{"line":63,"column":36},"end":{"line":63,"column":null}},"12":{"start":{"line":63,"column":58},"end":{"line":63,"column":82}},"13":{"start":{"line":64,"column":30},"end":{"line":64,"column":null}},"14":{"start":{"line":66,"column":12},"end":{"line":69,"column":null}},"15":{"start":{"line":73,"column":4},"end":{"line":73,"column":null}},"16":{"start":{"line":85,"column":38},"end":{"line":95,"column":null}},"17":{"start":{"line":94,"column":4},"end":{"line":94,"column":null}},"18":{"start":{"line":105,"column":42},"end":{"line":129,"column":null}},"19":{"start":{"line":112,"column":25},"end":{"line":112,"column":null}},"20":{"start":{"line":112,"column":49},"end":{"line":112,"column":77}},"21":{"start":{"line":113,"column":27},"end":{"line":113,"column":null}},"22":{"start":{"line":113,"column":52},"end":{"line":113,"column":59}},"23":{"start":{"line":116,"column":31},"end":{"line":121,"column":null}},"24":{"start":{"line":117,"column":8},"end":{"line":120,"column":null}},"25":{"start":{"line":123,"column":4},"end":{"line":125,"column":null}},"26":{"start":{"line":124,"column":8},"end":{"line":124,"column":null}},"27":{"start":{"line":128,"column":4},"end":{"line":128,"column":null}},"28":{"start":{"line":128,"column":55},"end":{"line":128,"column":74}},"29":{"start":{"line":139,"column":46},"end":{"line":163,"column":null}},"30":{"start":{"line":146,"column":25},"end":{"line":146,"column":null}},"31":{"start":{"line":146,"column":49},"end":{"line":146,"column":77}},"32":{"start":{"line":147,"column":27},"end":{"line":147,"column":null}},"33":{"start":{"line":147,"column":52},"end":{"line":147,"column":59}},"34":{"start":{"line":150,"column":31},"end":{"line":155,"column":null}},"35":{"start":{"line":151,"column":8},"end":{"line":154,"column":null}},"36":{"start":{"line":157,"column":4},"end":{"line":159,"column":null}},"37":{"start":{"line":158,"column":8},"end":{"line":158,"column":null}},"38":{"start":{"line":162,"column":4},"end":{"line":162,"column":null}},"39":{"start":{"line":162,"column":55},"end":{"line":162,"column":76}}},"fnMap":{"0":{"name":"(anonymous_0)","decl":{"start":{"line":33,"column":32},"end":{"line":33,"column":null}},"loc":{"start":{"line":40,"column":23},"end":{"line":74,"column":null}},"line":40},"1":{"name":"(anonymous_1)","decl":{"start":{"line":42,"column":41},"end":{"line":42,"column":49}},"loc":{"start":{"line":42,"column":49},"end":{"line":42,"column":77}},"line":42},"2":{"name":"(anonymous_2)","decl":{"start":{"line":43,"column":44},"end":{"line":43,"column":52}},"loc":{"start":{"line":43,"column":52},"end":{"line":43,"column":59}},"line":43},"3":{"name":"(anonymous_3)","decl":{"start":{"line":46,"column":53},"end":{"line":46,"column":null}},"loc":{"start":{"line":47,"column":8},"end":{"line":52,"column":null}},"line":47},"4":{"name":"(anonymous_4)","decl":{"start":{"line":63,"column":50},"end":{"line":63,"column":58}},"loc":{"start":{"line":63,"column":58},"end":{"line":63,"column":82}},"line":63},"5":{"name":"(anonymous_5)","decl":{"start":{"line":85,"column":38},"end":{"line":85,"column":null}},"loc":{"start":{"line":91,"column":23},"end":{"line":95,"column":null}},"line":91},"6":{"name":"(anonymous_6)","decl":{"start":{"line":105,"column":42},"end":{"line":105,"column":null}},"loc":{"start":{"line":110,"column":20},"end":{"line":129,"column":null}},"line":110},"7":{"name":"(anonymous_7)","decl":{"start":{"line":112,"column":41},"end":{"line":112,"column":49}},"loc":{"start":{"line":112,"column":49},"end":{"line":112,"column":77}},"line":112},"8":{"name":"(anonymous_8)","decl":{"start":{"line":113,"column":44},"end":{"line":113,"column":52}},"loc":{"start":{"line":113,"column":52},"end":{"line":113,"column":59}},"line":113},"9":{"name":"(anonymous_9)","decl":{"start":{"line":116,"column":53},"end":{"line":116,"column":null}},"loc":{"start":{"line":117,"column":8},"end":{"line":120,"column":null}},"line":117},"10":{"name":"(anonymous_10)","decl":{"start":{"line":128,"column":46},"end":{"line":128,"column":55}},"loc":{"start":{"line":128,"column":55},"end":{"line":128,"column":74}},"line":128},"11":{"name":"(anonymous_11)","decl":{"start":{"line":139,"column":46},"end":{"line":139,"column":null}},"loc":{"start":{"line":144,"column":20},"end":{"line":163,"column":null}},"line":144},"12":{"name":"(anonymous_12)","decl":{"start":{"line":146,"column":41},"end":{"line":146,"column":49}},"loc":{"start":{"line":146,"column":49},"end":{"line":146,"column":77}},"line":146},"13":{"name":"(anonymous_13)","decl":{"start":{"line":147,"column":44},"end":{"line":147,"column":52}},"loc":{"start":{"line":147,"column":52},"end":{"line":147,"column":59}},"line":147},"14":{"name":"(anonymous_14)","decl":{"start":{"line":150,"column":53},"end":{"line":150,"column":null}},"loc":{"start":{"line":151,"column":8},"end":{"line":154,"column":null}},"line":151},"15":{"name":"(anonymous_15)","decl":{"start":{"line":162,"column":46},"end":{"line":162,"column":55}},"loc":{"start":{"line":162,"column":55},"end":{"line":162,"column":76}},"line":162}},"branchMap":{"0":{"loc":{"start":{"line":39,"column":4},"end":{"line":39,"column":null}},"type":"default-arg","locations":[{"start":{"line":39,"column":36},"end":{"line":39,"column":null}}],"line":39},"1":{"loc":{"start":{"line":47,"column":8},"end":{"line":52,"column":null}},"type":"binary-expr","locations":[{"start":{"line":47,"column":8},"end":{"line":47,"column":null}},{"start":{"line":48,"column":8},"end":{"line":48,"column":null}},{"start":{"line":49,"column":8},"end":{"line":49,"column":null}},{"start":{"line":50,"column":8},"end":{"line":50,"column":null}},{"start":{"line":51,"column":8},"end":{"line":51,"column":null}},{"start":{"line":52,"column":8},"end":{"line":52,"column":null}}],"line":47},"2":{"loc":{"start":{"line":62,"column":8},"end":{"line":70,"column":null}},"type":"if","locations":[{"start":{"line":62,"column":8},"end":{"line":70,"column":null}},{"start":{},"end":{}}],"line":62},"3":{"loc":{"start":{"line":62,"column":12},"end":{"line":62,"column":58}},"type":"binary-expr","locations":[{"start":{"line":62,"column":12},"end":{"line":62,"column":36}},{"start":{"line":62,"column":36},"end":{"line":62,"column":58}}],"line":62},"4":{"loc":{"start":{"line":64,"column":30},"end":{"line":64,"column":null}},"type":"cond-expr","locations":[{"start":{"line":64,"column":48},"end":{"line":64,"column":72}},{"start":{"line":64,"column":72},"end":{"line":64,"column":null}}],"line":64},"5":{"loc":{"start":{"line":109,"column":4},"end":{"line":109,"column":null}},"type":"default-arg","locations":[{"start":{"line":109,"column":36},"end":{"line":109,"column":null}}],"line":109},"6":{"loc":{"start":{"line":117,"column":8},"end":{"line":120,"column":null}},"type":"binary-expr","locations":[{"start":{"line":117,"column":8},"end":{"line":117,"column":null}},{"start":{"line":118,"column":8},"end":{"line":118,"column":null}},{"start":{"line":119,"column":8},"end":{"line":119,"column":null}},{"start":{"line":120,"column":8},"end":{"line":120,"column":null}}],"line":117},"7":{"loc":{"start":{"line":123,"column":4},"end":{"line":125,"column":null}},"type":"if","locations":[{"start":{"line":123,"column":4},"end":{"line":125,"column":null}},{"start":{},"end":{}}],"line":123},"8":{"loc":{"start":{"line":143,"column":4},"end":{"line":143,"column":null}},"type":"default-arg","locations":[{"start":{"line":143,"column":36},"end":{"line":143,"column":null}}],"line":143},"9":{"loc":{"start":{"line":151,"column":8},"end":{"line":154,"column":null}},"type":"binary-expr","locations":[{"start":{"line":151,"column":8},"end":{"line":151,"column":null}},{"start":{"line":152,"column":8},"end":{"line":152,"column":null}},{"start":{"line":153,"column":8},"end":{"line":153,"column":null}},{"start":{"line":154,"column":8},"end":{"line":154,"column":null}}],"line":151},"10":{"loc":{"start":{"line":157,"column":4},"end":{"line":159,"column":null}},"type":"if","locations":[{"start":{"line":157,"column":4},"end":{"line":159,"column":null}},{"start":{},"end":{}}],"line":157}},"s":{"0":6,"1":12,"2":24,"3":12,"4":18,"5":12,"6":8,"7":12,"8":5,"9":5,"10":5,"11":3,"12":3,"13":3,"14":3,"15":9,"16":6,"17":1,"18":6,"19":3,"20":9,"21":3,"22":6,"23":3,"24":4,"25":3,"26":1,"27":2,"28":3,"29":6,"30":2,"31":6,"32":2,"33":4,"34":2,"35":2,"36":2,"37":1,"38":1,"39":2},"f":{"0":12,"1":24,"2":18,"3":8,"4":3,"5":1,"6":3,"7":9,"8":6,"9":4,"10":3,"11":2,"12":6,"13":4,"14":2,"15":2},"b":{"0":[12],"1":[8,7,5,5,5,5],"2":[3,2],"3":[5,3],"4":[3,0],"5":[3],"6":[4,4,3,3],"7":[1,2],"8":[2],"9":[2,2,2,2],"10":[1,1]},"meta":{"lastBranch":11,"lastFunction":16,"lastStatement":40,"seen":{"s:33:32:74:Infinity":0,"f:33:32:33:Infinity":0,"b:39:36:39:Infinity":0,"s:42:25:42:Infinity":1,"f:42:41:42:49":1,"s:42:49:42:77":2,"s:43:27:43:Infinity":3,"f:43:44:43:52":2,"s:43:52:43:59":4,"s:46:31:53:Infinity":5,"f:46:53:46:Infinity":3,"s:47:8:52:Infinity":6,"b:47:8:47:Infinity:48:8:48:Infinity:49:8:49:Infinity:50:8:50:Infinity:51:8:51:Infinity:52:8:52:Infinity":1,"s:56:4:71:Infinity":7,"s:57:27:57:Infinity":8,"s:58:25:58:Infinity":9,"b:62:8:70:Infinity:undefined:undefined:undefined:undefined":2,"s:62:8:70:Infinity":10,"b:62:12:62:36:62:36:62:58":3,"s:63:36:63:Infinity":11,"f:63:50:63:58":4,"s:63:58:63:82":12,"s:64:30:64:Infinity":13,"b:64:48:64:72:64:72:64:Infinity":4,"s:66:12:69:Infinity":14,"s:73:4:73:Infinity":15,"s:85:38:95:Infinity":16,"f:85:38:85:Infinity":5,"s:94:4:94:Infinity":17,"s:105:42:129:Infinity":18,"f:105:42:105:Infinity":6,"b:109:36:109:Infinity":5,"s:112:25:112:Infinity":19,"f:112:41:112:49":7,"s:112:49:112:77":20,"s:113:27:113:Infinity":21,"f:113:44:113:52":8,"s:113:52:113:59":22,"s:116:31:121:Infinity":23,"f:116:53:116:Infinity":9,"s:117:8:120:Infinity":24,"b:117:8:117:Infinity:118:8:118:Infinity:119:8:119:Infinity:120:8:120:Infinity":6,"b:123:4:125:Infinity:undefined:undefined:undefined:undefined":7,"s:123:4:125:Infinity":25,"s:124:8:124:Infinity":26,"s:128:4:128:Infinity":27,"f:128:46:128:55":10,"s:128:55:128:74":28,"s:139:46:163:Infinity":29,"f:139:46:139:Infinity":11,"b:143:36:143:Infinity":8,"s:146:25:146:Infinity":30,"f:146:41:146:49":12,"s:146:49:146:77":31,"s:147:27:147:Infinity":32,"f:147:44:147:52":13,"s:147:52:147:59":33,"s:150:31:155:Infinity":34,"f:150:53:150:Infinity":14,"s:151:8:154:Infinity":35,"b:151:8:151:Infinity:152:8:152:Infinity:153:8:153:Infinity:154:8:154:Infinity":9,"b:157:4:159:Infinity:undefined:undefined:undefined:undefined":10,"s:157:4:159:Infinity":36,"s:158:8:158:Infinity":37,"s:162:4:162:Infinity":38,"f:162:46:162:55":15,"s:162:55:162:76":39}}}
}
