{"/app/src/hooks/useBusinessInfos.ts": {"path":"/app/src/hooks/useBusinessInfos.ts","statementMap":{"0":{"start":{"line":12,"column":58},"end":{"line":14,"column":null}},"1":{"start":{"line":13,"column":19},"end":{"line":13,"column":null}},"2":{"start":{"line":17,"column":10},"end":{"line":20,"column":null}},"3":{"start":{"line":18,"column":14},"end":{"line":18,"column":null}},"4":{"start":{"line":18,"column":30},"end":{"line":18,"column":41}},"5":{"start":{"line":23,"column":10},"end":{"line":32,"column":null}},"6":{"start":{"line":25,"column":8},"end":{"line":29,"column":null}},"7":{"start":{"line":26,"column":12},"end":{"line":28,"column":null}},"8":{"start":{"line":27,"column":16},"end":{"line":27,"column":null}},"9":{"start":{"line":31,"column":8},"end":{"line":31,"column":null}},"10":{"start":{"line":34,"column":4},"end":{"line":48,"column":null}}},"fnMap":{"0":{"name":"useBusinessInfos","decl":{"start":{"line":11,"column":16},"end":{"line":11,"column":35}},"loc":{"start":{"line":11,"column":35},"end":{"line":49,"column":null}},"line":11},"1":{"name":"(anonymous_1)","decl":{"start":{"line":13,"column":8},"end":{"line":13,"column":9}},"loc":{"start":{"line":13,"column":19},"end":{"line":13,"column":null}},"line":13},"2":{"name":"(anonymous_2)","decl":{"start":{"line":18,"column":8},"end":{"line":18,"column":14}},"loc":{"start":{"line":18,"column":14},"end":{"line":18,"column":null}},"line":18},"3":{"name":"(anonymous_3)","decl":{"start":{"line":18,"column":25},"end":{"line":18,"column":30}},"loc":{"start":{"line":18,"column":30},"end":{"line":18,"column":41}},"line":18},"4":{"name":"(anonymous_4)","decl":{"start":{"line":23,"column":35},"end":{"line":23,"column":36}},"loc":{"start":{"line":23,"column":51},"end":{"line":32,"column":7}},"line":23},"5":{"name":"(anonymous_5)","decl":{"start":{"line":25,"column":22},"end":{"line":25,"column":27}},"loc":{"start":{"line":25,"column":27},"end":{"line":29,"column":9}},"line":25}},"branchMap":{"0":{"loc":{"start":{"line":18,"column":14},"end":{"line":18,"column":null}},"type":"binary-expr","locations":[{"start":{"line":18,"column":14},"end":{"line":18,"column":46}},{"start":{"line":18,"column":46},"end":{"line":18,"column":null}}],"line":18},"1":{"loc":{"start":{"line":26,"column":12},"end":{"line":28,"column":null}},"type":"if","locations":[{"start":{"line":26,"column":12},"end":{"line":28,"column":null}},{"start":{},"end":{}}],"line":26},"2":{"loc":{"start":{"line":26,"column":16},"end":{"line":26,"column":44}},"type":"binary-expr","locations":[{"start":{"line":26,"column":16},"end":{"line":26,"column":31}},{"start":{"line":26,"column":31},"end":{"line":26,"column":44}}],"line":26}},"s":{"0":1,"1":0,"2":1,"3":1,"4":2,"5":1,"6":1,"7":2,"8":1,"9":1,"10":1},"f":{"0":1,"1":0,"2":1,"3":2,"4":1,"5":2},"b":{"0":[1,0],"1":[1,1],"2":[2,1]},"meta":{"lastBranch":3,"lastFunction":6,"lastStatement":11,"seen":{"f:11:16:11:35":0,"s:12:58:14:Infinity":0,"f:13:8:13:9":1,"s:13:19:13:Infinity":1,"s:17:10:20:Infinity":2,"f:18:8:18:14":2,"s:18:14:18:Infinity":3,"b:18:14:18:46:18:46:18:Infinity":0,"f:18:25:18:30":3,"s:18:30:18:41":4,"s:23:10:32:Infinity":5,"f:23:35:23:36":4,"s:25:8:29:Infinity":6,"f:25:22:25:27":5,"b:26:12:28:Infinity:undefined:undefined:undefined:undefined":1,"s:26:12:28:Infinity":7,"b:26:16:26:31:26:31:26:44":2,"s:27:16:27:Infinity":8,"s:31:8:31:Infinity":9,"s:34:4:48:Infinity":10}}}
,"/app/src/hooks/useClients.ts": {"path":"/app/src/hooks/useClients.ts","statementMap":{"0":{"start":{"line":12,"column":58},"end":{"line":14,"column":null}},"1":{"start":{"line":13,"column":19},"end":{"line":13,"column":null}},"2":{"start":{"line":17,"column":10},"end":{"line":20,"column":null}},"3":{"start":{"line":18,"column":14},"end":{"line":18,"column":null}},"4":{"start":{"line":18,"column":40},"end":{"line":18,"column":68}},"5":{"start":{"line":23,"column":10},"end":{"line":26,"column":null}},"6":{"start":{"line":24,"column":22},"end":{"line":24,"column":null}},"7":{"start":{"line":25,"column":8},"end":{"line":25,"column":null}},"8":{"start":{"line":25,"column":31},"end":{"line":25,"column":61}},"9":{"start":{"line":28,"column":4},"end":{"line":42,"column":null}}},"fnMap":{"0":{"name":"useClients","decl":{"start":{"line":11,"column":16},"end":{"line":11,"column":29}},"loc":{"start":{"line":11,"column":29},"end":{"line":43,"column":null}},"line":11},"1":{"name":"(anonymous_1)","decl":{"start":{"line":13,"column":8},"end":{"line":13,"column":9}},"loc":{"start":{"line":13,"column":19},"end":{"line":13,"column":null}},"line":13},"2":{"name":"(anonymous_2)","decl":{"start":{"line":18,"column":8},"end":{"line":18,"column":14}},"loc":{"start":{"line":18,"column":14},"end":{"line":18,"column":null}},"line":18},"3":{"name":"(anonymous_3)","decl":{"start":{"line":18,"column":30},"end":{"line":18,"column":31}},"loc":{"start":{"line":18,"column":40},"end":{"line":18,"column":68}},"line":18},"4":{"name":"(anonymous_4)","decl":{"start":{"line":23,"column":35},"end":{"line":23,"column":36}},"loc":{"start":{"line":23,"column":53},"end":{"line":26,"column":7}},"line":23},"5":{"name":"(anonymous_5)","decl":{"start":{"line":25,"column":26},"end":{"line":25,"column":31}},"loc":{"start":{"line":25,"column":31},"end":{"line":25,"column":61}},"line":25}},"branchMap":{},"s":{"0":1,"1":0,"2":1,"3":1,"4":1,"5":1,"6":1,"7":1,"8":2,"9":1},"f":{"0":1,"1":0,"2":1,"3":1,"4":1,"5":2},"b":{},"meta":{"lastBranch":0,"lastFunction":6,"lastStatement":10,"seen":{"f:11:16:11:29":0,"s:12:58:14:Infinity":0,"f:13:8:13:9":1,"s:13:19:13:Infinity":1,"s:17:10:20:Infinity":2,"f:18:8:18:14":2,"s:18:14:18:Infinity":3,"f:18:30:18:31":3,"s:18:40:18:68":4,"s:23:10:26:Infinity":5,"f:23:35:23:36":4,"s:24:22:24:Infinity":6,"s:25:8:25:Infinity":7,"f:25:26:25:31":5,"s:25:31:25:61":8,"s:28:4:42:Infinity":9}}}
,"/app/src/hooks/useInvoiceTemplates.ts": {"path":"/app/src/hooks/useInvoiceTemplates.ts","statementMap":{"0":{"start":{"line":12,"column":58},"end":{"line":14,"column":null}},"1":{"start":{"line":13,"column":19},"end":{"line":13,"column":null}},"2":{"start":{"line":17,"column":10},"end":{"line":20,"column":null}},"3":{"start":{"line":18,"column":14},"end":{"line":18,"column":null}},"4":{"start":{"line":18,"column":40},"end":{"line":18,"column":68}},"5":{"start":{"line":23,"column":10},"end":{"line":31,"column":null}},"6":{"start":{"line":24,"column":25},"end":{"line":24,"column":null}},"7":{"start":{"line":25,"column":8},"end":{"line":25,"column":null}},"8":{"start":{"line":25,"column":23},"end":{"line":25,"column":null}},"9":{"start":{"line":27,"column":23},"end":{"line":27,"column":null}},"10":{"start":{"line":28,"column":20},"end":{"line":28,"column":null}},"11":{"start":{"line":30,"column":8},"end":{"line":30,"column":null}},"12":{"start":{"line":34,"column":10},"end":{"line":40,"column":null}},"13":{"start":{"line":35,"column":25},"end":{"line":35,"column":null}},"14":{"start":{"line":36,"column":8},"end":{"line":36,"column":null}},"15":{"start":{"line":36,"column":57},"end":{"line":36,"column":null}},"16":{"start":{"line":38,"column":14},"end":{"line":38,"column":null}},"17":{"start":{"line":39,"column":8},"end":{"line":39,"column":null}},"18":{"start":{"line":43,"column":10},"end":{"line":52,"column":null}},"19":{"start":{"line":45,"column":8},"end":{"line":49,"column":null}},"20":{"start":{"line":46,"column":12},"end":{"line":48,"column":null}},"21":{"start":{"line":47,"column":16},"end":{"line":47,"column":null}},"22":{"start":{"line":51,"column":8},"end":{"line":51,"column":null}},"23":{"start":{"line":54,"column":4},"end":{"line":70,"column":null}}},"fnMap":{"0":{"name":"useInvoiceTemplates","decl":{"start":{"line":11,"column":16},"end":{"line":11,"column":38}},"loc":{"start":{"line":11,"column":38},"end":{"line":71,"column":null}},"line":11},"1":{"name":"(anonymous_1)","decl":{"start":{"line":13,"column":8},"end":{"line":13,"column":9}},"loc":{"start":{"line":13,"column":19},"end":{"line":13,"column":null}},"line":13},"2":{"name":"(anonymous_2)","decl":{"start":{"line":18,"column":8},"end":{"line":18,"column":14}},"loc":{"start":{"line":18,"column":14},"end":{"line":18,"column":null}},"line":18},"3":{"name":"(anonymous_3)","decl":{"start":{"line":18,"column":30},"end":{"line":18,"column":31}},"loc":{"start":{"line":18,"column":40},"end":{"line":18,"column":68}},"line":18},"4":{"name":"(anonymous_4)","decl":{"start":{"line":23,"column":45},"end":{"line":23,"column":46}},"loc":{"start":{"line":23,"column":77},"end":{"line":31,"column":7}},"line":23},"5":{"name":"(anonymous_5)","decl":{"start":{"line":34,"column":50},"end":{"line":34,"column":51}},"loc":{"start":{"line":34,"column":74},"end":{"line":40,"column":7}},"line":34},"6":{"name":"(anonymous_6)","decl":{"start":{"line":43,"column":35},"end":{"line":43,"column":36}},"loc":{"start":{"line":43,"column":51},"end":{"line":52,"column":7}},"line":43},"7":{"name":"(anonymous_7)","decl":{"start":{"line":45,"column":22},"end":{"line":45,"column":27}},"loc":{"start":{"line":45,"column":27},"end":{"line":49,"column":9}},"line":45}},"branchMap":{"0":{"loc":{"start":{"line":25,"column":8},"end":{"line":25,"column":null}},"type":"if","locations":[{"start":{"line":25,"column":8},"end":{"line":25,"column":null}},{"start":{},"end":{}}],"line":25},"1":{"loc":{"start":{"line":27,"column":23},"end":{"line":27,"column":null}},"type":"binary-expr","locations":[{"start":{"line":27,"column":23},"end":{"line":27,"column":42}},{"start":{"line":27,"column":42},"end":{"line":27,"column":null}}],"line":27},"2":{"loc":{"start":{"line":28,"column":20},"end":{"line":28,"column":null}},"type":"binary-expr","locations":[{"start":{"line":28,"column":20},"end":{"line":28,"column":56}},{"start":{"line":28,"column":56},"end":{"line":28,"column":null}}],"line":28},"3":{"loc":{"start":{"line":36,"column":8},"end":{"line":36,"column":null}},"type":"if","locations":[{"start":{"line":36,"column":8},"end":{"line":36,"column":null}},{"start":{},"end":{}}],"line":36},"4":{"loc":{"start":{"line":36,"column":12},"end":{"line":36,"column":57}},"type":"binary-expr","locations":[{"start":{"line":36,"column":12},"end":{"line":36,"column":25}},{"start":{"line":36,"column":25},"end":{"line":36,"column":57}}],"line":36},"5":{"loc":{"start":{"line":38,"column":25},"end":{"line":38,"column":66}},"type":"binary-expr","locations":[{"start":{"line":38,"column":25},"end":{"line":38,"column":61}},{"start":{"line":38,"column":61},"end":{"line":38,"column":66}}],"line":38},"6":{"loc":{"start":{"line":46,"column":12},"end":{"line":48,"column":null}},"type":"if","locations":[{"start":{"line":46,"column":12},"end":{"line":48,"column":null}},{"start":{},"end":{}}],"line":46},"7":{"loc":{"start":{"line":46,"column":16},"end":{"line":46,"column":44}},"type":"binary-expr","locations":[{"start":{"line":46,"column":16},"end":{"line":46,"column":31}},{"start":{"line":46,"column":31},"end":{"line":46,"column":44}}],"line":46}},"s":{"0":1,"1":0,"2":1,"3":1,"4":1,"5":1,"6":1,"7":1,"8":0,"9":1,"10":1,"11":1,"12":1,"13":1,"14":1,"15":0,"16":1,"17":1,"18":1,"19":1,"20":2,"21":1,"22":1,"23":1},"f":{"0":1,"1":0,"2":1,"3":1,"4":1,"5":1,"6":1,"7":2},"b":{"0":[0,1],"1":[1,0],"2":[1,0],"3":[0,1],"4":[1,1],"5":[1,0],"6":[1,1],"7":[2,1]},"meta":{"lastBranch":8,"lastFunction":8,"lastStatement":24,"seen":{"f:11:16:11:38":0,"s:12:58:14:Infinity":0,"f:13:8:13:9":1,"s:13:19:13:Infinity":1,"s:17:10:20:Infinity":2,"f:18:8:18:14":2,"s:18:14:18:Infinity":3,"f:18:30:18:31":3,"s:18:40:18:68":4,"s:23:10:31:Infinity":5,"f:23:45:23:46":4,"s:24:25:24:Infinity":6,"b:25:8:25:Infinity:undefined:undefined:undefined:undefined":0,"s:25:8:25:Infinity":7,"s:25:23:25:Infinity":8,"s:27:23:27:Infinity":9,"b:27:23:27:42:27:42:27:Infinity":1,"s:28:20:28:Infinity":10,"b:28:20:28:56:28:56:28:Infinity":2,"s:30:8:30:Infinity":11,"s:34:10:40:Infinity":12,"f:34:50:34:51":5,"s:35:25:35:Infinity":13,"b:36:8:36:Infinity:undefined:undefined:undefined:undefined":3,"s:36:8:36:Infinity":14,"b:36:12:36:25:36:25:36:57":4,"s:36:57:36:Infinity":15,"s:38:14:38:Infinity":16,"b:38:25:38:61:38:61:38:66":5,"s:39:8:39:Infinity":17,"s:43:10:52:Infinity":18,"f:43:35:43:36":6,"s:45:8:49:Infinity":19,"f:45:22:45:27":7,"b:46:12:48:Infinity:undefined:undefined:undefined:undefined":6,"s:46:12:48:Infinity":20,"b:46:16:46:31:46:31:46:44":7,"s:47:16:47:Infinity":21,"s:51:8:51:Infinity":22,"s:54:4:70:Infinity":23}}}
,"/app/src/hooks/useInvoices.ts": {"path":"/app/src/hooks/useInvoices.ts","statementMap":{"0":{"start":{"line":22,"column":63},"end":{"line":22,"column":null}},"1":{"start":{"line":25,"column":89},"end":{"line":26,"column":null}},"2":{"start":{"line":26,"column":45},"end":{"line":26,"column":59}},"3":{"start":{"line":29,"column":48},"end":{"line":29,"column":null}},"4":{"start":{"line":30,"column":46},"end":{"line":30,"column":null}},"5":{"start":{"line":31,"column":44},"end":{"line":31,"column":null}},"6":{"start":{"line":34,"column":4},"end":{"line":56,"column":null}},"7":{"start":{"line":35,"column":8},"end":{"line":35,"column":null}},"8":{"start":{"line":35,"column":87},"end":{"line":35,"column":null}},"9":{"start":{"line":37,"column":22},"end":{"line":37,"column":null}},"10":{"start":{"line":38,"column":8},"end":{"line":38,"column":null}},"11":{"start":{"line":40,"column":8},"end":{"line":53,"column":null}},"12":{"start":{"line":42,"column":16},"end":{"line":42,"column":null}},"13":{"start":{"line":42,"column":30},"end":{"line":42,"column":null}},"14":{"start":{"line":43,"column":36},"end":{"line":43,"column":null}},"15":{"start":{"line":44,"column":16},"end":{"line":48,"column":null}},"16":{"start":{"line":45,"column":48},"end":{"line":45,"column":null}},"17":{"start":{"line":46,"column":20},"end":{"line":46,"column":null}},"18":{"start":{"line":46,"column":53},"end":{"line":46,"column":75}},"19":{"start":{"line":47,"column":20},"end":{"line":47,"column":null}},"20":{"start":{"line":49,"column":16},"end":{"line":49,"column":null}},"21":{"start":{"line":52,"column":16},"end":{"line":52,"column":null}},"22":{"start":{"line":52,"column":29},"end":{"line":52,"column":null}},"23":{"start":{"line":55,"column":8},"end":{"line":55,"column":null}},"24":{"start":{"line":55,"column":23},"end":{"line":55,"column":40}},"25":{"start":{"line":59,"column":4},"end":{"line":73,"column":null}},"26":{"start":{"line":60,"column":8},"end":{"line":60,"column":null}},"27":{"start":{"line":60,"column":60},"end":{"line":60,"column":null}},"28":{"start":{"line":62,"column":24},"end":{"line":69,"column":null}},"29":{"start":{"line":63,"column":32},"end":{"line":63,"column":null}},"30":{"start":{"line":64,"column":12},"end":{"line":68,"column":null}},"31":{"start":{"line":65,"column":44},"end":{"line":65,"column":null}},"32":{"start":{"line":66,"column":16},"end":{"line":66,"column":null}},"33":{"start":{"line":66,"column":49},"end":{"line":66,"column":71}},"34":{"start":{"line":67,"column":16},"end":{"line":67,"column":null}},"35":{"start":{"line":71,"column":8},"end":{"line":71,"column":null}},"36":{"start":{"line":72,"column":8},"end":{"line":72,"column":null}},"37":{"start":{"line":72,"column":21},"end":{"line":72,"column":null}},"38":{"start":{"line":76,"column":10},"end":{"line":79,"column":null}},"39":{"start":{"line":77,"column":8},"end":{"line":77,"column":null}},"40":{"start":{"line":77,"column":38},"end":{"line":77,"column":null}},"41":{"start":{"line":78,"column":8},"end":{"line":78,"column":null}},"42":{"start":{"line":82,"column":10},"end":{"line":97,"column":null}},"43":{"start":{"line":83,"column":21},"end":{"line":83,"column":null}},"44":{"start":{"line":85,"column":8},"end":{"line":87,"column":null}},"45":{"start":{"line":86,"column":12},"end":{"line":86,"column":null}},"46":{"start":{"line":86,"column":40},"end":{"line":86,"column":73}},"47":{"start":{"line":89,"column":8},"end":{"line":91,"column":null}},"48":{"start":{"line":90,"column":12},"end":{"line":90,"column":null}},"49":{"start":{"line":90,"column":40},"end":{"line":90,"column":71}},"50":{"start":{"line":94,"column":8},"end":{"line":96,"column":null}},"51":{"start":{"line":95,"column":12},"end":{"line":95,"column":null}},"52":{"start":{"line":100,"column":10},"end":{"line":103,"column":null}},"53":{"start":{"line":101,"column":14},"end":{"line":101,"column":null}},"54":{"start":{"line":101,"column":43},"end":{"line":101,"column":63}},"55":{"start":{"line":105,"column":10},"end":{"line":108,"column":null}},"56":{"start":{"line":106,"column":14},"end":{"line":106,"column":null}},"57":{"start":{"line":106,"column":43},"end":{"line":106,"column":62}},"58":{"start":{"line":110,"column":10},"end":{"line":113,"column":null}},"59":{"start":{"line":111,"column":14},"end":{"line":111,"column":null}},"60":{"start":{"line":111,"column":43},"end":{"line":111,"column":62}},"61":{"start":{"line":115,"column":10},"end":{"line":118,"column":null}},"62":{"start":{"line":116,"column":14},"end":{"line":116,"column":null}},"63":{"start":{"line":116,"column":43},"end":{"line":116,"column":65}},"64":{"start":{"line":121,"column":10},"end":{"line":123,"column":null}},"65":{"start":{"line":122,"column":8},"end":{"line":122,"column":null}},"66":{"start":{"line":125,"column":10},"end":{"line":130,"column":null}},"67":{"start":{"line":126,"column":8},"end":{"line":129,"column":null}},"68":{"start":{"line":133,"column":10},"end":{"line":143,"column":null}},"69":{"start":{"line":134,"column":28},"end":{"line":136,"column":null}},"70":{"start":{"line":135,"column":25},"end":{"line":135,"column":44}},"71":{"start":{"line":136,"column":32},"end":{"line":136,"column":47}},"72":{"start":{"line":138,"column":21},"end":{"line":140,"column":null}},"73":{"start":{"line":139,"column":25},"end":{"line":139,"column":44}},"74":{"start":{"line":140,"column":32},"end":{"line":140,"column":47}},"75":{"start":{"line":142,"column":8},"end":{"line":142,"column":null}},"76":{"start":{"line":145,"column":4},"end":{"line":165,"column":null}}},"fnMap":{"0":{"name":"useInvoices","decl":{"start":{"line":21,"column":16},"end":{"line":21,"column":28}},"loc":{"start":{"line":21,"column":62},"end":{"line":166,"column":null}},"line":21},"1":{"name":"(anonymous_1)","decl":{"start":{"line":26,"column":34},"end":{"line":26,"column":35}},"loc":{"start":{"line":26,"column":45},"end":{"line":26,"column":59}},"line":26},"2":{"name":"(anonymous_2)","decl":{"start":{"line":34,"column":14},"end":{"line":34,"column":20}},"loc":{"start":{"line":34,"column":20},"end":{"line":56,"column":7}},"line":34},"3":{"name":"(anonymous_3)","decl":{"start":{"line":41,"column":18},"end":{"line":41,"column":24}},"loc":{"start":{"line":41,"column":24},"end":{"line":50,"column":13}},"line":41},"4":{"name":"(anonymous_4)","decl":{"start":{"line":46,"column":40},"end":{"line":46,"column":41}},"loc":{"start":{"line":46,"column":53},"end":{"line":46,"column":75}},"line":46},"5":{"name":"(anonymous_5)","decl":{"start":{"line":51,"column":21},"end":{"line":51,"column":27}},"loc":{"start":{"line":51,"column":27},"end":{"line":53,"column":13}},"line":51},"6":{"name":"(anonymous_6)","decl":{"start":{"line":55,"column":15},"end":{"line":55,"column":21}},"loc":{"start":{"line":55,"column":21},"end":{"line":55,"column":null}},"line":55},"7":{"name":"(anonymous_7)","decl":{"start":{"line":59,"column":14},"end":{"line":59,"column":20}},"loc":{"start":{"line":59,"column":20},"end":{"line":73,"column":7}},"line":59},"8":{"name":"(anonymous_8)","decl":{"start":{"line":62,"column":24},"end":{"line":62,"column":30}},"loc":{"start":{"line":62,"column":30},"end":{"line":69,"column":null}},"line":62},"9":{"name":"(anonymous_9)","decl":{"start":{"line":66,"column":36},"end":{"line":66,"column":37}},"loc":{"start":{"line":66,"column":49},"end":{"line":66,"column":71}},"line":66},"10":{"name":"(anonymous_10)","decl":{"start":{"line":72,"column":15},"end":{"line":72,"column":21}},"loc":{"start":{"line":72,"column":21},"end":{"line":72,"column":null}},"line":72},"11":{"name":"(anonymous_11)","decl":{"start":{"line":76,"column":32},"end":{"line":76,"column":38}},"loc":{"start":{"line":76,"column":38},"end":{"line":79,"column":7}},"line":76},"12":{"name":"(anonymous_12)","decl":{"start":{"line":82,"column":37},"end":{"line":82,"column":43}},"loc":{"start":{"line":82,"column":43},"end":{"line":97,"column":7}},"line":82},"13":{"name":"(anonymous_13)","decl":{"start":{"line":86,"column":35},"end":{"line":86,"column":40}},"loc":{"start":{"line":86,"column":40},"end":{"line":86,"column":73}},"line":86},"14":{"name":"(anonymous_14)","decl":{"start":{"line":90,"column":35},"end":{"line":90,"column":40}},"loc":{"start":{"line":90,"column":40},"end":{"line":90,"column":71}},"line":90},"15":{"name":"(anonymous_15)","decl":{"start":{"line":94,"column":32},"end":{"line":94,"column":33}},"loc":{"start":{"line":95,"column":12},"end":{"line":95,"column":null}},"line":95},"16":{"name":"(anonymous_16)","decl":{"start":{"line":101,"column":8},"end":{"line":101,"column":14}},"loc":{"start":{"line":101,"column":14},"end":{"line":101,"column":null}},"line":101},"17":{"name":"(anonymous_17)","decl":{"start":{"line":101,"column":38},"end":{"line":101,"column":43}},"loc":{"start":{"line":101,"column":43},"end":{"line":101,"column":63}},"line":101},"18":{"name":"(anonymous_18)","decl":{"start":{"line":106,"column":8},"end":{"line":106,"column":14}},"loc":{"start":{"line":106,"column":14},"end":{"line":106,"column":null}},"line":106},"19":{"name":"(anonymous_19)","decl":{"start":{"line":106,"column":38},"end":{"line":106,"column":43}},"loc":{"start":{"line":106,"column":43},"end":{"line":106,"column":62}},"line":106},"20":{"name":"(anonymous_20)","decl":{"start":{"line":111,"column":8},"end":{"line":111,"column":14}},"loc":{"start":{"line":111,"column":14},"end":{"line":111,"column":null}},"line":111},"21":{"name":"(anonymous_21)","decl":{"start":{"line":111,"column":38},"end":{"line":111,"column":43}},"loc":{"start":{"line":111,"column":43},"end":{"line":111,"column":62}},"line":111},"22":{"name":"(anonymous_22)","decl":{"start":{"line":116,"column":8},"end":{"line":116,"column":14}},"loc":{"start":{"line":116,"column":14},"end":{"line":116,"column":null}},"line":116},"23":{"name":"(anonymous_23)","decl":{"start":{"line":116,"column":38},"end":{"line":116,"column":43}},"loc":{"start":{"line":116,"column":43},"end":{"line":116,"column":65}},"line":116},"24":{"name":"(anonymous_24)","decl":{"start":{"line":121,"column":35},"end":{"line":121,"column":36}},"loc":{"start":{"line":121,"column":51},"end":{"line":123,"column":7}},"line":121},"25":{"name":"(anonymous_25)","decl":{"start":{"line":125,"column":35},"end":{"line":125,"column":36}},"loc":{"start":{"line":125,"column":51},"end":{"line":130,"column":7}},"line":125},"26":{"name":"(anonymous_26)","decl":{"start":{"line":133,"column":27},"end":{"line":133,"column":33}},"loc":{"start":{"line":133,"column":33},"end":{"line":143,"column":7}},"line":133},"27":{"name":"(anonymous_27)","decl":{"start":{"line":135,"column":20},"end":{"line":135,"column":25}},"loc":{"start":{"line":135,"column":25},"end":{"line":135,"column":44}},"line":135},"28":{"name":"(anonymous_28)","decl":{"start":{"line":136,"column":20},"end":{"line":136,"column":21}},"loc":{"start":{"line":136,"column":32},"end":{"line":136,"column":47}},"line":136},"29":{"name":"(anonymous_29)","decl":{"start":{"line":139,"column":20},"end":{"line":139,"column":25}},"loc":{"start":{"line":139,"column":25},"end":{"line":139,"column":44}},"line":139},"30":{"name":"(anonymous_30)","decl":{"start":{"line":140,"column":20},"end":{"line":140,"column":21}},"loc":{"start":{"line":140,"column":32},"end":{"line":140,"column":47}},"line":140}},"branchMap":{"0":{"loc":{"start":{"line":21,"column":28},"end":{"line":21,"column":62}},"type":"default-arg","locations":[{"start":{"line":21,"column":58},"end":{"line":21,"column":62}}],"line":21},"1":{"loc":{"start":{"line":35,"column":8},"end":{"line":35,"column":null}},"type":"if","locations":[{"start":{"line":35,"column":8},"end":{"line":35,"column":null}},{"start":{},"end":{}}],"line":35},"2":{"loc":{"start":{"line":35,"column":12},"end":{"line":35,"column":87}},"type":"binary-expr","locations":[{"start":{"line":35,"column":12},"end":{"line":35,"column":40}},{"start":{"line":35,"column":40},"end":{"line":35,"column":52}},{"start":{"line":35,"column":52},"end":{"line":35,"column":70}},{"start":{"line":35,"column":70},"end":{"line":35,"column":87}}],"line":35},"3":{"loc":{"start":{"line":42,"column":16},"end":{"line":42,"column":null}},"type":"if","locations":[{"start":{"line":42,"column":16},"end":{"line":42,"column":null}},{"start":{},"end":{}}],"line":42},"4":{"loc":{"start":{"line":44,"column":16},"end":{"line":48,"column":null}},"type":"if","locations":[{"start":{"line":44,"column":16},"end":{"line":48,"column":null}},{"start":{},"end":{}}],"line":44},"5":{"loc":{"start":{"line":52,"column":16},"end":{"line":52,"column":null}},"type":"if","locations":[{"start":{"line":52,"column":16},"end":{"line":52,"column":null}},{"start":{},"end":{}}],"line":52},"6":{"loc":{"start":{"line":60,"column":8},"end":{"line":60,"column":null}},"type":"if","locations":[{"start":{"line":60,"column":8},"end":{"line":60,"column":null}},{"start":{},"end":{}}],"line":60},"7":{"loc":{"start":{"line":60,"column":12},"end":{"line":60,"column":60}},"type":"binary-expr","locations":[{"start":{"line":60,"column":12},"end":{"line":60,"column":31}},{"start":{"line":60,"column":31},"end":{"line":60,"column":60}}],"line":60},"8":{"loc":{"start":{"line":64,"column":12},"end":{"line":68,"column":null}},"type":"if","locations":[{"start":{"line":64,"column":12},"end":{"line":68,"column":null}},{"start":{},"end":{}}],"line":64},"9":{"loc":{"start":{"line":77,"column":8},"end":{"line":77,"column":null}},"type":"if","locations":[{"start":{"line":77,"column":8},"end":{"line":77,"column":null}},{"start":{},"end":{}}],"line":77},"10":{"loc":{"start":{"line":85,"column":8},"end":{"line":87,"column":null}},"type":"if","locations":[{"start":{"line":85,"column":8},"end":{"line":87,"column":null}},{"start":{},"end":{}}],"line":85},"11":{"loc":{"start":{"line":89,"column":8},"end":{"line":91,"column":null}},"type":"if","locations":[{"start":{"line":89,"column":8},"end":{"line":91,"column":null}},{"start":{},"end":{}}],"line":89},"12":{"loc":{"start":{"line":152,"column":19},"end":{"line":152,"column":null}},"type":"binary-expr","locations":[{"start":{"line":152,"column":19},"end":{"line":152,"column":36}},{"start":{"line":152,"column":36},"end":{"line":152,"column":null}}],"line":152}},"s":{"0":3,"1":3,"2":0,"3":3,"4":3,"5":3,"6":3,"7":3,"8":2,"9":1,"10":1,"11":1,"12":1,"13":1,"14":0,"15":0,"16":0,"17":0,"18":0,"19":0,"20":0,"21":1,"22":0,"23":1,"24":1,"25":3,"26":2,"27":2,"28":0,"29":0,"30":0,"31":0,"32":0,"33":0,"34":0,"35":0,"36":0,"37":0,"38":3,"39":2,"40":1,"41":1,"42":3,"43":2,"44":2,"45":0,"46":0,"47":2,"48":0,"49":0,"50":2,"51":1,"52":3,"53":2,"54":2,"55":3,"56":2,"57":2,"58":3,"59":2,"60":2,"61":3,"62":2,"63":2,"64":3,"65":1,"66":3,"67":1,"68":3,"69":2,"70":2,"71":2,"72":2,"73":2,"74":0,"75":2,"76":3},"f":{"0":3,"1":0,"2":3,"3":1,"4":0,"5":1,"6":1,"7":2,"8":0,"9":0,"10":0,"11":2,"12":2,"13":0,"14":0,"15":1,"16":2,"17":2,"18":2,"19":2,"20":2,"21":2,"22":2,"23":2,"24":1,"25":1,"26":2,"27":2,"28":2,"29":2,"30":0},"b":{"0":[3],"1":[2,1],"2":[3,2,2,2],"3":[1,0],"4":[0,0],"5":[0,1],"6":[2,0],"7":[2,0],"8":[0,0],"9":[1,1],"10":[0,2],"11":[0,2],"12":[3,3]},"meta":{"lastBranch":13,"lastFunction":31,"lastStatement":77,"seen":{"f:21:16:21:28":0,"b:21:58:21:62":0,"s:22:63:22:Infinity":0,"s:25:89:26:Infinity":1,"f:26:34:26:35":1,"s:26:45:26:59":2,"s:29:48:29:Infinity":3,"s:30:46:30:Infinity":4,"s:31:44:31:Infinity":5,"s:34:4:56:Infinity":6,"f:34:14:34:20":2,"b:35:8:35:Infinity:undefined:undefined:undefined:undefined":1,"s:35:8:35:Infinity":7,"b:35:12:35:40:35:40:35:52:35:52:35:70:35:70:35:87":2,"s:35:87:35:Infinity":8,"s:37:22:37:Infinity":9,"s:38:8:38:Infinity":10,"s:40:8:53:Infinity":11,"f:41:18:41:24":3,"b:42:16:42:Infinity:undefined:undefined:undefined:undefined":3,"s:42:16:42:Infinity":12,"s:42:30:42:Infinity":13,"s:43:36:43:Infinity":14,"b:44:16:48:Infinity:undefined:undefined:undefined:undefined":4,"s:44:16:48:Infinity":15,"s:45:48:45:Infinity":16,"s:46:20:46:Infinity":17,"f:46:40:46:41":4,"s:46:53:46:75":18,"s:47:20:47:Infinity":19,"s:49:16:49:Infinity":20,"f:51:21:51:27":5,"b:52:16:52:Infinity:undefined:undefined:undefined:undefined":5,"s:52:16:52:Infinity":21,"s:52:29:52:Infinity":22,"s:55:8:55:Infinity":23,"f:55:15:55:21":6,"s:55:23:55:40":24,"s:59:4:73:Infinity":25,"f:59:14:59:20":7,"b:60:8:60:Infinity:undefined:undefined:undefined:undefined":6,"s:60:8:60:Infinity":26,"b:60:12:60:31:60:31:60:60":7,"s:60:60:60:Infinity":27,"s:62:24:69:Infinity":28,"f:62:24:62:30":8,"s:63:32:63:Infinity":29,"b:64:12:68:Infinity:undefined:undefined:undefined:undefined":8,"s:64:12:68:Infinity":30,"s:65:44:65:Infinity":31,"s:66:16:66:Infinity":32,"f:66:36:66:37":9,"s:66:49:66:71":33,"s:67:16:67:Infinity":34,"s:71:8:71:Infinity":35,"s:72:8:72:Infinity":36,"f:72:15:72:21":10,"s:72:21:72:Infinity":37,"s:76:10:79:Infinity":38,"f:76:32:76:38":11,"b:77:8:77:Infinity:undefined:undefined:undefined:undefined":9,"s:77:8:77:Infinity":39,"s:77:38:77:Infinity":40,"s:78:8:78:Infinity":41,"s:82:10:97:Infinity":42,"f:82:37:82:43":12,"s:83:21:83:Infinity":43,"b:85:8:87:Infinity:undefined:undefined:undefined:undefined":10,"s:85:8:87:Infinity":44,"s:86:12:86:Infinity":45,"f:86:35:86:40":13,"s:86:40:86:73":46,"b:89:8:91:Infinity:undefined:undefined:undefined:undefined":11,"s:89:8:91:Infinity":47,"s:90:12:90:Infinity":48,"f:90:35:90:40":14,"s:90:40:90:71":49,"s:94:8:96:Infinity":50,"f:94:32:94:33":15,"s:95:12:95:Infinity":51,"s:100:10:103:Infinity":52,"f:101:8:101:14":16,"s:101:14:101:Infinity":53,"f:101:38:101:43":17,"s:101:43:101:63":54,"s:105:10:108:Infinity":55,"f:106:8:106:14":18,"s:106:14:106:Infinity":56,"f:106:38:106:43":19,"s:106:43:106:62":57,"s:110:10:113:Infinity":58,"f:111:8:111:14":20,"s:111:14:111:Infinity":59,"f:111:38:111:43":21,"s:111:43:111:62":60,"s:115:10:118:Infinity":61,"f:116:8:116:14":22,"s:116:14:116:Infinity":62,"f:116:38:116:43":23,"s:116:43:116:65":63,"s:121:10:123:Infinity":64,"f:121:35:121:36":24,"s:122:8:122:Infinity":65,"s:125:10:130:Infinity":66,"f:125:35:125:36":25,"s:126:8:129:Infinity":67,"s:133:10:143:Infinity":68,"f:133:27:133:33":26,"s:134:28:136:Infinity":69,"f:135:20:135:25":27,"s:135:25:135:44":70,"f:136:20:136:21":28,"s:136:32:136:47":71,"s:138:21:140:Infinity":72,"f:139:20:139:25":29,"s:139:25:139:44":73,"f:140:20:140:21":30,"s:140:32:140:47":74,"s:142:8:142:Infinity":75,"s:145:4:165:Infinity":76,"b:152:19:152:36:152:36:152:Infinity":12}}}
,"/app/src/hooks/usePaymentMethods.ts": {"path":"/app/src/hooks/usePaymentMethods.ts","statementMap":{"0":{"start":{"line":12,"column":58},"end":{"line":14,"column":null}},"1":{"start":{"line":13,"column":19},"end":{"line":13,"column":null}},"2":{"start":{"line":17,"column":10},"end":{"line":20,"column":null}},"3":{"start":{"line":18,"column":14},"end":{"line":18,"column":null}},"4":{"start":{"line":18,"column":30},"end":{"line":18,"column":41}},"5":{"start":{"line":23,"column":10},"end":{"line":32,"column":null}},"6":{"start":{"line":25,"column":8},"end":{"line":29,"column":null}},"7":{"start":{"line":26,"column":12},"end":{"line":28,"column":null}},"8":{"start":{"line":27,"column":16},"end":{"line":27,"column":null}},"9":{"start":{"line":31,"column":8},"end":{"line":31,"column":null}},"10":{"start":{"line":34,"column":4},"end":{"line":48,"column":null}}},"fnMap":{"0":{"name":"usePaymentMethods","decl":{"start":{"line":11,"column":16},"end":{"line":11,"column":36}},"loc":{"start":{"line":11,"column":36},"end":{"line":49,"column":null}},"line":11},"1":{"name":"(anonymous_1)","decl":{"start":{"line":13,"column":8},"end":{"line":13,"column":9}},"loc":{"start":{"line":13,"column":19},"end":{"line":13,"column":null}},"line":13},"2":{"name":"(anonymous_2)","decl":{"start":{"line":18,"column":8},"end":{"line":18,"column":14}},"loc":{"start":{"line":18,"column":14},"end":{"line":18,"column":null}},"line":18},"3":{"name":"(anonymous_3)","decl":{"start":{"line":18,"column":25},"end":{"line":18,"column":30}},"loc":{"start":{"line":18,"column":30},"end":{"line":18,"column":41}},"line":18},"4":{"name":"(anonymous_4)","decl":{"start":{"line":23,"column":35},"end":{"line":23,"column":36}},"loc":{"start":{"line":23,"column":51},"end":{"line":32,"column":7}},"line":23},"5":{"name":"(anonymous_5)","decl":{"start":{"line":25,"column":22},"end":{"line":25,"column":27}},"loc":{"start":{"line":25,"column":27},"end":{"line":29,"column":9}},"line":25}},"branchMap":{"0":{"loc":{"start":{"line":18,"column":14},"end":{"line":18,"column":null}},"type":"binary-expr","locations":[{"start":{"line":18,"column":14},"end":{"line":18,"column":46}},{"start":{"line":18,"column":46},"end":{"line":18,"column":null}}],"line":18},"1":{"loc":{"start":{"line":26,"column":12},"end":{"line":28,"column":null}},"type":"if","locations":[{"start":{"line":26,"column":12},"end":{"line":28,"column":null}},{"start":{},"end":{}}],"line":26},"2":{"loc":{"start":{"line":26,"column":16},"end":{"line":26,"column":44}},"type":"binary-expr","locations":[{"start":{"line":26,"column":16},"end":{"line":26,"column":31}},{"start":{"line":26,"column":31},"end":{"line":26,"column":44}}],"line":26}},"s":{"0":1,"1":0,"2":1,"3":1,"4":2,"5":1,"6":1,"7":2,"8":1,"9":1,"10":1},"f":{"0":1,"1":0,"2":1,"3":2,"4":1,"5":2},"b":{"0":[1,0],"1":[1,1],"2":[2,1]},"meta":{"lastBranch":3,"lastFunction":6,"lastStatement":11,"seen":{"f:11:16:11:36":0,"s:12:58:14:Infinity":0,"f:13:8:13:9":1,"s:13:19:13:Infinity":1,"s:17:10:20:Infinity":2,"f:18:8:18:14":2,"s:18:14:18:Infinity":3,"b:18:14:18:46:18:46:18:Infinity":0,"f:18:25:18:30":3,"s:18:30:18:41":4,"s:23:10:32:Infinity":5,"f:23:35:23:36":4,"s:25:8:29:Infinity":6,"f:25:22:25:27":5,"b:26:12:28:Infinity:undefined:undefined:undefined:undefined":1,"s:26:12:28:Infinity":7,"b:26:16:26:31:26:31:26:44":2,"s:27:16:27:Infinity":8,"s:31:8:31:Infinity":9,"s:34:4:48:Infinity":10}}}
,"/app/src/hooks/usePreferences.ts": {"path":"/app/src/hooks/usePreferences.ts","statementMap":{"0":{"start":{"line":11,"column":41},"end":{"line":20,"column":null}},"1":{"start":{"line":23,"column":27},"end":{"line":23,"column":null}},"2":{"start":{"line":24,"column":38},"end":{"line":24,"column":null}},"3":{"start":{"line":25,"column":34},"end":{"line":25,"column":null}},"4":{"start":{"line":28,"column":10},"end":{"line":37,"column":null}},"5":{"start":{"line":29,"column":8},"end":{"line":29,"column":null}},"6":{"start":{"line":29,"column":22},"end":{"line":29,"column":null}},"7":{"start":{"line":31,"column":35},"end":{"line":31,"column":null}},"8":{"start":{"line":32,"column":8},"end":{"line":34,"column":null}},"9":{"start":{"line":33,"column":13},"end":{"line":33,"column":null}},"10":{"start":{"line":35,"column":8},"end":{"line":35,"column":null}},"11":{"start":{"line":36,"column":8},"end":{"line":36,"column":null}},"12":{"start":{"line":40,"column":4},"end":{"line":49,"column":null}},"13":{"start":{"line":41,"column":8},"end":{"line":41,"column":null}},"14":{"start":{"line":41,"column":22},"end":{"line":41,"column":null}},"15":{"start":{"line":43,"column":8},"end":{"line":43,"column":null}},"16":{"start":{"line":45,"column":24},"end":{"line":45,"column":null}},"17":{"start":{"line":45,"column":30},"end":{"line":45,"column":null}},"18":{"start":{"line":46,"column":8},"end":{"line":46,"column":null}},"19":{"start":{"line":48,"column":8},"end":{"line":48,"column":null}},"20":{"start":{"line":48,"column":21},"end":{"line":48,"column":null}},"21":{"start":{"line":52,"column":10},"end":{"line":58,"column":null}},"22":{"start":{"line":56,"column":8},"end":{"line":56,"column":null}},"23":{"start":{"line":56,"column":22},"end":{"line":56,"column":null}},"24":{"start":{"line":57,"column":8},"end":{"line":57,"column":null}},"25":{"start":{"line":61,"column":10},"end":{"line":69,"column":null}},"26":{"start":{"line":62,"column":8},"end":{"line":62,"column":null}},"27":{"start":{"line":62,"column":22},"end":{"line":62,"column":null}},"28":{"start":{"line":64,"column":8},"end":{"line":68,"column":null}},"29":{"start":{"line":65,"column":12},"end":{"line":67,"column":null}},"30":{"start":{"line":66,"column":16},"end":{"line":66,"column":null}},"31":{"start":{"line":72,"column":10},"end":{"line":78,"column":null}},"32":{"start":{"line":73,"column":8},"end":{"line":73,"column":null}},"33":{"start":{"line":73,"column":22},"end":{"line":73,"column":null}},"34":{"start":{"line":75,"column":8},"end":{"line":77,"column":null}},"35":{"start":{"line":76,"column":12},"end":{"line":76,"column":null}},"36":{"start":{"line":80,"column":4},"end":{"line":86,"column":null}}},"fnMap":{"0":{"name":"usePreferences","decl":{"start":{"line":22,"column":16},"end":{"line":22,"column":33}},"loc":{"start":{"line":22,"column":33},"end":{"line":87,"column":null}},"line":22},"1":{"name":"(anonymous_1)","decl":{"start":{"line":28,"column":40},"end":{"line":28,"column":46}},"loc":{"start":{"line":28,"column":46},"end":{"line":37,"column":7}},"line":28},"2":{"name":"(anonymous_2)","decl":{"start":{"line":32,"column":34},"end":{"line":32,"column":35}},"loc":{"start":{"line":32,"column":50},"end":{"line":34,"column":9}},"line":32},"3":{"name":"(anonymous_3)","decl":{"start":{"line":40,"column":14},"end":{"line":40,"column":20}},"loc":{"start":{"line":40,"column":20},"end":{"line":49,"column":7}},"line":40},"4":{"name":"(anonymous_4)","decl":{"start":{"line":45,"column":24},"end":{"line":45,"column":30}},"loc":{"start":{"line":45,"column":30},"end":{"line":45,"column":null}},"line":45},"5":{"name":"(anonymous_5)","decl":{"start":{"line":48,"column":15},"end":{"line":48,"column":21}},"loc":{"start":{"line":48,"column":21},"end":{"line":48,"column":null}},"line":48},"6":{"name":"(anonymous_6)","decl":{"start":{"line":52,"column":38},"end":{"line":52,"column":null}},"loc":{"start":{"line":55,"column":9},"end":{"line":58,"column":7}},"line":55},"7":{"name":"(anonymous_7)","decl":{"start":{"line":61,"column":42},"end":{"line":61,"column":43}},"loc":{"start":{"line":61,"column":77},"end":{"line":69,"column":7}},"line":61},"8":{"name":"(anonymous_8)","decl":{"start":{"line":64,"column":40},"end":{"line":64,"column":41}},"loc":{"start":{"line":64,"column":58},"end":{"line":68,"column":9}},"line":64},"9":{"name":"(anonymous_9)","decl":{"start":{"line":72,"column":41},"end":{"line":72,"column":47}},"loc":{"start":{"line":72,"column":47},"end":{"line":78,"column":7}},"line":72},"10":{"name":"(anonymous_10)","decl":{"start":{"line":75,"column":52},"end":{"line":75,"column":53}},"loc":{"start":{"line":75,"column":70},"end":{"line":77,"column":9}},"line":75}},"branchMap":{"0":{"loc":{"start":{"line":29,"column":8},"end":{"line":29,"column":null}},"type":"if","locations":[{"start":{"line":29,"column":8},"end":{"line":29,"column":null}},{"start":{},"end":{}}],"line":29},"1":{"loc":{"start":{"line":41,"column":8},"end":{"line":41,"column":null}},"type":"if","locations":[{"start":{"line":41,"column":8},"end":{"line":41,"column":null}},{"start":{},"end":{}}],"line":41},"2":{"loc":{"start":{"line":56,"column":8},"end":{"line":56,"column":null}},"type":"if","locations":[{"start":{"line":56,"column":8},"end":{"line":56,"column":null}},{"start":{},"end":{}}],"line":56},"3":{"loc":{"start":{"line":62,"column":8},"end":{"line":62,"column":null}},"type":"if","locations":[{"start":{"line":62,"column":8},"end":{"line":62,"column":null}},{"start":{},"end":{}}],"line":62},"4":{"loc":{"start":{"line":65,"column":12},"end":{"line":67,"column":null}},"type":"if","locations":[{"start":{"line":65,"column":12},"end":{"line":67,"column":null}},{"start":{},"end":{}}],"line":65},"5":{"loc":{"start":{"line":73,"column":8},"end":{"line":73,"column":null}},"type":"if","locations":[{"start":{"line":73,"column":8},"end":{"line":73,"column":null}},{"start":{},"end":{}}],"line":73}},"s":{"0":1,"1":3,"2":3,"3":3,"4":3,"5":12,"6":0,"7":12,"8":12,"9":45,"10":12,"11":12,"12":3,"13":1,"14":0,"15":1,"16":1,"17":11,"18":1,"19":1,"20":1,"21":3,"22":1,"23":0,"24":1,"25":3,"26":1,"27":0,"28":1,"29":2,"30":2,"31":3,"32":1,"33":0,"34":1,"35":8,"36":3},"f":{"0":3,"1":12,"2":45,"3":1,"4":11,"5":1,"6":1,"7":1,"8":2,"9":1,"10":8},"b":{"0":[0,12],"1":[0,1],"2":[0,1],"3":[0,1],"4":[2,0],"5":[0,1]},"meta":{"lastBranch":6,"lastFunction":11,"lastStatement":37,"seen":{"s:11:41:20:Infinity":0,"f:22:16:22:33":0,"s:23:27:23:Infinity":1,"s:24:38:24:Infinity":2,"s:25:34:25:Infinity":3,"s:28:10:37:Infinity":4,"f:28:40:28:46":1,"b:29:8:29:Infinity:undefined:undefined:undefined:undefined":0,"s:29:8:29:Infinity":5,"s:29:22:29:Infinity":6,"s:31:35:31:Infinity":7,"s:32:8:34:Infinity":8,"f:32:34:32:35":2,"s:33:13:33:Infinity":9,"s:35:8:35:Infinity":10,"s:36:8:36:Infinity":11,"s:40:4:49:Infinity":12,"f:40:14:40:20":3,"b:41:8:41:Infinity:undefined:undefined:undefined:undefined":1,"s:41:8:41:Infinity":13,"s:41:22:41:Infinity":14,"s:43:8:43:Infinity":15,"s:45:24:45:Infinity":16,"f:45:24:45:30":4,"s:45:30:45:Infinity":17,"s:46:8:46:Infinity":18,"s:48:8:48:Infinity":19,"f:48:15:48:21":5,"s:48:21:48:Infinity":20,"s:52:10:58:Infinity":21,"f:52:38:52:Infinity":6,"b:56:8:56:Infinity:undefined:undefined:undefined:undefined":2,"s:56:8:56:Infinity":22,"s:56:22:56:Infinity":23,"s:57:8:57:Infinity":24,"s:61:10:69:Infinity":25,"f:61:42:61:43":7,"b:62:8:62:Infinity:undefined:undefined:undefined:undefined":3,"s:62:8:62:Infinity":26,"s:62:22:62:Infinity":27,"s:64:8:68:Infinity":28,"f:64:40:64:41":8,"b:65:12:67:Infinity:undefined:undefined:undefined:undefined":4,"s:65:12:67:Infinity":29,"s:66:16:66:Infinity":30,"s:72:10:78:Infinity":31,"f:72:41:72:47":9,"b:73:8:73:Infinity:undefined:undefined:undefined:undefined":5,"s:73:8:73:Infinity":32,"s:73:22:73:Infinity":33,"s:75:8:77:Infinity":34,"f:75:52:75:53":10,"s:76:12:76:Infinity":35,"s:80:4:86:Infinity":36}}}
,"/app/src/hooks/useProjects.ts": {"path":"/app/src/hooks/useProjects.ts","statementMap":{"0":{"start":{"line":13,"column":58},"end":{"line":15,"column":null}},"1":{"start":{"line":14,"column":19},"end":{"line":14,"column":null}},"2":{"start":{"line":18,"column":10},"end":{"line":21,"column":null}},"3":{"start":{"line":19,"column":14},"end":{"line":19,"column":null}},"4":{"start":{"line":19,"column":32},"end":{"line":19,"column":43}},"5":{"start":{"line":23,"column":10},"end":{"line":26,"column":null}},"6":{"start":{"line":24,"column":14},"end":{"line":24,"column":null}},"7":{"start":{"line":24,"column":32},"end":{"line":24,"column":42}},"8":{"start":{"line":29,"column":10},"end":{"line":31,"column":null}},"9":{"start":{"line":30,"column":8},"end":{"line":30,"column":null}},"10":{"start":{"line":33,"column":10},"end":{"line":35,"column":null}},"11":{"start":{"line":34,"column":8},"end":{"line":34,"column":null}},"12":{"start":{"line":37,"column":10},"end":{"line":39,"column":null}},"13":{"start":{"line":38,"column":8},"end":{"line":38,"column":null}},"14":{"start":{"line":38,"column":33},"end":{"line":38,"column":65}},"15":{"start":{"line":41,"column":4},"end":{"line":58,"column":null}}},"fnMap":{"0":{"name":"useProjects","decl":{"start":{"line":12,"column":16},"end":{"line":12,"column":30}},"loc":{"start":{"line":12,"column":30},"end":{"line":59,"column":null}},"line":12},"1":{"name":"(anonymous_1)","decl":{"start":{"line":14,"column":8},"end":{"line":14,"column":9}},"loc":{"start":{"line":14,"column":19},"end":{"line":14,"column":null}},"line":14},"2":{"name":"(anonymous_2)","decl":{"start":{"line":19,"column":8},"end":{"line":19,"column":14}},"loc":{"start":{"line":19,"column":14},"end":{"line":19,"column":null}},"line":19},"3":{"name":"(anonymous_3)","decl":{"start":{"line":19,"column":27},"end":{"line":19,"column":32}},"loc":{"start":{"line":19,"column":32},"end":{"line":19,"column":43}},"line":19},"4":{"name":"(anonymous_4)","decl":{"start":{"line":24,"column":8},"end":{"line":24,"column":14}},"loc":{"start":{"line":24,"column":14},"end":{"line":24,"column":null}},"line":24},"5":{"name":"(anonymous_5)","decl":{"start":{"line":24,"column":27},"end":{"line":24,"column":32}},"loc":{"start":{"line":24,"column":32},"end":{"line":24,"column":42}},"line":24},"6":{"name":"(anonymous_6)","decl":{"start":{"line":29,"column":39},"end":{"line":29,"column":40}},"loc":{"start":{"line":29,"column":55},"end":{"line":31,"column":7}},"line":29},"7":{"name":"(anonymous_7)","decl":{"start":{"line":33,"column":41},"end":{"line":33,"column":42}},"loc":{"start":{"line":33,"column":57},"end":{"line":35,"column":7}},"line":33},"8":{"name":"(anonymous_8)","decl":{"start":{"line":37,"column":44},"end":{"line":37,"column":45}},"loc":{"start":{"line":37,"column":66},"end":{"line":39,"column":7}},"line":37},"9":{"name":"(anonymous_9)","decl":{"start":{"line":38,"column":28},"end":{"line":38,"column":33}},"loc":{"start":{"line":38,"column":33},"end":{"line":38,"column":65}},"line":38}},"branchMap":{},"s":{"0":1,"1":0,"2":1,"3":1,"4":2,"5":1,"6":1,"7":2,"8":1,"9":1,"10":1,"11":1,"12":1,"13":0,"14":0,"15":1},"f":{"0":1,"1":0,"2":1,"3":2,"4":1,"5":2,"6":1,"7":1,"8":0,"9":0},"b":{},"meta":{"lastBranch":0,"lastFunction":10,"lastStatement":16,"seen":{"f:12:16:12:30":0,"s:13:58:15:Infinity":0,"f:14:8:14:9":1,"s:14:19:14:Infinity":1,"s:18:10:21:Infinity":2,"f:19:8:19:14":2,"s:19:14:19:Infinity":3,"f:19:27:19:32":3,"s:19:32:19:43":4,"s:23:10:26:Infinity":5,"f:24:8:24:14":4,"s:24:14:24:Infinity":6,"f:24:27:24:32":5,"s:24:32:24:42":7,"s:29:10:31:Infinity":8,"f:29:39:29:40":6,"s:30:8:30:Infinity":9,"s:33:10:35:Infinity":10,"f:33:41:33:42":7,"s:34:8:34:Infinity":11,"s:37:10:39:Infinity":12,"f:37:44:37:45":8,"s:38:8:38:Infinity":13,"f:38:28:38:33":9,"s:38:33:38:65":14,"s:41:4:58:Infinity":15}}}
,"/app/src/hooks/useTasks.ts": {"path":"/app/src/hooks/useTasks.ts","statementMap":{"0":{"start":{"line":20,"column":60},"end":{"line":20,"column":null}},"1":{"start":{"line":23,"column":86},"end":{"line":24,"column":null}},"2":{"start":{"line":24,"column":42},"end":{"line":24,"column":53}},"3":{"start":{"line":27,"column":42},"end":{"line":27,"column":null}},"4":{"start":{"line":28,"column":46},"end":{"line":28,"column":null}},"5":{"start":{"line":29,"column":44},"end":{"line":29,"column":null}},"6":{"start":{"line":32,"column":4},"end":{"line":54,"column":null}},"7":{"start":{"line":33,"column":8},"end":{"line":33,"column":null}},"8":{"start":{"line":33,"column":87},"end":{"line":33,"column":null}},"9":{"start":{"line":35,"column":22},"end":{"line":35,"column":null}},"10":{"start":{"line":36,"column":8},"end":{"line":36,"column":null}},"11":{"start":{"line":38,"column":8},"end":{"line":51,"column":null}},"12":{"start":{"line":40,"column":16},"end":{"line":40,"column":null}},"13":{"start":{"line":40,"column":30},"end":{"line":40,"column":null}},"14":{"start":{"line":41,"column":36},"end":{"line":41,"column":null}},"15":{"start":{"line":42,"column":16},"end":{"line":46,"column":null}},"16":{"start":{"line":43,"column":42},"end":{"line":43,"column":null}},"17":{"start":{"line":44,"column":20},"end":{"line":44,"column":null}},"18":{"start":{"line":44,"column":50},"end":{"line":44,"column":66}},"19":{"start":{"line":45,"column":20},"end":{"line":45,"column":null}},"20":{"start":{"line":47,"column":16},"end":{"line":47,"column":null}},"21":{"start":{"line":50,"column":16},"end":{"line":50,"column":null}},"22":{"start":{"line":50,"column":29},"end":{"line":50,"column":null}},"23":{"start":{"line":53,"column":8},"end":{"line":53,"column":null}},"24":{"start":{"line":53,"column":23},"end":{"line":53,"column":40}},"25":{"start":{"line":57,"column":4},"end":{"line":71,"column":null}},"26":{"start":{"line":58,"column":8},"end":{"line":58,"column":null}},"27":{"start":{"line":58,"column":53},"end":{"line":58,"column":null}},"28":{"start":{"line":60,"column":24},"end":{"line":67,"column":null}},"29":{"start":{"line":61,"column":32},"end":{"line":61,"column":null}},"30":{"start":{"line":62,"column":12},"end":{"line":66,"column":null}},"31":{"start":{"line":63,"column":38},"end":{"line":63,"column":null}},"32":{"start":{"line":64,"column":16},"end":{"line":64,"column":null}},"33":{"start":{"line":64,"column":46},"end":{"line":64,"column":62}},"34":{"start":{"line":65,"column":16},"end":{"line":65,"column":null}},"35":{"start":{"line":69,"column":8},"end":{"line":69,"column":null}},"36":{"start":{"line":70,"column":8},"end":{"line":70,"column":null}},"37":{"start":{"line":70,"column":21},"end":{"line":70,"column":null}},"38":{"start":{"line":74,"column":10},"end":{"line":77,"column":null}},"39":{"start":{"line":75,"column":8},"end":{"line":75,"column":null}},"40":{"start":{"line":75,"column":38},"end":{"line":75,"column":null}},"41":{"start":{"line":76,"column":8},"end":{"line":76,"column":null}},"42":{"start":{"line":80,"column":10},"end":{"line":83,"column":null}},"43":{"start":{"line":81,"column":8},"end":{"line":81,"column":null}},"44":{"start":{"line":81,"column":32},"end":{"line":81,"column":null}},"45":{"start":{"line":82,"column":8},"end":{"line":82,"column":null}},"46":{"start":{"line":82,"column":36},"end":{"line":82,"column":69}},"47":{"start":{"line":86,"column":10},"end":{"line":91,"column":null}},"48":{"start":{"line":87,"column":22},"end":{"line":89,"column":null}},"49":{"start":{"line":88,"column":38},"end":{"line":88,"column":71}},"50":{"start":{"line":90,"column":8},"end":{"line":90,"column":null}},"51":{"start":{"line":90,"column":33},"end":{"line":90,"column":44}},"52":{"start":{"line":94,"column":10},"end":{"line":99,"column":null}},"53":{"start":{"line":95,"column":22},"end":{"line":97,"column":null}},"54":{"start":{"line":96,"column":40},"end":{"line":96,"column":73}},"55":{"start":{"line":98,"column":8},"end":{"line":98,"column":null}},"56":{"start":{"line":102,"column":10},"end":{"line":113,"column":null}},"57":{"start":{"line":103,"column":8},"end":{"line":103,"column":null}},"58":{"start":{"line":105,"column":8},"end":{"line":112,"column":null}},"59":{"start":{"line":106,"column":32},"end":{"line":106,"column":null}},"60":{"start":{"line":107,"column":12},"end":{"line":111,"column":null}},"61":{"start":{"line":108,"column":38},"end":{"line":108,"column":null}},"62":{"start":{"line":109,"column":16},"end":{"line":109,"column":null}},"63":{"start":{"line":109,"column":46},"end":{"line":109,"column":62}},"64":{"start":{"line":110,"column":16},"end":{"line":110,"column":null}},"65":{"start":{"line":115,"column":10},"end":{"line":118,"column":null}},"66":{"start":{"line":116,"column":8},"end":{"line":116,"column":null}},"67":{"start":{"line":117,"column":8},"end":{"line":117,"column":null}},"68":{"start":{"line":117,"column":33},"end":{"line":117,"column":62}},"69":{"start":{"line":117,"column":50},"end":{"line":117,"column":61}},"70":{"start":{"line":121,"column":10},"end":{"line":126,"column":null}},"71":{"start":{"line":122,"column":22},"end":{"line":124,"column":null}},"72":{"start":{"line":123,"column":45},"end":{"line":123,"column":70}},"73":{"start":{"line":125,"column":8},"end":{"line":125,"column":null}},"74":{"start":{"line":125,"column":33},"end":{"line":125,"column":48}},"75":{"start":{"line":128,"column":10},"end":{"line":130,"column":null}},"76":{"start":{"line":129,"column":8},"end":{"line":129,"column":null}},"77":{"start":{"line":129,"column":46},"end":{"line":129,"column":77}},"78":{"start":{"line":132,"column":4},"end":{"line":153,"column":null}}},"fnMap":{"0":{"name":"useTasks","decl":{"start":{"line":19,"column":16},"end":{"line":19,"column":25}},"loc":{"start":{"line":19,"column":56},"end":{"line":154,"column":null}},"line":19},"1":{"name":"(anonymous_1)","decl":{"start":{"line":24,"column":31},"end":{"line":24,"column":32}},"loc":{"start":{"line":24,"column":42},"end":{"line":24,"column":53}},"line":24},"2":{"name":"(anonymous_2)","decl":{"start":{"line":32,"column":14},"end":{"line":32,"column":20}},"loc":{"start":{"line":32,"column":20},"end":{"line":54,"column":7}},"line":32},"3":{"name":"(anonymous_3)","decl":{"start":{"line":39,"column":18},"end":{"line":39,"column":24}},"loc":{"start":{"line":39,"column":24},"end":{"line":48,"column":13}},"line":39},"4":{"name":"(anonymous_4)","decl":{"start":{"line":44,"column":40},"end":{"line":44,"column":41}},"loc":{"start":{"line":44,"column":50},"end":{"line":44,"column":66}},"line":44},"5":{"name":"(anonymous_5)","decl":{"start":{"line":49,"column":21},"end":{"line":49,"column":27}},"loc":{"start":{"line":49,"column":27},"end":{"line":51,"column":13}},"line":49},"6":{"name":"(anonymous_6)","decl":{"start":{"line":53,"column":15},"end":{"line":53,"column":21}},"loc":{"start":{"line":53,"column":21},"end":{"line":53,"column":null}},"line":53},"7":{"name":"(anonymous_7)","decl":{"start":{"line":57,"column":14},"end":{"line":57,"column":20}},"loc":{"start":{"line":57,"column":20},"end":{"line":71,"column":7}},"line":57},"8":{"name":"(anonymous_8)","decl":{"start":{"line":60,"column":24},"end":{"line":60,"column":30}},"loc":{"start":{"line":60,"column":30},"end":{"line":67,"column":null}},"line":60},"9":{"name":"(anonymous_9)","decl":{"start":{"line":64,"column":36},"end":{"line":64,"column":37}},"loc":{"start":{"line":64,"column":46},"end":{"line":64,"column":62}},"line":64},"10":{"name":"(anonymous_10)","decl":{"start":{"line":70,"column":15},"end":{"line":70,"column":21}},"loc":{"start":{"line":70,"column":21},"end":{"line":70,"column":null}},"line":70},"11":{"name":"(anonymous_11)","decl":{"start":{"line":74,"column":29},"end":{"line":74,"column":35}},"loc":{"start":{"line":74,"column":35},"end":{"line":77,"column":7}},"line":74},"12":{"name":"(anonymous_12)","decl":{"start":{"line":80,"column":34},"end":{"line":80,"column":40}},"loc":{"start":{"line":80,"column":40},"end":{"line":83,"column":7}},"line":80},"13":{"name":"(anonymous_13)","decl":{"start":{"line":82,"column":31},"end":{"line":82,"column":36}},"loc":{"start":{"line":82,"column":36},"end":{"line":82,"column":69}},"line":82},"14":{"name":"(anonymous_14)","decl":{"start":{"line":86,"column":39},"end":{"line":86,"column":45}},"loc":{"start":{"line":86,"column":45},"end":{"line":91,"column":7}},"line":86},"15":{"name":"(anonymous_15)","decl":{"start":{"line":88,"column":33},"end":{"line":88,"column":38}},"loc":{"start":{"line":88,"column":38},"end":{"line":88,"column":71}},"line":88},"16":{"name":"(anonymous_16)","decl":{"start":{"line":90,"column":28},"end":{"line":90,"column":33}},"loc":{"start":{"line":90,"column":33},"end":{"line":90,"column":44}},"line":90},"17":{"name":"(anonymous_17)","decl":{"start":{"line":94,"column":41},"end":{"line":94,"column":47}},"loc":{"start":{"line":94,"column":47},"end":{"line":99,"column":7}},"line":94},"18":{"name":"(anonymous_18)","decl":{"start":{"line":96,"column":35},"end":{"line":96,"column":40}},"loc":{"start":{"line":96,"column":40},"end":{"line":96,"column":73}},"line":96},"19":{"name":"(anonymous_19)","decl":{"start":{"line":102,"column":36},"end":{"line":102,"column":43}},"loc":{"start":{"line":102,"column":58},"end":{"line":113,"column":7}},"line":102},"20":{"name":"(anonymous_20)","decl":{"start":{"line":109,"column":36},"end":{"line":109,"column":37}},"loc":{"start":{"line":109,"column":46},"end":{"line":109,"column":62}},"line":109},"21":{"name":"(anonymous_21)","decl":{"start":{"line":115,"column":38},"end":{"line":115,"column":45}},"loc":{"start":{"line":115,"column":60},"end":{"line":118,"column":7}},"line":115},"22":{"name":"(anonymous_22)","decl":{"start":{"line":117,"column":25},"end":{"line":117,"column":33}},"loc":{"start":{"line":117,"column":33},"end":{"line":117,"column":62}},"line":117},"23":{"name":"(anonymous_23)","decl":{"start":{"line":117,"column":45},"end":{"line":117,"column":50}},"loc":{"start":{"line":117,"column":50},"end":{"line":117,"column":61}},"line":117},"24":{"name":"(anonymous_24)","decl":{"start":{"line":121,"column":37},"end":{"line":121,"column":38}},"loc":{"start":{"line":121,"column":61},"end":{"line":126,"column":7}},"line":121},"25":{"name":"(anonymous_25)","decl":{"start":{"line":123,"column":40},"end":{"line":123,"column":45}},"loc":{"start":{"line":123,"column":45},"end":{"line":123,"column":70}},"line":123},"26":{"name":"(anonymous_26)","decl":{"start":{"line":125,"column":28},"end":{"line":125,"column":33}},"loc":{"start":{"line":125,"column":33},"end":{"line":125,"column":48}},"line":125},"27":{"name":"(anonymous_27)","decl":{"start":{"line":128,"column":38},"end":{"line":128,"column":39}},"loc":{"start":{"line":128,"column":64},"end":{"line":130,"column":7}},"line":128},"28":{"name":"(anonymous_28)","decl":{"start":{"line":129,"column":41},"end":{"line":129,"column":46}},"loc":{"start":{"line":129,"column":46},"end":{"line":129,"column":77}},"line":129}},"branchMap":{"0":{"loc":{"start":{"line":19,"column":25},"end":{"line":19,"column":56}},"type":"default-arg","locations":[{"start":{"line":19,"column":52},"end":{"line":19,"column":56}}],"line":19},"1":{"loc":{"start":{"line":33,"column":8},"end":{"line":33,"column":null}},"type":"if","locations":[{"start":{"line":33,"column":8},"end":{"line":33,"column":null}},{"start":{},"end":{}}],"line":33},"2":{"loc":{"start":{"line":33,"column":12},"end":{"line":33,"column":87}},"type":"binary-expr","locations":[{"start":{"line":33,"column":12},"end":{"line":33,"column":40}},{"start":{"line":33,"column":40},"end":{"line":33,"column":52}},{"start":{"line":33,"column":52},"end":{"line":33,"column":70}},{"start":{"line":33,"column":70},"end":{"line":33,"column":87}}],"line":33},"3":{"loc":{"start":{"line":40,"column":16},"end":{"line":40,"column":null}},"type":"if","locations":[{"start":{"line":40,"column":16},"end":{"line":40,"column":null}},{"start":{},"end":{}}],"line":40},"4":{"loc":{"start":{"line":42,"column":16},"end":{"line":46,"column":null}},"type":"if","locations":[{"start":{"line":42,"column":16},"end":{"line":46,"column":null}},{"start":{},"end":{}}],"line":42},"5":{"loc":{"start":{"line":50,"column":16},"end":{"line":50,"column":null}},"type":"if","locations":[{"start":{"line":50,"column":16},"end":{"line":50,"column":null}},{"start":{},"end":{}}],"line":50},"6":{"loc":{"start":{"line":58,"column":8},"end":{"line":58,"column":null}},"type":"if","locations":[{"start":{"line":58,"column":8},"end":{"line":58,"column":null}},{"start":{},"end":{}}],"line":58},"7":{"loc":{"start":{"line":58,"column":12},"end":{"line":58,"column":53}},"type":"binary-expr","locations":[{"start":{"line":58,"column":12},"end":{"line":58,"column":31}},{"start":{"line":58,"column":31},"end":{"line":58,"column":53}}],"line":58},"8":{"loc":{"start":{"line":62,"column":12},"end":{"line":66,"column":null}},"type":"if","locations":[{"start":{"line":62,"column":12},"end":{"line":66,"column":null}},{"start":{},"end":{}}],"line":62},"9":{"loc":{"start":{"line":75,"column":8},"end":{"line":75,"column":null}},"type":"if","locations":[{"start":{"line":75,"column":8},"end":{"line":75,"column":null}},{"start":{},"end":{}}],"line":75},"10":{"loc":{"start":{"line":81,"column":8},"end":{"line":81,"column":null}},"type":"if","locations":[{"start":{"line":81,"column":8},"end":{"line":81,"column":null}},{"start":{},"end":{}}],"line":81},"11":{"loc":{"start":{"line":87,"column":22},"end":{"line":89,"column":null}},"type":"cond-expr","locations":[{"start":{"line":88,"column":14},"end":{"line":88,"column":null}},{"start":{"line":89,"column":14},"end":{"line":89,"column":null}}],"line":87},"12":{"loc":{"start":{"line":95,"column":22},"end":{"line":97,"column":null}},"type":"cond-expr","locations":[{"start":{"line":96,"column":14},"end":{"line":96,"column":null}},{"start":{"line":97,"column":14},"end":{"line":97,"column":null}}],"line":95},"13":{"loc":{"start":{"line":105,"column":8},"end":{"line":112,"column":null}},"type":"if","locations":[{"start":{"line":105,"column":8},"end":{"line":112,"column":null}},{"start":{},"end":{}}],"line":105},"14":{"loc":{"start":{"line":107,"column":12},"end":{"line":111,"column":null}},"type":"if","locations":[{"start":{"line":107,"column":12},"end":{"line":111,"column":null}},{"start":{},"end":{}}],"line":107},"15":{"loc":{"start":{"line":122,"column":22},"end":{"line":124,"column":null}},"type":"cond-expr","locations":[{"start":{"line":123,"column":14},"end":{"line":123,"column":null}},{"start":{"line":124,"column":14},"end":{"line":124,"column":null}}],"line":122},"16":{"loc":{"start":{"line":137,"column":19},"end":{"line":137,"column":null}},"type":"binary-expr","locations":[{"start":{"line":137,"column":19},"end":{"line":137,"column":36}},{"start":{"line":137,"column":36},"end":{"line":137,"column":null}}],"line":137}},"s":{"0":4,"1":4,"2":0,"3":4,"4":4,"5":4,"6":4,"7":3,"8":2,"9":1,"10":1,"11":1,"12":1,"13":1,"14":0,"15":0,"16":0,"17":0,"18":0,"19":0,"20":0,"21":1,"22":0,"23":1,"24":1,"25":4,"26":2,"27":2,"28":0,"29":0,"30":0,"31":0,"32":0,"33":0,"34":0,"35":0,"36":0,"37":0,"38":4,"39":3,"40":2,"41":1,"42":4,"43":2,"44":1,"45":1,"46":2,"47":4,"48":2,"49":2,"50":2,"51":2,"52":4,"53":3,"54":0,"55":3,"56":4,"57":1,"58":1,"59":0,"60":0,"61":0,"62":0,"63":0,"64":0,"65":4,"66":1,"67":1,"68":1,"69":0,"70":4,"71":1,"72":2,"73":1,"74":2,"75":4,"76":1,"77":2,"78":4},"f":{"0":4,"1":0,"2":3,"3":1,"4":0,"5":1,"6":1,"7":2,"8":0,"9":0,"10":0,"11":3,"12":2,"13":2,"14":2,"15":2,"16":2,"17":3,"18":0,"19":1,"20":0,"21":1,"22":1,"23":0,"24":1,"25":2,"26":2,"27":1,"28":2},"b":{"0":[4],"1":[2,1],"2":[3,2,2,2],"3":[1,0],"4":[0,0],"5":[0,1],"6":[2,0],"7":[2,0],"8":[0,0],"9":[2,1],"10":[1,1],"11":[1,1],"12":[2,1],"13":[0,1],"14":[0,0],"15":[1,0],"16":[4,4]},"meta":{"lastBranch":17,"lastFunction":29,"lastStatement":79,"seen":{"f:19:16:19:25":0,"b:19:52:19:56":0,"s:20:60:20:Infinity":0,"s:23:86:24:Infinity":1,"f:24:31:24:32":1,"s:24:42:24:53":2,"s:27:42:27:Infinity":3,"s:28:46:28:Infinity":4,"s:29:44:29:Infinity":5,"s:32:4:54:Infinity":6,"f:32:14:32:20":2,"b:33:8:33:Infinity:undefined:undefined:undefined:undefined":1,"s:33:8:33:Infinity":7,"b:33:12:33:40:33:40:33:52:33:52:33:70:33:70:33:87":2,"s:33:87:33:Infinity":8,"s:35:22:35:Infinity":9,"s:36:8:36:Infinity":10,"s:38:8:51:Infinity":11,"f:39:18:39:24":3,"b:40:16:40:Infinity:undefined:undefined:undefined:undefined":3,"s:40:16:40:Infinity":12,"s:40:30:40:Infinity":13,"s:41:36:41:Infinity":14,"b:42:16:46:Infinity:undefined:undefined:undefined:undefined":4,"s:42:16:46:Infinity":15,"s:43:42:43:Infinity":16,"s:44:20:44:Infinity":17,"f:44:40:44:41":4,"s:44:50:44:66":18,"s:45:20:45:Infinity":19,"s:47:16:47:Infinity":20,"f:49:21:49:27":5,"b:50:16:50:Infinity:undefined:undefined:undefined:undefined":5,"s:50:16:50:Infinity":21,"s:50:29:50:Infinity":22,"s:53:8:53:Infinity":23,"f:53:15:53:21":6,"s:53:23:53:40":24,"s:57:4:71:Infinity":25,"f:57:14:57:20":7,"b:58:8:58:Infinity:undefined:undefined:undefined:undefined":6,"s:58:8:58:Infinity":26,"b:58:12:58:31:58:31:58:53":7,"s:58:53:58:Infinity":27,"s:60:24:67:Infinity":28,"f:60:24:60:30":8,"s:61:32:61:Infinity":29,"b:62:12:66:Infinity:undefined:undefined:undefined:undefined":8,"s:62:12:66:Infinity":30,"s:63:38:63:Infinity":31,"s:64:16:64:Infinity":32,"f:64:36:64:37":9,"s:64:46:64:62":33,"s:65:16:65:Infinity":34,"s:69:8:69:Infinity":35,"s:70:8:70:Infinity":36,"f:70:15:70:21":10,"s:70:21:70:Infinity":37,"s:74:10:77:Infinity":38,"f:74:29:74:35":11,"b:75:8:75:Infinity:undefined:undefined:undefined:undefined":9,"s:75:8:75:Infinity":39,"s:75:38:75:Infinity":40,"s:76:8:76:Infinity":41,"s:80:10:83:Infinity":42,"f:80:34:80:40":12,"b:81:8:81:Infinity:undefined:undefined:undefined:undefined":10,"s:81:8:81:Infinity":43,"s:81:32:81:Infinity":44,"s:82:8:82:Infinity":45,"f:82:31:82:36":13,"s:82:36:82:69":46,"s:86:10:91:Infinity":47,"f:86:39:86:45":14,"s:87:22:89:Infinity":48,"b:88:14:88:Infinity:89:14:89:Infinity":11,"f:88:33:88:38":15,"s:88:38:88:71":49,"s:90:8:90:Infinity":50,"f:90:28:90:33":16,"s:90:33:90:44":51,"s:94:10:99:Infinity":52,"f:94:41:94:47":17,"s:95:22:97:Infinity":53,"b:96:14:96:Infinity:97:14:97:Infinity":12,"f:96:35:96:40":18,"s:96:40:96:73":54,"s:98:8:98:Infinity":55,"s:102:10:113:Infinity":56,"f:102:36:102:43":19,"s:103:8:103:Infinity":57,"b:105:8:112:Infinity:undefined:undefined:undefined:undefined":13,"s:105:8:112:Infinity":58,"s:106:32:106:Infinity":59,"b:107:12:111:Infinity:undefined:undefined:undefined:undefined":14,"s:107:12:111:Infinity":60,"s:108:38:108:Infinity":61,"s:109:16:109:Infinity":62,"f:109:36:109:37":20,"s:109:46:109:62":63,"s:110:16:110:Infinity":64,"s:115:10:118:Infinity":65,"f:115:38:115:45":21,"s:116:8:116:Infinity":66,"s:117:8:117:Infinity":67,"f:117:25:117:33":22,"s:117:33:117:62":68,"f:117:45:117:50":23,"s:117:50:117:61":69,"s:121:10:126:Infinity":70,"f:121:37:121:38":24,"s:122:22:124:Infinity":71,"b:123:14:123:Infinity:124:14:124:Infinity":15,"f:123:40:123:45":25,"s:123:45:123:70":72,"s:125:8:125:Infinity":73,"f:125:28:125:33":26,"s:125:33:125:48":74,"s:128:10:130:Infinity":75,"f:128:38:128:39":27,"s:129:8:129:Infinity":76,"f:129:41:129:46":28,"s:129:46:129:77":77,"s:132:4:153:Infinity":78,"b:137:19:137:36:137:36:137:Infinity":16}}}
,"/app/src/hooks/useTimeEntries.ts": {"path":"/app/src/hooks/useTimeEntries.ts","statementMap":{"0":{"start":{"line":24,"column":66},"end":{"line":24,"column":null}},"1":{"start":{"line":27,"column":30},"end":{"line":27,"column":null}},"2":{"start":{"line":28,"column":34},"end":{"line":28,"column":null}},"3":{"start":{"line":29,"column":40},"end":{"line":29,"column":null}},"4":{"start":{"line":30,"column":38},"end":{"line":30,"column":null}},"5":{"start":{"line":33,"column":10},"end":{"line":58,"column":null}},"6":{"start":{"line":34,"column":8},"end":{"line":34,"column":null}},"7":{"start":{"line":34,"column":22},"end":{"line":34,"column":null}},"8":{"start":{"line":36,"column":27},"end":{"line":36,"column":null}},"9":{"start":{"line":39,"column":23},"end":{"line":39,"column":null}},"10":{"start":{"line":41,"column":8},"end":{"line":43,"column":null}},"11":{"start":{"line":42,"column":12},"end":{"line":42,"column":null}},"12":{"start":{"line":42,"column":44},"end":{"line":42,"column":71}},"13":{"start":{"line":45,"column":8},"end":{"line":47,"column":null}},"14":{"start":{"line":46,"column":12},"end":{"line":46,"column":null}},"15":{"start":{"line":46,"column":44},"end":{"line":46,"column":73}},"16":{"start":{"line":49,"column":8},"end":{"line":51,"column":null}},"17":{"start":{"line":50,"column":12},"end":{"line":50,"column":null}},"18":{"start":{"line":50,"column":44},"end":{"line":50,"column":71}},"19":{"start":{"line":54,"column":8},"end":{"line":54,"column":null}},"20":{"start":{"line":54,"column":32},"end":{"line":54,"column":49}},"21":{"start":{"line":56,"column":8},"end":{"line":56,"column":null}},"22":{"start":{"line":57,"column":8},"end":{"line":57,"column":null}},"23":{"start":{"line":61,"column":4},"end":{"line":71,"column":null}},"24":{"start":{"line":62,"column":8},"end":{"line":62,"column":null}},"25":{"start":{"line":62,"column":22},"end":{"line":62,"column":null}},"26":{"start":{"line":64,"column":8},"end":{"line":64,"column":null}},"27":{"start":{"line":67,"column":24},"end":{"line":67,"column":null}},"28":{"start":{"line":67,"column":30},"end":{"line":67,"column":null}},"29":{"start":{"line":68,"column":8},"end":{"line":68,"column":null}},"30":{"start":{"line":70,"column":8},"end":{"line":70,"column":null}},"31":{"start":{"line":70,"column":21},"end":{"line":70,"column":null}},"32":{"start":{"line":74,"column":4},"end":{"line":85,"column":null}},"33":{"start":{"line":75,"column":8},"end":{"line":75,"column":null}},"34":{"start":{"line":75,"column":90},"end":{"line":75,"column":null}},"35":{"start":{"line":77,"column":26},"end":{"line":77,"column":null}},"36":{"start":{"line":78,"column":24},"end":{"line":78,"column":null}},"37":{"start":{"line":80,"column":8},"end":{"line":84,"column":null}},"38":{"start":{"line":80,"column":24},"end":{"line":80,"column":35}},"39":{"start":{"line":81,"column":12},"end":{"line":83,"column":null}},"40":{"start":{"line":82,"column":16},"end":{"line":82,"column":null}},"41":{"start":{"line":88,"column":10},"end":{"line":104,"column":null}},"42":{"start":{"line":89,"column":8},"end":{"line":89,"column":null}},"43":{"start":{"line":89,"column":61},"end":{"line":89,"column":null}},"44":{"start":{"line":91,"column":8},"end":{"line":91,"column":null}},"45":{"start":{"line":91,"column":32},"end":{"line":91,"column":55}},"46":{"start":{"line":93,"column":8},"end":{"line":103,"column":null}},"47":{"start":{"line":94,"column":12},"end":{"line":94,"column":null}},"48":{"start":{"line":95,"column":12},"end":{"line":95,"column":null}},"49":{"start":{"line":95,"column":35},"end":{"line":95,"column":58}},"50":{"start":{"line":96,"column":12},"end":{"line":96,"column":null}},"51":{"start":{"line":98,"column":12},"end":{"line":102,"column":null}},"52":{"start":{"line":99,"column":29},"end":{"line":99,"column":null}},"53":{"start":{"line":100,"column":16},"end":{"line":100,"column":null}},"54":{"start":{"line":101,"column":16},"end":{"line":101,"column":null}},"55":{"start":{"line":107,"column":10},"end":{"line":116,"column":null}},"56":{"start":{"line":108,"column":8},"end":{"line":108,"column":null}},"57":{"start":{"line":108,"column":22},"end":{"line":108,"column":null}},"58":{"start":{"line":110,"column":33},"end":{"line":113,"column":null}},"59":{"start":{"line":114,"column":8},"end":{"line":114,"column":null}},"60":{"start":{"line":115,"column":8},"end":{"line":115,"column":null}},"61":{"start":{"line":118,"column":10},"end":{"line":132,"column":null}},"62":{"start":{"line":119,"column":8},"end":{"line":119,"column":null}},"63":{"start":{"line":119,"column":22},"end":{"line":119,"column":null}},"64":{"start":{"line":122,"column":28},"end":{"line":122,"column":null}},"65":{"start":{"line":123,"column":8},"end":{"line":127,"column":null}},"66":{"start":{"line":124,"column":28},"end":{"line":124,"column":null}},"67":{"start":{"line":125,"column":12},"end":{"line":125,"column":null}},"68":{"start":{"line":126,"column":12},"end":{"line":126,"column":null}},"69":{"start":{"line":131,"column":8},"end":{"line":131,"column":null}},"70":{"start":{"line":134,"column":10},"end":{"line":137,"column":null}},"71":{"start":{"line":135,"column":8},"end":{"line":135,"column":null}},"72":{"start":{"line":135,"column":22},"end":{"line":135,"column":null}},"73":{"start":{"line":136,"column":8},"end":{"line":136,"column":null}},"74":{"start":{"line":140,"column":10},"end":{"line":142,"column":null}},"75":{"start":{"line":141,"column":8},"end":{"line":141,"column":null}},"76":{"start":{"line":141,"column":35},"end":{"line":141,"column":54}},"77":{"start":{"line":145,"column":10},"end":{"line":147,"column":null}},"78":{"start":{"line":146,"column":8},"end":{"line":146,"column":null}},"79":{"start":{"line":146,"column":60},"end":{"line":146,"column":85}},"80":{"start":{"line":150,"column":10},"end":{"line":152,"column":null}},"81":{"start":{"line":151,"column":8},"end":{"line":151,"column":null}},"82":{"start":{"line":151,"column":42},"end":{"line":151,"column":67}},"83":{"start":{"line":154,"column":4},"end":{"line":171,"column":null}}},"fnMap":{"0":{"name":"useTimeEntries","decl":{"start":{"line":23,"column":16},"end":{"line":23,"column":31}},"loc":{"start":{"line":23,"column":68},"end":{"line":172,"column":null}},"line":23},"1":{"name":"(anonymous_1)","decl":{"start":{"line":33,"column":36},"end":{"line":33,"column":42}},"loc":{"start":{"line":33,"column":42},"end":{"line":58,"column":7}},"line":33},"2":{"name":"(anonymous_2)","decl":{"start":{"line":42,"column":39},"end":{"line":42,"column":44}},"loc":{"start":{"line":42,"column":44},"end":{"line":42,"column":71}},"line":42},"3":{"name":"(anonymous_3)","decl":{"start":{"line":46,"column":39},"end":{"line":46,"column":44}},"loc":{"start":{"line":46,"column":44},"end":{"line":46,"column":73}},"line":46},"4":{"name":"(anonymous_4)","decl":{"start":{"line":50,"column":39},"end":{"line":50,"column":44}},"loc":{"start":{"line":50,"column":44},"end":{"line":50,"column":71}},"line":50},"5":{"name":"(anonymous_5)","decl":{"start":{"line":54,"column":22},"end":{"line":54,"column":23}},"loc":{"start":{"line":54,"column":32},"end":{"line":54,"column":49}},"line":54},"6":{"name":"(anonymous_6)","decl":{"start":{"line":61,"column":14},"end":{"line":61,"column":20}},"loc":{"start":{"line":61,"column":20},"end":{"line":71,"column":7}},"line":61},"7":{"name":"(anonymous_7)","decl":{"start":{"line":67,"column":24},"end":{"line":67,"column":30}},"loc":{"start":{"line":67,"column":30},"end":{"line":67,"column":null}},"line":67},"8":{"name":"(anonymous_8)","decl":{"start":{"line":70,"column":15},"end":{"line":70,"column":21}},"loc":{"start":{"line":70,"column":21},"end":{"line":70,"column":null}},"line":70},"9":{"name":"(anonymous_9)","decl":{"start":{"line":74,"column":14},"end":{"line":74,"column":20}},"loc":{"start":{"line":74,"column":20},"end":{"line":85,"column":7}},"line":74},"10":{"name":"(anonymous_10)","decl":{"start":{"line":88,"column":33},"end":{"line":88,"column":40}},"loc":{"start":{"line":88,"column":57},"end":{"line":104,"column":7}},"line":88},"11":{"name":"(anonymous_11)","decl":{"start":{"line":91,"column":24},"end":{"line":91,"column":32}},"loc":{"start":{"line":91,"column":32},"end":{"line":91,"column":55}},"line":91},"12":{"name":"(anonymous_12)","decl":{"start":{"line":95,"column":27},"end":{"line":95,"column":35}},"loc":{"start":{"line":95,"column":35},"end":{"line":95,"column":58}},"line":95},"13":{"name":"(anonymous_13)","decl":{"start":{"line":98,"column":28},"end":{"line":98,"column":36}},"loc":{"start":{"line":98,"column":36},"end":{"line":102,"column":13}},"line":98},"14":{"name":"(anonymous_14)","decl":{"start":{"line":107,"column":36},"end":{"line":107,"column":37}},"loc":{"start":{"line":107,"column":80},"end":{"line":116,"column":7}},"line":107},"15":{"name":"(anonymous_15)","decl":{"start":{"line":118,"column":36},"end":{"line":118,"column":37}},"loc":{"start":{"line":118,"column":104},"end":{"line":132,"column":7}},"line":118},"16":{"name":"(anonymous_16)","decl":{"start":{"line":134,"column":36},"end":{"line":134,"column":37}},"loc":{"start":{"line":134,"column":61},"end":{"line":137,"column":7}},"line":134},"17":{"name":"(anonymous_17)","decl":{"start":{"line":140,"column":42},"end":{"line":140,"column":43}},"loc":{"start":{"line":140,"column":75},"end":{"line":142,"column":7}},"line":140},"18":{"name":"(anonymous_18)","decl":{"start":{"line":141,"column":30},"end":{"line":141,"column":35}},"loc":{"start":{"line":141,"column":35},"end":{"line":141,"column":54}},"line":141},"19":{"name":"(anonymous_19)","decl":{"start":{"line":145,"column":44},"end":{"line":145,"column":45}},"loc":{"start":{"line":145,"column":72},"end":{"line":147,"column":7}},"line":145},"20":{"name":"(anonymous_20)","decl":{"start":{"line":146,"column":48},"end":{"line":146,"column":49}},"loc":{"start":{"line":146,"column":60},"end":{"line":146,"column":85}},"line":146},"21":{"name":"(anonymous_21)","decl":{"start":{"line":150,"column":30},"end":{"line":150,"column":36}},"loc":{"start":{"line":150,"column":36},"end":{"line":152,"column":7}},"line":150},"22":{"name":"(anonymous_22)","decl":{"start":{"line":151,"column":30},"end":{"line":151,"column":31}},"loc":{"start":{"line":151,"column":42},"end":{"line":151,"column":67}},"line":151}},"branchMap":{"0":{"loc":{"start":{"line":23,"column":31},"end":{"line":23,"column":68}},"type":"default-arg","locations":[{"start":{"line":23,"column":64},"end":{"line":23,"column":68}}],"line":23},"1":{"loc":{"start":{"line":34,"column":8},"end":{"line":34,"column":null}},"type":"if","locations":[{"start":{"line":34,"column":8},"end":{"line":34,"column":null}},{"start":{},"end":{}}],"line":34},"2":{"loc":{"start":{"line":41,"column":8},"end":{"line":43,"column":null}},"type":"if","locations":[{"start":{"line":41,"column":8},"end":{"line":43,"column":null}},{"start":{},"end":{}}],"line":41},"3":{"loc":{"start":{"line":45,"column":8},"end":{"line":47,"column":null}},"type":"if","locations":[{"start":{"line":45,"column":8},"end":{"line":47,"column":null}},{"start":{},"end":{}}],"line":45},"4":{"loc":{"start":{"line":49,"column":8},"end":{"line":51,"column":null}},"type":"if","locations":[{"start":{"line":49,"column":8},"end":{"line":51,"column":null}},{"start":{},"end":{}}],"line":49},"5":{"loc":{"start":{"line":62,"column":8},"end":{"line":62,"column":null}},"type":"if","locations":[{"start":{"line":62,"column":8},"end":{"line":62,"column":null}},{"start":{},"end":{}}],"line":62},"6":{"loc":{"start":{"line":75,"column":8},"end":{"line":75,"column":null}},"type":"if","locations":[{"start":{"line":75,"column":8},"end":{"line":75,"column":null}},{"start":{},"end":{}}],"line":75},"7":{"loc":{"start":{"line":75,"column":12},"end":{"line":75,"column":90}},"type":"binary-expr","locations":[{"start":{"line":75,"column":12},"end":{"line":75,"column":24}},{"start":{"line":75,"column":24},"end":{"line":75,"column":59}},{"start":{"line":75,"column":59},"end":{"line":75,"column":90}}],"line":75},"8":{"loc":{"start":{"line":81,"column":12},"end":{"line":83,"column":null}},"type":"if","locations":[{"start":{"line":81,"column":12},"end":{"line":83,"column":null}},{"start":{},"end":{}}],"line":81},"9":{"loc":{"start":{"line":81,"column":16},"end":{"line":81,"column":96}},"type":"binary-expr","locations":[{"start":{"line":81,"column":16},"end":{"line":81,"column":45}},{"start":{"line":81,"column":45},"end":{"line":81,"column":72}},{"start":{"line":81,"column":72},"end":{"line":81,"column":96}}],"line":81},"10":{"loc":{"start":{"line":89,"column":8},"end":{"line":89,"column":null}},"type":"if","locations":[{"start":{"line":89,"column":8},"end":{"line":89,"column":null}},{"start":{},"end":{}}],"line":89},"11":{"loc":{"start":{"line":89,"column":12},"end":{"line":89,"column":61}},"type":"binary-expr","locations":[{"start":{"line":89,"column":12},"end":{"line":89,"column":38}},{"start":{"line":89,"column":38},"end":{"line":89,"column":61}}],"line":89},"12":{"loc":{"start":{"line":108,"column":8},"end":{"line":108,"column":null}},"type":"if","locations":[{"start":{"line":108,"column":8},"end":{"line":108,"column":null}},{"start":{},"end":{}}],"line":108},"13":{"loc":{"start":{"line":119,"column":8},"end":{"line":119,"column":null}},"type":"if","locations":[{"start":{"line":119,"column":8},"end":{"line":119,"column":null}},{"start":{},"end":{}}],"line":119},"14":{"loc":{"start":{"line":123,"column":8},"end":{"line":127,"column":null}},"type":"if","locations":[{"start":{"line":123,"column":8},"end":{"line":127,"column":null}},{"start":{},"end":{}}],"line":123},"15":{"loc":{"start":{"line":135,"column":8},"end":{"line":135,"column":null}},"type":"if","locations":[{"start":{"line":135,"column":8},"end":{"line":135,"column":null}},{"start":{},"end":{}}],"line":135}},"s":{"0":4,"1":4,"2":4,"3":4,"4":4,"5":4,"6":5,"7":0,"8":5,"9":5,"10":5,"11":0,"12":0,"13":5,"14":5,"15":12,"16":5,"17":5,"18":12,"19":5,"20":7,"21":5,"22":5,"23":4,"24":1,"25":0,"26":1,"27":1,"28":3,"29":1,"30":1,"31":1,"32":4,"33":3,"34":0,"35":3,"36":3,"37":3,"38":3,"39":3,"40":1,"41":4,"42":2,"43":1,"44":1,"45":1,"46":1,"47":1,"48":1,"49":1,"50":1,"51":1,"52":1,"53":1,"54":1,"55":4,"56":1,"57":0,"58":1,"59":1,"60":1,"61":4,"62":1,"63":0,"64":1,"65":1,"66":1,"67":1,"68":1,"69":0,"70":4,"71":1,"72":0,"73":1,"74":4,"75":2,"76":4,"77":4,"78":1,"79":1,"80":4,"81":4,"82":6,"83":4},"f":{"0":4,"1":5,"2":0,"3":12,"4":12,"5":7,"6":1,"7":3,"8":1,"9":3,"10":2,"11":1,"12":1,"13":1,"14":1,"15":1,"16":1,"17":2,"18":4,"19":1,"20":1,"21":4,"22":6},"b":{"0":[4],"1":[0,5],"2":[0,5],"3":[5,0],"4":[5,0],"5":[0,1],"6":[0,3],"7":[3,3,3],"8":[1,2],"9":[3,3,2],"10":[1,1],"11":[2,2],"12":[0,1],"13":[0,1],"14":[1,0],"15":[0,1]},"meta":{"lastBranch":16,"lastFunction":23,"lastStatement":84,"seen":{"f:23:16:23:31":0,"b:23:64:23:68":0,"s:24:66:24:Infinity":0,"s:27:30:27:Infinity":1,"s:28:34:28:Infinity":2,"s:29:40:29:Infinity":3,"s:30:38:30:Infinity":4,"s:33:10:58:Infinity":5,"f:33:36:33:42":1,"b:34:8:34:Infinity
[...]
":52,"column":28},"end":{"line":52,"column":46}},"25":{"start":{"line":53,"column":29},"end":{"line":53,"column":77}},"26":{"start":{"line":55,"column":4},"end":{"line":55,"column":null}},"27":{"start":{"line":59,"column":30},"end":{"line":59,"column":null}},"28":{"start":{"line":61,"column":32},"end":{"line":75,"column":null}},"29":{"start":{"line":63,"column":20},"end":{"line":63,"column":null}},"30":{"start":{"line":65,"column":4},"end":{"line":68,"column":null}},"31":{"start":{"line":67,"column":8},"end":{"line":67,"column":null}},"32":{"start":{"line":70,"column":19},"end":{"line":70,"column":null}},"33":{"start":{"line":71,"column":23},"end":{"line":71,"column":null}},"34":{"start":{"line":72,"column":22},"end":{"line":72,"column":null}},"35":{"start":{"line":74,"column":4},"end":{"line":74,"column":null}},"36":{"start":{"line":74,"column":33},"end":{"line":74,"column":67}}},"fnMap":{"0":{"name":"(anonymous_0)","decl":{"start":{"line":8,"column":14},"end":{"line":8,"column":20}},"loc":{"start":{"line":8,"column":20},"end":{"line":20,"column":null}},"line":8},"1":{"name":"(anonymous_1)","decl":{"start":{"line":12,"column":8},"end":{"line":12,"column":16}},"loc":{"start":{"line":12,"column":20},"end":{"line":18,"column":null}},"line":12},"2":{"name":"(anonymous_2)","decl":{"start":{"line":22,"column":27},"end":{"line":22,"column":56}},"loc":{"start":{"line":22,"column":56},"end":{"line":36,"column":null}},"line":22},"3":{"name":"(anonymous_3)","decl":{"start":{"line":38,"column":24},"end":{"line":38,"column":25}},"loc":{"start":{"line":38,"column":79},"end":{"line":56,"column":null}},"line":38},"4":{"name":"(anonymous_4)","decl":{"start":{"line":47,"column":29},"end":{"line":47,"column":34}},"loc":{"start":{"line":47,"column":34},"end":{"line":47,"column":52}},"line":47},"5":{"name":"(anonymous_5)","decl":{"start":{"line":51,"column":16},"end":{"line":51,"column":17}},"loc":{"start":{"line":51,"column":27},"end":{"line":51,"column":49}},"line":51},"6":{"name":"(anonymous_6)","decl":{"start":{"line":52,"column":14},"end":{"line":52,"column":15}},"loc":{"start":{"line":52,"column":28},"end":{"line":52,"column":46}},"line":52},"7":{"name":"(anonymous_7)","decl":{"start":{"line":53,"column":13},"end":{"line":53,"column":14}},"loc":{"start":{"line":53,"column":29},"end":{"line":53,"column":77}},"line":53},"8":{"name":"(anonymous_8)","decl":{"start":{"line":61,"column":32},"end":{"line":61,"column":39}},"loc":{"start":{"line":61,"column":74},"end":{"line":75,"column":null}},"line":61},"9":{"name":"(anonymous_9)","decl":{"start":{"line":74,"column":25},"end":{"line":74,"column":33}},"loc":{"start":{"line":74,"column":33},"end":{"line":74,"column":67}},"line":74}},"branchMap":{"0":{"loc":{"start":{"line":14,"column":12},"end":{"line":17,"column":null}},"type":"if","locations":[{"start":{"line":14,"column":12},"end":{"line":17,"column":null}},{"start":{},"end":{}}],"line":14},"1":{"loc":{"start":{"line":27,"column":4},"end":{"line":30,"column":null}},"type":"if","locations":[{"start":{"line":27,"column":4},"end":{"line":30,"column":null}},{"start":{},"end":{}}],"line":27},"2":{"loc":{"start":{"line":40,"column":4},"end":{"line":43,"column":null}},"type":"if","locations":[{"start":{"line":40,"column":4},"end":{"line":43,"column":null}},{"start":{},"end":{}}],"line":40},"3":{"loc":{"start":{"line":40,"column":8},"end":{"line":40,"column":53}},"type":"binary-expr","locations":[{"start":{"line":40,"column":8},"end":{"line":40,"column":26}},{"start":{"line":40,"column":26},"end":{"line":40,"column":53}}],"line":40},"4":{"loc":{"start":{"line":45,"column":4},"end":{"line":48,"column":null}},"type":"if","locations":[{"start":{"line":45,"column":4},"end":{"line":48,"column":null}},{"start":{},"end":{}}],"line":45},"5":{"loc":{"start":{"line":65,"column":4},"end":{"line":68,"column":null}},"type":"if","locations":[{"start":{"line":65,"column":4},"end":{"line":68,"column":null}},{"start":{},"end":{}}],"line":65}},"s":{"0":1,"1":1,"2":1,"3":1,"4":1,"5":2,"6":0,"7":0,"8":1,"9":2,"10":2,"11":2,"12":1,"13":1,"14":1,"15":1,"16":1,"17":54,"18":32,"19":22,"20":4,"21":12,"22":18,"23":32,"24":10,"25":26,"26":18,"27":1,"28":1,"29":16,"30":16,"31":0,"32":16,"33":16,"34":16,"35":16,"36":512},"f":{"0":2,"1":0,"2":2,"3":54,"4":12,"5":32,"6":10,"7":26,"8":16,"9":512},"b":{"0":[0,0],"1":[1,1],"2":[32,22],"3":[54,54],"4":[4,18],"5":[0,16]},"meta":{"lastBranch":6,"lastFunction":10,"lastStatement":37,"seen":{"s:3:16:3:Infinity":0,"s:4:19:4:Infinity":1,"s:5:19:5:Infinity":2,"s:6:22:6:Infinity":3,"s:8:14:20:Infinity":4,"f:8:14:8:20":0,"s:10:4:19:Infinity":5,"f:12:8:12:16":1,"b:14:12:17:Infinity:undefined:undefined:undefined:undefined":0,"s:14:12:17:Infinity":6,"s:16:16:16:Infinity":7,"s:22:27:36:Infinity":8,"f:22:27:22:56":2,"s:24:15:24:Infinity":9,"s:25:19:25:Infinity":10,"b:27:4:30:Infinity:undefined:undefined:undefined:undefined":1,"s:27:4:30:Infinity":11,"s:29:8:29:Infinity":12,"s:32:21:32:Infinity":13,"s:33:4:33:Infinity":14,"s:35:4:35:Infinity":15,"s:38:24:56:Infinity":16,"f:38:24:38:25":3,"b:40:4:43:Infinity:undefined:undefined:undefined:undefined":2,"s:40:4:43:Infinity":17,"b:40:8:40:26:40:26:40:53":3,"s:42:8:42:Infinity":18,"b:45:4:48:Infinity:undefined:undefined:undefined:undefined":4,"s:45:4:48:Infinity":19,"s:47:8:47:Infinity":20,"f:47:29:47:34":4,"s:47:34:47:52":21,"s:50:20:53:Infinity":22,"f:51:16:51:17":5,"s:51:27:51:49":23,"f:52:14:52:15":6,"s:52:28:52:46":24,"f:53:13:53:14":7,"s:53:29:53:77":25,"s:55:4:55:Infinity":26,"s:59:30:59:Infinity":27,"s:61:32:75:Infinity":28,"f:61:32:61:39":8,"s:63:20:63:Infinity":29,"b:65:4:68:Infinity:undefined:undefined:undefined:undefined":5,"s:65:4:68:Infinity":30,"s:67:8:67:Infinity":31,"s:70:19:70:Infinity":32,"s:71:23:71:Infinity":33,"s:72:22:72:Infinity":34,"s:74:4:74:Infinity":35,"f:74:25:74:33":9,"s:74:33:74:67":36}}}
,"/app/src/utils/taskUtils.ts": {"path":"/app/src/utils/taskUtils.ts","statementMap":{"0":{"start":{"line":18,"column":34},"end":{"line":26,"column":null}},"1":{"start":{"line":20,"column":23},"end":{"line":22,"column":null}},"2":{"start":{"line":21,"column":24},"end":{"line":21,"column":52}},"3":{"start":{"line":22,"column":21},"end":{"line":22,"column":28}},"4":{"start":{"line":25,"column":4},"end":{"line":25,"column":null}},"5":{"start":{"line":34,"column":27},"end":{"line":36,"column":null}},"6":{"start":{"line":35,"column":4},"end":{"line":35,"column":null}},"7":{"start":{"line":35,"column":33},"end":{"line":35,"column":61}},"8":{"start":{"line":44,"column":27},"end":{"line":46,"column":null}},"9":{"start":{"line":45,"column":4},"end":{"line":45,"column":null}},"10":{"start":{"line":45,"column":35},"end":{"line":45,"column":63}}},"fnMap":{"0":{"name":"(anonymous_0)","decl":{"start":{"line":18,"column":34},"end":{"line":18,"column":35}},"loc":{"start":{"line":18,"column":82},"end":{"line":26,"column":null}},"line":18},"1":{"name":"(anonymous_1)","decl":{"start":{"line":21,"column":16},"end":{"line":21,"column":24}},"loc":{"start":{"line":21,"column":24},"end":{"line":21,"column":52}},"line":21},"2":{"name":"(anonymous_2)","decl":{"start":{"line":22,"column":13},"end":{"line":22,"column":21}},"loc":{"start":{"line":22,"column":21},"end":{"line":22,"column":28}},"line":22},"3":{"name":"(anonymous_3)","decl":{"start":{"line":34,"column":27},"end":{"line":34,"column":28}},"loc":{"start":{"line":34,"column":74},"end":{"line":36,"column":null}},"line":34},"4":{"name":"(anonymous_4)","decl":{"start":{"line":35,"column":25},"end":{"line":35,"column":33}},"loc":{"start":{"line":35,"column":33},"end":{"line":35,"column":61}},"line":35},"5":{"name":"(anonymous_5)","decl":{"start":{"line":44,"column":27},"end":{"line":44,"column":28}},"loc":{"start":{"line":44,"column":73},"end":{"line":46,"column":null}},"line":44},"6":{"name":"(anonymous_6)","decl":{"start":{"line":45,"column":27},"end":{"line":45,"column":35}},"loc":{"start":{"line":45,"column":35},"end":{"line":45,"column":63}},"line":45}},"branchMap":{},"s":{"0":1,"1":3,"2":15,"3":4,"4":3,"5":1,"6":2,"7":7,"8":1,"9":2,"10":10},"f":{"0":3,"1":15,"2":4,"3":2,"4":7,"5":2,"6":10},"b":{},"meta":{"lastBranch":0,"lastFunction":7,"lastStatement":11,"seen":{"s:18:34:26:Infinity":0,"f:18:34:18:35":0,"s:20:23:22:Infinity":1,"f:21:16:21:24":1,"s:21:24:21:52":2,"f:22:13:22:21":2,"s:22:21:22:28":3,"s:25:4:25:Infinity":4,"s:34:27:36:Infinity":5,"f:34:27:34:28":3,"s:35:4:35:Infinity":6,"f:35:25:35:33":4,"s:35:33:35:61":7,"s:44:27:46:Infinity":8,"f:44:27:44:28":5,"s:45:4:45:Infinity":9,"f:45:27:45:35":6,"s:45:35:45:63":10}}}
,"/app/src/utils/timeValidationUtils.ts": {"path":"/app/src/utils/timeValidationUtils.ts","statementMap":{"0":{"start":{"line":33,"column":32},"end":{"line":74,"column":null}},"1":{"start":{"line":42,"column":25},"end":{"line":42,"column":null}},"2":{"start":{"line":42,"column":49},"end":{"line":42,"column":77}},"3":{"start":{"line":43,"column":27},"end":{"line":43,"column":null}},"4":{"start":{"line":43,"column":52},"end":{"line":43,"column":59}},"5":{"start":{"line":46,"column":31},"end":{"line":53,"column":null}},"6":{"start":{"line":47,"column":8},"end":{"line":52,"column":null}},"7":{"start":{"line":56,"column":4},"end":{"line":71,"column":null}},"8":{"start":{"line":57,"column":27},"end":{"line":57,"column":null}},"9":{"start":{"line":58,"column":25},"end":{"line":58,"column":null}},"10":{"start":{"line":62,"column":8},"end":{"line":70,"column":null}},"11":{"start":{"line":63,"column":36},"end":{"line":63,"column":null}},"12":{"start":{"line":63,"column":58},"end":{"line":63,"column":82}},"13":{"start":{"line":64,"column":30},"end":{"line":64,"column":null}},"14":{"start":{"line":66,"column":12},"end":{"line":69,"column":null}},"15":{"start":{"line":73,"column":4},"end":{"line":73,"column":null}},"16":{"start":{"line":85,"column":38},"end":{"line":95,"column":null}},"17":{"start":{"line":94,"column":4},"end":{"line":94,"column":null}},"18":{"start":{"line":105,"column":42},"end":{"line":129,"column":null}},"19":{"start":{"line":112,"column":25},"end":{"line":112,"column":null}},"20":{"start":{"line":112,"column":49},"end":{"line":112,"column":77}},"21":{"start":{"line":113,"column":27},"end":{"line":113,"column":null}},"22":{"start":{"line":113,"column":52},"end":{"line":113,"column":59}},"23":{"start":{"line":116,"column":31},"end":{"line":121,"column":null}},"24":{"start":{"line":117,"column":8},"end":{"line":120,"column":null}},"25":{"start":{"line":123,"column":4},"end":{"line":125,"column":null}},"26":{"start":{"line":124,"column":8},"end":{"line":124,"column":null}},"27":{"start":{"line":128,"column":4},"end":{"line":128,"column":null}},"28":{"start":{"line":128,"column":55},"end":{"line":128,"column":74}},"29":{"start":{"line":139,"column":46},"end":{"line":163,"column":null}},"30":{"start":{"line":146,"column":25},"end":{"line":146,"column":null}},"31":{"start":{"line":146,"column":49},"end":{"line":146,"column":77}},"32":{"start":{"line":147,"column":27},"end":{"line":147,"column":null}},"33":{"start":{"line":147,"column":52},"end":{"line":147,"column":59}},"34":{"start":{"line":150,"column":31},"end":{"line":155,"column":null}},"35":{"start":{"line":151,"column":8},"end":{"line":154,"column":null}},"36":{"start":{"line":157,"column":4},"end":{"line":159,"column":null}},"37":{"start":{"line":158,"column":8},"end":{"line":158,"column":null}},"38":{"start":{"line":162,"column":4},"end":{"line":162,"column":null}},"39":{"start":{"line":162,"column":55},"end":{"line":162,"column":76}}},"fnMap":{"0":{"name":"(anonymous_0)","decl":{"start":{"line":33,"column":32},"end":{"line":33,"column":null}},"loc":{"start":{"line":40,"column":23},"end":{"line":74,"column":null}},"line":40},"1":{"name":"(anonymous_1)","decl":{"start":{"line":42,"column":41},"end":{"line":42,"column":49}},"loc":{"start":{"line":42,"column":49},"end":{"line":42,"column":77}},"line":42},"2":{"name":"(anonymous_2)","decl":{"start":{"line":43,"column":44},"end":{"line":43,"column":52}},"loc":{"start":{"line":43,"column":52},"end":{"line":43,"column":59}},"line":43},"3":{"name":"(anonymous_3)","decl":{"start":{"line":46,"column":53},"end":{"line":46,"column":null}},"loc":{"start":{"line":47,"column":8},"end":{"line":52,"column":null}},"line":47},"4":{"name":"(anonymous_4)","decl":{"start":{"line":63,"column":50},"end":{"line":63,"column":58}},"loc":{"start":{"line":63,"column":58},"end":{"line":63,"column":82}},"line":63},"5":{"name":"(anonymous_5)","decl":{"start":{"line":85,"column":38},"end":{"line":85,"column":null}},"loc":{"start":{"line":91,"column":23},"end":{"line":95,"column":null}},"line":91},"6":{"name":"(anonymous_6)","decl":{"start":{"line":105,"column":42},"end":{"line":105,"column":null}},"loc":{"start":{"line":110,"column":20},"end":{"line":129,"column":null}},"line":110},"7":{"name":"(anonymous_7)","decl":{"start":{"line":112,"column":41},"end":{"line":112,"column":49}},"loc":{"start":{"line":112,"column":49},"end":{"line":112,"column":77}},"line":112},"8":{"name":"(anonymous_8)","decl":{"start":{"line":113,"column":44},"end":{"line":113,"column":52}},"loc":{"start":{"line":113,"column":52},"end":{"line":113,"column":59}},"line":113},"9":{"name":"(anonymous_9)","decl":{"start":{"line":116,"column":53},"end":{"line":116,"column":null}},"loc":{"start":{"line":117,"column":8},"end":{"line":120,"column":null}},"line":117},"10":{"name":"(anonymous_10)","decl":{"start":{"line":128,"column":46},"end":{"line":128,"column":55}},"loc":{"start":{"line":128,"column":55},"end":{"line":128,"column":74}},"line":128},"11":{"name":"(anonymous_11)","decl":{"start":{"line":139,"column":46},"end":{"line":139,"column":null}},"loc":{"start":{"line":144,"column":20},"end":{"line":163,"column":null}},"line":144},"12":{"name":"(anonymous_12)","decl":{"start":{"line":146,"column":41},"end":{"line":146,"column":49}},"loc":{"start":{"line":146,"column":49},"end":{"line":146,"column":77}},"line":146},"13":{"name":"(anonymous_13)","decl":{"start":{"line":147,"column":44},"end":{"line":147,"column":52}},"loc":{"start":{"line":147,"column":52},"end":{"line":147,"column":59}},"line":147},"14":{"name":"(anonymous_14)","decl":{"start":{"line":150,"column":53},"end":{"line":150,"column":null}},"loc":{"start":{"line":151,"column":8},"end":{"line":154,"column":null}},"line":151},"15":{"name":"(anonymous_15)","decl":{"start":{"line":162,"column":46},"end":{"line":162,"column":55}},"loc":{"start":{"line":162,"column":55},"end":{"line":162,"column":76}},"line":162}},"branchMap":{"0":{"loc":{"start":{"line":39,"column":4},"end":{"line":39,"column":null}},"type":"default-arg","locations":[{"start":{"line":39,"column":36},"end":{"line":39,"column":null}}],"line":39},"1":{"loc":{"start":{"line":47,"column":8},"end":{"line":52,"column":null}},"type":"binary-expr","locations":[{"start":{"line":47,"column":8},"end":{"line":47,"column":null}},{"start":{"line":48,"column":8},"end":{"line":48,"column":null}},{"start":{"line":49,"column":8},"end":{"line":49,"column":null}},{"start":{"line":50,"column":8},"end":{"line":50,"column":null}},{"start":{"line":51,"column":8},"end":{"line":51,"column":null}},{"start":{"line":52,"column":8},"end":{"line":52,"column":null}}],"line":47},"2":{"loc":{"start":{"line":62,"column":8},"end":{"line":70,"column":null}},"type":"if","locations":[{"start":{"line":62,"column":8},"end":{"line":70,"column":null}},{"start":{},"end":{}}],"line":62},"3":{"loc":{"start":{"line":62,"column":12},"end":{"line":62,"column":58}},"type":"binary-expr","locations":[{"start":{"line":62,"column":12},"end":{"line":62,"column":36}},{"start":{"line":62,"column":36},"end":{"line":62,"column":58}}],"line":62},"4":{"loc":{"start":{"line":64,"column":30},"end":{"line":64,"column":null}},"type":"cond-expr","locations":[{"start":{"line":64,"column":48},"end":{"line":64,"column":72}},{"start":{"line":64,"column":72},"end":{"line":64,"column":null}}],"line":64},"5":{"loc":{"start":{"line":109,"column":4},"end":{"line":109,"column":null}},"type":"default-arg","locations":[{"start":{"line":109,"column":36},"end":{"line":109,"column":null}}],"line":109},"6":{"loc":{"start":{"line":117,"column":8},"end":{"line":120,"column":null}},"type":"binary-expr","locations":[{"start":{"line":117,"column":8},"end":{"line":117,"column":null}},{"start":{"line":118,"column":8},"end":{"line":118,"column":null}},{"start":{"line":119,"column":8},"end":{"line":119,"column":null}},{"start":{"line":120,"column":8},"end":{"line":120,"column":null}}],"line":117},"7":{"loc":{"start":{"line":123,"column":4},"end":{"line":125,"column":null}},"type":"if","locations":[{"start":{"line":123,"column":4},"end":{"line":125,"column":null}},{"start":{},"end":{}}],"line":123},"8":{"loc":{"start":{"line":143,"column":4},"end":{"line":143,"column":null}},"type":"default-arg","locations":[{"start":{"line":143,"column":36},"end":{"line":143,"column":null}}],"line":143},"9":{"loc":{"start":{"line":151,"column":8},"end":{"line":154,"column":null}},"type":"binary-expr","locations":[{"start":{"line":151,"column":8},"end":{"line":151,"column":null}},{"start":{"line":152,"column":8},"end":{"line":152,"column":null}},{"start":{"line":153,"column":8},"end":{"line":153,"column":null}},{"start":{"line":154,"column":8},"end":{"line":154,"column":null}}],"line":151},"10":{"loc":{"start":{"line":157,"column":4},"end":{"line":159,"column":null}},"type":"if","locations":[{"start":{"line":157,"column":4},"end":{"line":159,"column":null}},{"start":{},"end":{}}],"line":157}},"s":{"0":6,"1":10,"2":22,"3":10,"4":16,"5":10,"6":7,"7":10,"8":4,"9":4,"10":4,"11":2,"12":2,"13":2,"14":2,"15":8,"16":6,"17":1,"18":6,"19":3,"20":9,"21":3,"22":6,"23":3,"24":4,"25":3,"26":1,"27":2,"28":3,"29":6,"30":2,"31":6,"32":2,"33":4,"34":2,"35":2,"36":2,"37":1,"38":1,"39":2},"f":{"0":10,"1":22,"2":16,"3":7,"4":2,"5":1,"6":3,"7":9,"8":6,"9":4,"10":3,"11":2,"12":6,"13":4,"14":2,"15":2},"b":{"0":[10],"1":[7,6,4,4,4,4],"2":[2,2],"3":[4,2],"4":[2,0],"5":[3],"6":[4,4,3,3],"7":[1,2],"8":[2],"9":[2,2,2,2],"10":[1,1]},"meta":{"lastBranch":11,"lastFunction":16,"lastStatement":40,"seen":{"s:33:32:74:Infinity":0,"f:33:32:33:Infinity":0,"b:39:36:39:Infinity":0,"s:42:25:42:Infinity":1,"f:42:41:42:49":1,"s:42:49:42:77":2,"s:43:27:43:Infinity":3,"f:43:44:43:52":2,"s:43:52:43:59":4,"s:46:31:53:Infinity":5,"f:46:53:46:Infinity":3,"s:47:8:52:Infinity":6,"b:47:8:47:Infinity:48:8:48:Infinity:49:8:49:Infinity:50:8:50:Infinity:51:8:51:Infinity:52:8:52:Infinity":1,"s:56:4:71:Infinity":7,"s:57:27:57:Infinity":8,"s:58:25:58:Infinity":9,"b:62:8:70:Infinity:undefined:undefined:undefined:undefined":2,"s:62:8:70:Infinity":10,"b:62:12:62:36:62:36:62:58":3,"s:63:36:63:Infinity":11,"f:63:50:63:58":4,"s:63:58:63:82":12,"s:64:30:64:Infinity":13,"b:64:48:64:72:64:72:64:Infinity":4,"s:66:12:69:Infinity":14,"s:73:4:73:Infinity":15,"s:85:38:95:Infinity":16,"f:85:38:85:Infinity":5,"s:94:4:94:Infinity":17,"s:105:42:129:Infinity":18,"f:105:42:105:Infinity":6,"b:109:36:109:Infinity":5,"s:112:25:112:Infinity":19,"f:112:41:112:49":7,"s:112:49:112:77":20,"s:113:27:113:Infinity":21,"f:113:44:113:52":8,"s:113:52:113:59":22,"s:116:31:121:Infinity":23,"f:116:53:116:Infinity":9,"s:117:8:120:Infinity":24,"b:117:8:117:Infinity:118:8:118:Infinity:119:8:119:Infinity:120:8:120:Infinity":6,"b:123:4:125:Infinity:undefined:undefined:undefined:undefined":7,"s:123:4:125:Infinity":25,"s:124:8:124:Infinity":26,"s:128:4:128:Infinity":27,"f:128:46:128:55":10,"s:128:55:128:74":28,"s:139:46:163:Infinity":29,"f:139:46:139:Infinity":11,"b:143:36:143:Infinity":8,"s:146:25:146:Infinity":30,"f:146:41:146:49":12,"s:146:49:146:77":31,"s:147:27:147:Infinity":32,"f:147:44:147:52":13,"s:147:52:147:59":33,"s:150:31:155:Infinity":34,"f:150:53:150:Infinity":14,"s:151:8:154:Infinity":35,"b:151:8:151:Infinity:152:8:152:Infinity:153:8:153:Infinity:154:8:154:Infinity":9,"b:157:4:159:Infinity:undefined:undefined:undefined:undefined":10,"s:157:4:159:Infinity":36,"s:158:8:158:Infinity":37,"s:162:4:162:Infinity":38,"f:162:46:162:55":15,"s:162:55:162:76":39}}}
}
